[+] Containers:
 |- [+] Container: /Game/Level/Basic
 |   |- [+] ActorDescs:
 |   |   |- Guid:03920DF94EEFC9F86CC66185D32A3DA1 BaseClass: NativeClass:/Script/Engine.StaticMeshActor Name:StaticMeshActor_UAID_A4AE111137DC54FB00_1240666663 Label:SM_SkySphere SpatiallyLoaded:0 Bounds:IsValid=true, Min=(X=-1638400.000 Y=-1638400.000 Z=-1638400.000), Max=(X=1638400.000 Y=1638400.000 Z=1638400.000) RuntimeGrid:None EditorOnly:0 RuntimeOnly:0 HLODRelevant:0 FolderPath:Lighting FolderGuid:B7E9BD5B45A652654791988DEF54CCEB
 |   |   |- Guid:0550E94B443D34A7B2695084EF73CA8E BaseClass: NativeClass:/Script/Landscape.LandscapeStreamingProxy Name:LandscapeStreamingProxy_D7T4VF4LBP34PHV9XOEVM5TIG_1_7_5_0 Label:LandscapeStreamingProxy_7_5_0 SpatiallyLoaded:1 Bounds:IsValid=true, Min=(X=75600.000 Y=25200.000 Z=-5410.938), Max=(X=100800.000 Y=50400.000 Z=8880.469) RuntimeGrid:None EditorOnly:0 RuntimeOnly:0 HLODRelevant:1
 |   |   |- Guid:0FABDB0D463B4DDB8499A5B222155B9D BaseClass:/Game/Level/Animal_AI/BP_Roster.BP_Roster_C NativeClass:/Script/Engine.Character Name:BP_Roster_C_UAID_98BB1E1C38289FF501_1163702863 Label:BP_Roster SpatiallyLoaded:1 Bounds:IsValid=true, Min=(X=-6089.104 Y=18939.403 Z=-76.194), Max=(X=-5833.104 Y=19195.403 Z=179.806) RuntimeGrid:None EditorOnly:0 RuntimeOnly:0 HLODRelevant:0
 |   |   |- Guid:146D3E3040BAFC1FB8BF4ABC272DA94F BaseClass: NativeClass:/Script/Landscape.LandscapeStreamingProxy Name:LandscapeStreamingProxy_D7T4VF4LBP34PHV9XOEVM5TIG_1_5_2_0 Label:LandscapeStreamingProxy_5_2_0 SpatiallyLoaded:1 Bounds:IsValid=true, Min=(X=25200.000 Y=-50400.000 Z=0.781), Max=(X=50400.000 Y=-25200.000 Z=6920.312) RuntimeGrid:None EditorOnly:0 RuntimeOnly:0 HLODRelevant:1
 |   |   |- Guid:19801F82411A317A2E2E72A0F67A6DE6 BaseClass:/Game/Level/Pet/BP_Pet.BP_Pet_C NativeClass:/Script/Engine.Character Name:BP_Pet_C_UAID_98BB1E1C382802F401_1345303175 Label:BP_Pet SpatiallyLoaded:1 Bounds:IsValid=true, Min=(X=-5168.272 Y=18886.752 Z=46.718), Max=(X=-5021.568 Y=18954.752 Z=222.718) RuntimeGrid:None EditorOnly:0 RuntimeOnly:0 HLODRelevant:0
 |   |   |- Guid:1D3D26F04B6DC10BEFB5B69E5CF914C8 BaseClass: NativeClass:/Script/Engine.VolumetricCloud Name:VolumetricCloud_UAID_A85E45CFE40401D200_1470381760 Label:VolumetricCloud SpatiallyLoaded:0 Bounds:IsValid=true, Min=(X=0.000 Y=0.000 Z=0.000), Max=(X=0.000 Y=0.000 Z=0.000) RuntimeGrid:None EditorOnly:0 RuntimeOnly:0 HLODRelevant:0 FolderPath:Lighting FolderGuid:B7E9BD5B45A652654791988DEF54CCEB
 |   |   |- Guid:1DE8D7AC4103A2EABA11649C7FCF8ACA BaseClass: NativeClass:/Script/Engine.SkyLight Name:SkyLight_UAID_A85E45CFE40401D200_1470380759 Label:SkyLight SpatiallyLoaded:0 Bounds:IsValid=true, Min=(X=0.000 Y=0.000 Z=0.000), Max=(X=0.000 Y=0.000 Z=0.000) RuntimeGrid:None EditorOnly:0 RuntimeOnly:0 HLODRelevant:0 FolderPath:Lighting FolderGuid:B7E9BD5B45A652654791988DEF54CCEB
 |   |   |- Guid:1E7A6AD4437B2258C36CB490664720EA BaseClass: NativeClass:/Script/Landscape.LandscapeStreamingProxy Name:LandscapeStreamingProxy_D7T4VF4LBP34PHV9XOEVM5TIG_1_5_3_0 Label:LandscapeStreamingProxy_5_3_0 SpatiallyLoaded:1 Bounds:IsValid=true, Min=(X=25200.000 Y=-25200.000 Z=0.000), Max=(X=50400.000 Y=0.000 Z=3728.906) RuntimeGrid:None EditorOnly:0 RuntimeOnly:0 HLODRelevant:1
 |   |   |- Guid:1EE33D5B4B22F427AFEA6FB464E5D495 BaseClass: NativeClass:/Script/Engine.PlayerStart Name:PlayerStart_UAID_98BB1E1C382823F101_1966431817 Label:PlayerStart SpatiallyLoaded:0 Bounds:IsValid=true, Min=(X=-4946.255 Y=19100.213 Z=132.373), Max=(X=-4866.255 Y=19180.213 Z=316.373) RuntimeGrid:None EditorOnly:0 RuntimeOnly:0 HLODRelevant:0
 |   |   |- Guid:210BF81F49873A6ED7123C9F4BC7DF9A BaseClass:/Game/Level/Inventory/BP_PickUp.BP_PickUp_C NativeClass:/Script/Engine.Actor Name:BP_PickUp_C_UAID_98BB1E1C3828CBF601_1897413664 Label:BP_PickUp SpatiallyLoaded:1 Bounds:IsValid=true, Min=(X=-5725.701 Y=19599.299 Z=-40.701), Max=(X=-5344.299 Y=19980.701 Z=340.701) RuntimeGrid:None EditorOnly:0 RuntimeOnly:0 HLODRelevant:0
 |   |   |- Guid:218E3B124735712D7EF272B4FB8E7FF6 BaseClass: NativeClass:/Script/Landscape.Landscape Name:Landscape_UAID_A85E45CFE404FBD100_1221515703 Label:Landscape SpatiallyLoaded:0 Bounds:IsValid=true, Min=(X=-100800.000 Y=-100800.000 Z=100.000), Max=(X=-100800.000 Y=-100800.000 Z=100.000) RuntimeGrid:None EditorOnly:0 RuntimeOnly:0 HLODRelevant:0
 |   |   |- Guid:29AB47864A9D452E243E3D99E7A67FB5 BaseClass: NativeClass:/Script/Water.WaterBodyRiver Name:WaterBodyRiver_UAID_186024ADA68684F501_1722481112 Label:WaterBodyRiver SpatiallyLoaded:1 Bounds:IsValid=true, Min=(X=9527.520 Y=-7145.292 Z=-166.000), Max=(X=21305.277 Y=37363.040 Z=90.000) RuntimeGrid:None EditorOnly:0 RuntimeOnly:0 HLODRelevant:1
 |   |   |- Guid:2CE12F874AA39D020A0F4BA5739BD305 BaseClass: NativeClass:/Script/Engine.SkyAtmosphere Name:SkyAtmosphere_UAID_A85E45CFE40401D200_1470382762 Label:SkyAtmosphere SpatiallyLoaded:0 Bounds:IsValid=true, Min=(X=0.000 Y=0.000 Z=0.000), Max=(X=0.000 Y=0.000 Z=0.000) RuntimeGrid:None EditorOnly:0 RuntimeOnly:0 HLODRelevant:0 FolderPath:Lighting FolderGuid:B7E9BD5B45A652654791988DEF54CCEB
 |   |   |- Guid:2F9E60364E09CCE0AB402AB440B2ACD9 BaseClass: NativeClass:/Script/WaterEditor.WaterBrushManager Name:Landscape2_WaterBrushManager_0 Label:Landscape2_WaterBrushManager SpatiallyLoaded:0 Bounds:IsValid=true, Min=(X=-11530.000 Y=0.000 Z=1396.875), Max=(X=25200.000 Y=31520.000 Z=50000.000) RuntimeGrid:None EditorOnly:0 RuntimeOnly:0 HLODRelevant:0
 |   |   |- Guid:3067B09B4AF52EB25C2B0A86D0C2E5FD BaseClass: NativeClass:/Script/Engine.StaticMeshActor Name:StaticMeshActor_UAID_98BB1E1C382828F201_1509260752 Label:Cube2 SpatiallyLoaded:1 Bounds:IsValid=true, Min=(X=-8217.455 Y=14108.257 Z=86.568), Max=(X=-8117.455 Y=14208.257 Z=186.568) RuntimeGrid:None EditorOnly:0 RuntimeOnly:0 HLODRelevant:1
 |   |   |- Guid:31A5522843888425734F278F802A023B BaseClass: NativeClass:/Script/Landscape.LandscapeStreamingProxy Name:LandscapeStreamingProxy_D7T4VF4LBP34PHV9XOEVM5TIG_1_3_2_0 Label:LandscapeStreamingProxy_3_2_0 SpatiallyLoaded:1 Bounds:IsValid=true, Min=(X=-25200.000 Y=-50400.000 Z=-0.781), Max=(X=0.000 Y=-25200.000 Z=1993.750) RuntimeGrid:None EditorOnly:0 RuntimeOnly:0 HLODRelevant:1
 |   |   |- Guid:3505F72843A64AD7F6E87493088E3A0A BaseClass:/Game/Level/outliner/BP_Dizzy.BP_Dizzy_C NativeClass:/Script/Engine.Actor Name:BP_Dizzy_C_UAID_C8D3FFBB282931F601_1479872561 Label:BP_Dizzy SpatiallyLoaded:1 Bounds:IsValid=true, Min=(X=-4900.000 Y=21975.000 Z=539.000), Max=(X=-4900.000 Y=21975.000 Z=539.000) RuntimeGrid:None EditorOnly:0 RuntimeOnly:0 HLODRelevant:0
 |   |   |- Guid:3E25F0A8458FB2B2C4FDCCBEFBB79D7C BaseClass: NativeClass:/Script/Landscape.LandscapeStreamingProxy Name:LandscapeStreamingProxy_D7T4VF4LBP34PHV9XOEVM5TIG_1_7_6_0 Label:LandscapeStreamingProxy_7_6_0 SpatiallyLoaded:1 Bounds:IsValid=true, Min=(X=75600.000 Y=50400.000 Z=1889.062), Max=(X=100800.000 Y=75600.000 Z=14168.750) RuntimeGrid:None EditorOnly:0 RuntimeOnly:0 HLODRelevant:1
 |   |   |- Guid:3F36F6E343853B5EFB38DF82C9F47BC1 BaseClass: NativeClass:/Script/Landscape.LandscapeStreamingProxy Name:LandscapeStreamingProxy_D7T4VF4LBP34PHV9XOEVM5TIG_1_3_6_0 Label:LandscapeStreamingProxy_3_6_0 SpatiallyLoaded:1 Bounds:IsValid=true, Min=(X=-25200.000 Y=50400.000 Z=-23598.438), Max=(X=0.000 Y=75600.000 Z=5250.781) RuntimeGrid:None EditorOnly:0 RuntimeOnly:0 HLODRelevant:1
 |   |   |- Guid:4BB3F5FA432D0DC7A761038FC1F660F7 BaseClass: NativeClass:/Script/Engine.DirectionalLight Name:DirectionalLight_UAID_98BB1E1C382813ED01_1234164775 Label:NightLight SpatiallyLoaded:0 Bounds:IsValid=true, Min=(X=-4398046511104.000 Y=-4398046511104.000 Z=-4398046511104.000), Max=(X=4398046511104.000 Y=4398046511104.000 Z=4398046511104.000) RuntimeGrid:None EditorOnly:0 RuntimeOnly:0 HLODRelevant:0 FolderPath:Lighting FolderGuid:B7E9BD5B45A652654791988DEF54CCEB
 |   |   |- Guid:5368FABB47D6D9580DAECA8B0417BF92 BaseClass: NativeClass:/Script/Engine.WorldDataLayers Name:WorldDataLayers Label:WorldDataLayers-1 SpatiallyLoaded:0 Bounds:IsValid=true, Min=(X=0.000 Y=0.000 Z=0.000), Max=(X=0.000 Y=0.000 Z=0.000) RuntimeGrid:None EditorOnly:0 RuntimeOnly:0 HLODRelevant:0
 |   |   |- Guid:5739BA424840B34490B06383B78561B5 BaseClass:/Game/Level/Store/BP_Interact.BP_Interact_C NativeClass:/Script/Engine.Character Name:BP_Interact_C_UAID_98BB1E1C3828AAF301_1274139688 Label:BP_Interact2 SpatiallyLoaded:1 Bounds:IsValid=true, Min=(X=-5370.976 Y=19526.779 Z=105.992), Max=(X=-5061.113 Y=19764.112 Z=343.325) RuntimeGrid:None EditorOnly:0 RuntimeOnly:0 HLODRelevant:0
 |   |   |- Guid:593CAC3F498EBC64B9DE2A91D76CAB72 BaseClass: NativeClass:/Script/Landscape.Landscape Name:Landscape_UAID_98BB1E1C382827F101_1826299524 Label:Landscape2 SpatiallyLoaded:0 Bounds:IsValid=true, Min=(X=-24280.000 Y=18770.000 Z=-30.000), Max=(X=-24280.000 Y=18770.000 Z=-30.000) RuntimeGrid:None EditorOnly:0 RuntimeOnly:0 HLODRelevant:0
 |   |   |- Guid:5EFAB4BA4F6B7B299E7F5EA5316BA40E BaseClass: NativeClass:/Script/NavigationSystem.NavMeshBoundsVolume Name:NavMeshBoundsVolume_UAID_98BB1E1C382802F401_1670026176 Label:NavMeshBoundsVolume SpatiallyLoaded:0 Bounds:IsValid=true, Min=(X=-15869.503 Y=13580.553 Z=-2169.495), Max=(X=-3850.738 Y=23580.553 Z=1830.505) RuntimeGrid:None EditorOnly:0 RuntimeOnly:0 HLODRelevant:0
 |   |   |- Guid:619BF2E54DF21C4AF28863A720B3035C BaseClass:/Game/Level/Enemy_AI/BP_Enemy_Animal.BP_Enemy_Animal_C NativeClass:/Script/Engine.Character Name:BP_Enemy_Animal_C_UAID_98BB1E1C382866F701_1370494944 Label:BP_Enemy_Animal SpatiallyLoaded:1 Bounds:IsValid=true, Min=(X=-6859.849 Y=19186.699 Z=-33.553), Max=(X=-6768.904 Y=19254.699 Z=142.447) RuntimeGrid:None EditorOnly:0 RuntimeOnly:0 HLODRelevant:0
 |   |   |- Guid:69E666AF463C746637DD1FAC79906305 BaseClass: NativeClass:/Script/Engine.StaticMeshActor Name:StaticMeshActor_UAID_98BB1E1C38281BF301_1295432519 Label:Cube3 SpatiallyLoaded:1 Bounds:IsValid=true, Min=(X=-8217.455 Y=14205.196 Z=173.333), Max=(X=-8117.455 Y=14305.196 Z=273.333) RuntimeGrid:None EditorOnly:0 RuntimeOnly:0 HLODRelevant:1
 |   |   |- Guid:6D4B9525434B15824A04788D044A6921 BaseClass: NativeClass:/Script/NavigationSystem.RecastNavMesh Name:RecastNavMesh_UAID_98BB1E1C382802F401-Default Label:RecastNavMesh-Default SpatiallyLoaded:0 Bounds:IsValid=true, Min=(X=0.000 Y=0.000 Z=0.000), Max=(X=0.000 Y=0.000 Z=0.000) RuntimeGrid:None EditorOnly:0 RuntimeOnly:0 HLODRelevant:0
 |   |   |- Guid:6F0853324B06869EED2D33B40A0E86A2 BaseClass:/Game/Level/Store/BP_Interact.BP_Interact_C NativeClass:/Script/Engine.Character Name:BP_Interact_C_UAID_98BB1E1C382825F101_1185736170 Label:BP_Interact SpatiallyLoaded:1 Bounds:IsValid=true, Min=(X=-154.931 Y=-118.666 Z=-98.666), Max=(X=154.931 Y=118.666 Z=138.666) RuntimeGrid:None EditorOnly:0 RuntimeOnly:0 HLODRelevant:0
 |   |   |- Guid:707D0D104A1A6DBFBBD050AD016E1BA7 BaseClass: NativeClass:/Script/Landscape.LandscapeStreamingProxy Name:LandscapeStreamingProxy_D7T4VF4LBP34PHV9XOEVM5TIG_1_4_4_0 Label:LandscapeStreamingProxy_4_4_0 SpatiallyLoaded:1 Bounds:IsValid=true, Min=(X=0.000 Y=0.000 Z=-2612.500), Max=(X=25200.000 Y=25200.000 Z=2586.719) RuntimeGrid:None EditorOnly:0 RuntimeOnly:0 HLODRelevant:1
 |   |   |- Guid:716AFEBF495596ADFBDA239CE7744A2E BaseClass: NativeClass:/Script/Water.WaterBodyOcean Name:WaterBodyOcean_UAID_98BB1E1C38286BF201_1409669548 Label:WaterBodyOcean2 SpatiallyLoaded:0 Bounds:IsValid=true, Min=(X=-78831.209 Y=-60170.868 Z=-2000.001), Max=(X=69968.791 Y=88629.132 Z=-0.001) RuntimeGrid:None EditorOnly:0 RuntimeOnly:0 HLODRelevant:1
 |   |   |- Guid:7E8DF15942F955BCCAB7DB92DF810682 BaseClass: NativeClass:/Script/Landscape.LandscapeStreamingProxy Name:LandscapeStreamingProxy_D7T4VF4LBP34PHV9XOEVM5TIG_1_6_5_0 Label:LandscapeStreamingProxy_6_5_0 SpatiallyLoaded:1 Bounds:IsValid=true, Min=(X=50400.000 Y=25200.000 Z=-7413.281), Max=(X=75600.000 Y=50400.000 Z=8767.969) RuntimeGrid:None EditorOnly:0 RuntimeOnly:0 HLODRelevant:1
 |   |   |- Guid:7E9A08E649EDE854FAC6C784ED52EC52 BaseClass: NativeClass:/Script/Water.WaterZone Name:WaterZone_UAID_98BB1E1C38286BF201_1352707544 Label:WaterZone SpatiallyLoaded:0 Bounds:IsValid=true, Min=(X=-50400.000 Y=-75600.000 Z=-75600.000), Max=(X=100800.000 Y=75600.000 Z=75600.000) RuntimeGrid:None EditorOnly:0 RuntimeOnly:0 HLODRelevant:0
 |   |   |- Guid:82111EBA4245874D247823848B4F1385 BaseClass: NativeClass:/Script/Landscape.LandscapeStreamingProxy Name:LandscapeStreamingProxy_D7T4VF4LBP34PHV9XOEVM5TIG_1_4_3_0 Label:LandscapeStreamingProxy_4_3_0 SpatiallyLoaded:1 Bounds:IsValid=true, Min=(X=0.000 Y=-25200.000 Z=-1750.000), Max=(X=25200.000 Y=0.000 Z=3479.688) RuntimeGrid:None EditorOnly:0 RuntimeOnly:0 HLODRelevant:1
 |   |   |- Guid:8522C536487B78F2F037BD85F4A00BC3 BaseClass: NativeClass:/Script/Engine.StaticMeshActor Name:StaticMeshActor_UAID_98BB1E1C38281BF301_1425502521 Label:Cube5 SpatiallyLoaded:1 Bounds:IsValid=true, Min=(X=-8522.273 Y=14392.812 Z=270.667), Max=(X=-8126.040 Y=14799.152 Z=370.667) RuntimeGrid:None EditorOnly:0 RuntimeOnly:0 HLODRelevant:1
 |   |   |- Guid:87184C7F45B16AFDB24868B24172272E BaseClass: NativeClass:/Script/Landscape.LandscapeStreamingProxy Name:LandscapeStreamingProxy_D7T4VF4LBP34PHV9XOEVM5TIG_1_6_2_0 Label:LandscapeStreamingProxy_6_2_0 SpatiallyLoaded:1 Bounds:IsValid=true, Min=(X=50400.000 Y=-50400.000 Z=3310.156), Max=(X=75600.000 Y=-25200.000 Z=11691.406) RuntimeGrid:None EditorOnly:0 RuntimeOnly:0 HLODRelevant:1
 |   |   |- Guid:8F0C78FE4D46BC07F60A91A87475E7E8 BaseClass: NativeClass:/Script/Landscape.LandscapeStreamingProxy Name:LandscapeStreamingProxy_D7T4VF4LBP34PHV9XOEVM5TIG_1_4_1_0 Label:LandscapeStreamingProxy_4_1_0 SpatiallyLoaded:1 Bounds:IsValid=true, Min=(X=0.000 Y=-75600.000 Z=106.250), Max=(X=25200.000 Y=-50400.000 Z=6735.156) RuntimeGrid:None EditorOnly:0 RuntimeOnly:0 HLODRelevant:1
 |   |   |- Guid:928976534E4C1D2D72BFA394C51A9FFE BaseClass:/Game/Level/Inventory/BP_PickUp.BP_PickUp_C NativeClass:/Script/Engine.Actor Name:BP_PickUp_C_UAID_98BB1E1C3828D6F601_1857989599 Label:BP_PickUp2 SpatiallyLoaded:1 Bounds:IsValid=true, Min=(X=-5880.701 Y=19599.299 Z=-40.701), Max=(X=-5499.299 Y=19980.701 Z=340.701) RuntimeGrid:None EditorOnly:0 RuntimeOnly:0 HLODRelevant:0
 |   |   |- Guid:97690C6E43C915FD53BF6DB44F3D7B77 BaseClass: NativeClass:/Script/Water.WaterBodyLake Name:WaterBodyLake_UAID_98BB1E1C3828A9F301_1164767511 Label:WaterBodyLake SpatiallyLoaded:1 Bounds:IsValid=true, Min=(X=-5692.841 Y=18035.234 Z=-597.177), Max=(X=602.181 Y=24166.112 Z=52.823) RuntimeGrid:None EditorOnly:0 RuntimeOnly:0 HLODRelevant:1
 |   |   |- Guid:986A09ED4961A78E34EE1981B2281B28 BaseClass: NativeClass:/Script/Landscape.LandscapeStreamingProxy Name:LandscapeStreamingProxy_D7T4VF4LBP34PHV9XOEVM5TIG_1_6_4_0 Label:LandscapeStreamingProxy_6_4_0 SpatiallyLoaded:1 Bounds:IsValid=true, Min=(X=50400.000 Y=0.000 Z=-853.906), Max=(X=75600.000 Y=25200.000 Z=7369.531) RuntimeGrid:None EditorOnly:0 RuntimeOnly:0 HLODRelevant:1
 |   |   |- Guid:9AA48BD04CB873661E75B0973B2BF04A BaseClass: NativeClass:/Script/Landscape.LandscapeStreamingProxy Name:LandscapeStreamingProxy_D7T4VF4LBP34PHV9XOEVM5TIG_1_3_5_0 Label:LandscapeStreamingProxy_3_5_0 SpatiallyLoaded:1 Bounds:IsValid=true, Min=(X=-25200.000 Y=25200.000 Z=-15689.062), Max=(X=0.000 Y=50400.000 Z=2012.500) RuntimeGrid:None EditorOnly:0 RuntimeOnly:0 HLODRelevant:1
 |   |   |- Guid:9CBBDFD8486812AAE8770CB093DB7460 BaseClass: NativeClass:/Script/Landscape.LandscapeStreamingProxy Name:LandscapeStreamingProxy_D7T4VF4LBP34PHV9XOEVM5TIG_1_3_4_0 Label:LandscapeStreamingProxy_3_4_0 SpatiallyLoaded:1 Bounds:IsValid=true, Min=(X=-25200.000 Y=0.000 Z=-1949.219), Max=(X=0.000 Y=25200.000 Z=3889.844) RuntimeGrid:None EditorOnly:0 RuntimeOnly:0 HLODRelevant:1
 |   |   |- Guid:9F1FD8B14EFA2FFE8955F0893F732321 BaseClass: NativeClass:/Script/Landscape.LandscapeStreamingProxy Name:LandscapeStreamingProxy_D7T4VF4LBP34PHV9XOEVM5TIG_1_4_2_0 Label:LandscapeStreamingProxy_4_2_0 SpatiallyLoaded:1 Bounds:IsValid=true, Min=(X=0.000 Y=-50400.000 Z=0.000), Max=(X=25200.000 Y=-25200.000 Z=1064.062) RuntimeGrid:None EditorOnly:0 RuntimeOnly:0 HLODRelevant:1
 |   |   |- Guid:A7262B794DB9D159628D69A6200AD3FA BaseClass:/Game/Level/Dialogue/BP_Dialogue_NPC.BP_Dialogue_NPC_C NativeClass:/Script/Engine.Character Name:BP_Dialogue_NPC_C_UAID_98BB1E1C3828AAF301_1454459689 Label:BP_Dialogue_NPC SpatiallyLoaded:1 Bounds:IsValid=true, Min=(X=-5159.374 Y=19095.689 Z=29.953), Max=(X=-4861.083 Y=19393.979 Z=328.244) RuntimeGrid:None EditorOnly:0 RuntimeOnly:0 HLODRelevant:0
 |   |   |- Guid:A882235E449D71AC064105B4EA3F9518 BaseClass: NativeClass:/Script/Landscape.LandscapeStreamingProxy Name:LandscapeStreamingProxy_D7T4VF4LBP34PHV9XOEVM5TIG_1_2_5_0 Label:LandscapeStreamingProxy_2_5_0 SpatiallyLoaded:1 Bounds:IsValid=true, Min=(X=-50400.000 Y=25200.000 Z=-13059.375), Max=(X=-25200.000 Y=50400.000 Z=3609.375) RuntimeGrid:None EditorOnly:0 RuntimeOnly:0 HLODRelevant:1
 |   |   |- Guid:AAAC6B5742760A58C2206DB37E44683C BaseClass: NativeClass:/Script/Engine.DirectionalLight Name:DirectionalLight_UAID_A85E45CFE40401D200_1470382761 Label:SunLight SpatiallyLoaded:0 Bounds:IsValid=true, Min=(X=-4398046511104.000 Y=-4398046511104.000 Z=-4398046511104.000), Max=(X=4398046511104.000 Y=4398046511104.000 Z=4398046511104.000) RuntimeGrid:None EditorOnly:0 RuntimeOnly:0 HLODRelevant:0 FolderPath:Lighting FolderGuid:B7E9BD5B45A652654791988DEF54CCEB
 |   |   |- Guid:AE565297405B1809622B45ADC2750875 BaseClass: NativeClass:/Script/Landscape.LandscapeStreamingProxy Name:LandscapeStreamingProxy_D7T4VF4LBP34PHV9XOEVM5TIG_1_5_4_0 Label:LandscapeStreamingProxy_5_4_0 SpatiallyLoaded:1 Bounds:IsValid=true, Min=(X=25200.000 Y=0.000 Z=0.000), Max=(X=50400.000 Y=25200.000 Z=4891.406) RuntimeGrid:None EditorOnly:0 RuntimeOnly:0 HLODRelevant:1
 |   |   |- Guid:B0E3D56F46177253EEFE85A57AC65398 BaseClass: NativeClass:/Script/Landscape.LandscapeStreamingProxy Name:LandscapeStreamingProxy_D7T4VF4LBP34PHV9XOEVM5TIG_1_6_3_0 Label:LandscapeStreamingProxy_6_3_0 SpatiallyLoaded:1 Bounds:IsValid=true, Min=(X=50400.000 Y=-25200.000 Z=870.312), Max=(X=75600.000 Y=0.000 Z=9125.781) RuntimeGrid:None EditorOnly:0 RuntimeOnly:0 HLODRelevant:1
 |   |   |- Guid:B108AB864DAB8A38EC29BA8BE6C15671 BaseClass:/Game/Level/Fishing/BP_FishPool.BP_FishPool_C NativeClass:/Script/Engine.Actor Name:BP_FishPool_C_UAID_C8D9D223095921F201_1937790520 Label:BP_FishPool SpatiallyLoaded:1 Bounds:IsValid=true, Min=(X=-4069.585 Y=20567.121 Z=-594.349), Max=(X=-2911.320 Y=22204.637 Z=53.651) RuntimeGrid:None EditorOnly:0 RuntimeOnly:0 HLODRelevant:0
 |   |   |- Guid:B6C3DAF747D776D42CBB8BADECF57A47 BaseClass: NativeClass:/Script/Landscape.LandscapeStreamingProxy Name:LandscapeStreamingProxy_D7T4VF4LBP34PHV9XOEVM5TIG_1_5_1_0 Label:LandscapeStreamingProxy_5_1_0 SpatiallyLoaded:1 Bounds:IsValid=true, Min=(X=25200.000 Y=-75600.000 Z=1064.062), Max=(X=50400.000 Y=-50400.000 Z=6511.719) RuntimeGrid:None EditorOnly:0 RuntimeOnly:0 HLODRelevant:1
 |   |   |- Guid:B865D61B473CDD196F56BDA8F1637BEE BaseClass: NativeClass:/Script/Landscape.LandscapeStreamingProxy Name:LandscapeStreamingProxy_D7T4VF4LBP34PHV9XOEVM5TIG_1_5_6_0 Label:LandscapeStreamingProxy_5_6_0 SpatiallyLoaded:1 Bounds:IsValid=true, Min=(X=25200.000 Y=50400.000 Z=-21911.719), Max=(X=50400.000 Y=75600.000 Z=8677.344) RuntimeGrid:None EditorOnly:0 RuntimeOnly:0 HLODRelevant:1
 |   |   |- Guid:B9E92F9C437526A88CEB59B2694F0297 BaseClass: NativeClass:/Script/Landscape.LandscapeStreamingProxy Name:LandscapeStreamingProxy_D7T4VF4LBP34PHV9XOEVM5TIG_1_2_6_0 Label:LandscapeStreamingProxy_2_6_0 SpatiallyLoaded:1 Bounds:IsValid=true, Min=(X=-50400.000 Y=50400.000 Z=-11618.750), Max=(X=-25200.000 Y=75600.000 Z=7421.094) RuntimeGrid:None EditorOnly:0 RuntimeOnly:0 HLODRelevant:1
 |   |   |- Guid:C05781A44D7C770E1C0960A3CA1C133F BaseClass: NativeClass:/Script/Landscape.LandscapeStreamingProxy Name:LandscapeStreamingProxy_D7T4VF4LBP34PHV9XOEVM5TIG_1_4_5_0 Label:LandscapeStreamingProxy_4_5_0 SpatiallyLoaded:1 Bounds:IsValid=true, Min=(X=0.000 Y=25200.000 Z=-13733.594), Max=(X=25200.000 Y=50400.000 Z=3823.438) RuntimeGrid:None EditorOnly:0 RuntimeOnly:0 HLODRelevant:1
 |   |   |- Guid:C56C132644701862CBD638A5DD4778F1 BaseClass: NativeClass:/Script/Landscape.LandscapeStreamingProxy Name:LandscapeStreamingProxy_D7T4VF4LBP34PHV9XOEVM5TIG_1_3_1_0 Label:LandscapeStreamingProxy_3_1_0 SpatiallyLoaded:1 Bounds:IsValid=true, Min=(X=-25200.000 Y=-75600.000 Z=142.188), Max=(X=0.000 Y=-50400.000 Z=8805.469) RuntimeGrid:None EditorOnly:0 RuntimeOnly:0 HLODRelevant:1
 |   |   |- Guid:C5BE7A844D821610BF68FA846185D941 BaseClass: NativeClass:/Script/Landscape.LandscapeStreamingProxy Name:LandscapeStreamingProxy_D7T4VF4LBP34PHV9XOEVM5TIG_1_4_6_0 Label:LandscapeStreamingProxy_4_6_0 SpatiallyLoaded:1 Bounds:IsValid=true, Min=(X=0.000 Y=50400.000 Z=-21980.469), Max=(X=25200.000 Y=75600.000 Z=3127.344) RuntimeGrid:None EditorOnly:0 RuntimeOnly:0 HLODRelevant:1
 |   |   |- Guid:D3FB7383421AAEFD3DB6F8B1E415A9FE BaseClass: NativeClass:/Script/Engine.ExponentialHeightFog Name:ExponentialHeightFog_UAID_A85E45CFE40401D200_1470382763 Label:ExponentialHeightFog SpatiallyLoaded:0 Bounds:IsValid=true, Min=(X=-5600.000 Y=-50.000 Z=-6850.000), Max=(X=-5600.000 Y=-50.000 Z=-6850.000) RuntimeGrid:None EditorOnly:0 RuntimeOnly:0 HLODRelevant:0 FolderPath:Lighting FolderGuid:B7E9BD5B45A652654791988DEF54CCEB
 |   |   |- Guid:D68261494E11CE4188406CA1892D4A0D BaseClass: NativeClass:/Script/Engine.StaticMeshActor Name:StaticMeshActor_UAID_98BB1E1C382828F201_1335121751 Label:Cube SpatiallyLoaded:1 Bounds:IsValid=true, Min=(X=-8217.455 Y=14003.456 Z=-4.314), Max=(X=-8117.455 Y=14103.456 Z=95.686) RuntimeGrid:None EditorOnly:0 RuntimeOnly:0 HLODRelevant:1
 |   |   |- Guid:D78995ED4EF487EB558FC98F77BB7840 BaseClass:/Game/Level/outliner/BP_Dizzy_2.BP_Dizzy_2_C NativeClass:/Script/Engine.Actor Name:BP_Dizzy_2_C_UAID_C8D3FFBB282932F601_2046255738 Label:BP_Dizzy_2 SpatiallyLoaded:1 Bounds:IsValid=true, Min=(X=-4914.000 Y=21077.000 Z=555.000), Max=(X=-4914.000 Y=21077.000 Z=555.000) RuntimeGrid:None EditorOnly:0 RuntimeOnly:0 HLODRelevant:0
 |   |   |- Guid:E47B76FA47A3F5F672C7C0B4FCEFE9C1 BaseClass: NativeClass:/Script/Engine.StaticMeshActor Name:StaticMeshActor_UAID_98BB1E1C38281BF301_1414657520 Label:Cube4 SpatiallyLoaded:1 Bounds:IsValid=true, Min=(X=-8217.455 Y=14303.994 Z=173.333), Max=(X=-8117.455 Y=14555.876 Z=273.333) RuntimeGrid:None EditorOnly:0 RuntimeOnly:0 HLODRelevant:1
 |   |   |- Guid:E4E555C243F678B552861DB17FCE7418 BaseClass:/Game/Level/Fishing/BP_FishPool.BP_FishPool_C NativeClass:/Script/Engine.Actor Name:BP_FishPool_C_UAID_C8D9D223095906F301_1370291823 Label:BP_FishPool2 SpatiallyLoaded:1 Bounds:IsValid=true, Min=(X=-19124.348 Y=31287.620 Z=-111.377), Max=(X=-13594.246 Y=36167.887 Z=248.623) RuntimeGrid:None EditorOnly:0 RuntimeOnly:0 HLODRelevant:0
 |   |   |- Guid:E6C4C89747E65FCDCCFD648F081F47C2 BaseClass: NativeClass:/Script/Landscape.LandscapeStreamingProxy Name:LandscapeStreamingProxy_D7T4VF4LBP34PHV9XOEVM5TIG_1_3_3_0 Label:LandscapeStreamingProxy_3_3_0 SpatiallyLoaded:1 Bounds:IsValid=true, Min=(X=-25200.000 Y=-25200.000 Z=-100.000), Max=(X=0.000 Y=0.000 Z=3777.344) RuntimeGrid:None EditorOnly:0 RuntimeOnly:0 HLODRelevant:1
 |   |   |- Guid:E98741F7410F0B8E4375C7A4FFB8709F BaseClass: NativeClass:/Script/WaterEditor.WaterBrushManager Name:Landscape_WaterBrushManager_1 Label:Landscape_WaterBrushManager SpatiallyLoaded:0 Bounds:IsValid=true, Min=(X=25200.000 Y=0.000 Z=1396.875), Max=(X=51950.000 Y=26750.000 Z=50000.000) RuntimeGrid:None EditorOnly:0 RuntimeOnly:0 HLODRelevant:0
 |   |   |- Guid:F947F18B49858105B55E08A21E067F09 BaseClass: NativeClass:/Script/Landscape.LandscapeStreamingProxy Name:LandscapeStreamingProxy_D7T4VF4LBP34PHV9XOEVM5TIG_1_5_5_0 Label:LandscapeStreamingProxy_5_5_0 SpatiallyLoaded:1 Bounds:IsValid=true, Min=(X=25200.000 Y=25200.000 Z=-8477.344), Max=(X=50400.000 Y=50400.000 Z=3922.656) RuntimeGrid:None EditorOnly:0 RuntimeOnly:0 HLODRelevant:1
 |   |   |- Guid:FD79025240614E702CF872811B0992AC BaseClass:/Game/Level/Inventory/BP_PickUp.BP_PickUp_C NativeClass:/Script/Engine.Actor Name:BP_PickUp_C_UAID_98BB1E1C3828D6F601_1866065600 Label:BP_PickUp3 SpatiallyLoaded:1 Bounds:IsValid=true, Min=(X=-6015.701 Y=19599.299 Z=-40.701), Max=(X=-5634.299 Y=19980.701 Z=340.701) RuntimeGrid:None EditorOnly:0 RuntimeOnly:0 HLODRelevant:0
 |   |   |- Guid:FE25AFB54F49FE83B71D0D9B74912851 BaseClass:/Game/Level/Animal_AI/TAME/BP_Tame_Animal.BP_Tame_Animal_C NativeClass:/Script/Engine.Character Name:BP_Tame_Animal_C_UAID_98BB1E1C382820F701_2033557623 Label:BP_Tame_Animal SpatiallyLoaded:1 Bounds:IsValid=true, Min=(X=-6797.240 Y=19432.091 Z=-96.473), Max=(X=-6502.840 Y=19726.491 Z=197.927) RuntimeGrid:None EditorOnly:0 RuntimeOnly:0 HLODRelevant:0
 |   |- [+] Clusters:
 |   |   |- [+] [  0]
 |   |   |   |- Guid:5368FABB47D6D9580DAECA8B0417BF92 BaseClass: NativeClass:/Script/Engine.WorldDataLayers Name:WorldDataLayers Label:WorldDataLayers-1 SpatiallyLoaded:0 Bounds:IsValid=true, Min=(X=0.000 Y=0.000 Z=0.000), Max=(X=0.000 Y=0.000 Z=0.000) RuntimeGrid:None EditorOnly:0 RuntimeOnly:0 HLODRelevant:0
 |   |   |- [+] [  1]
 |   |   |   |- Guid:03920DF94EEFC9F86CC66185D32A3DA1 BaseClass: NativeClass:/Script/Engine.StaticMeshActor Name:StaticMeshActor_UAID_A4AE111137DC54FB00_1240666663 Label:SM_SkySphere SpatiallyLoaded:0 Bounds:IsValid=true, Min=(X=-1638400.000 Y=-1638400.000 Z=-1638400.000), Max=(X=1638400.000 Y=1638400.000 Z=1638400.000) RuntimeGrid:None EditorOnly:0 RuntimeOnly:0 HLODRelevant:0 FolderPath:Lighting FolderGuid:B7E9BD5B45A652654791988DEF54CCEB
 |   |   |- [+] [  2]
 |   |   |   |- Guid:B108AB864DAB8A38EC29BA8BE6C15671 BaseClass:/Game/Level/Fishing/BP_FishPool.BP_FishPool_C NativeClass:/Script/Engine.Actor Name:BP_FishPool_C_UAID_C8D9D223095921F201_1937790520 Label:BP_FishPool SpatiallyLoaded:1 Bounds:IsValid=true, Min=(X=-4069.585 Y=20567.121 Z=-594.349), Max=(X=-2911.320 Y=22204.637 Z=53.651) RuntimeGrid:None EditorOnly:0 RuntimeOnly:0 HLODRelevant:0
 |   |   |- [+] [  3]
 |   |   |   |- Guid:3067B09B4AF52EB25C2B0A86D0C2E5FD BaseClass: NativeClass:/Script/Engine.StaticMeshActor Name:StaticMeshActor_UAID_98BB1E1C382828F201_1509260752 Label:Cube2 SpatiallyLoaded:1 Bounds:IsValid=true, Min=(X=-8217.455 Y=14108.257 Z=86.568), Max=(X=-8117.455 Y=14208.257 Z=186.568) RuntimeGrid:None EditorOnly:0 RuntimeOnly:0 HLODRelevant:1
 |   |   |- [+] [  4]
 |   |   |   |- Guid:D78995ED4EF487EB558FC98F77BB7840 BaseClass:/Game/Level/outliner/BP_Dizzy_2.BP_Dizzy_2_C NativeClass:/Script/Engine.Actor Name:BP_Dizzy_2_C_UAID_C8D3FFBB282932F601_2046255738 Label:BP_Dizzy_2 SpatiallyLoaded:1 Bounds:IsValid=true, Min=(X=-4914.000 Y=21077.000 Z=555.000), Max=(X=-4914.000 Y=21077.000 Z=555.000) RuntimeGrid:None EditorOnly:0 RuntimeOnly:0 HLODRelevant:0
 |   |   |- [+] [  5]
 |   |   |   |- Guid:AAAC6B5742760A58C2206DB37E44683C BaseClass: NativeClass:/Script/Engine.DirectionalLight Name:DirectionalLight_UAID_A85E45CFE40401D200_1470382761 Label:SunLight SpatiallyLoaded:0 Bounds:IsValid=true, Min=(X=-4398046511104.000 Y=-4398046511104.000 Z=-4398046511104.000), Max=(X=4398046511104.000 Y=4398046511104.000 Z=4398046511104.000) RuntimeGrid:None EditorOnly:0 RuntimeOnly:0 HLODRelevant:0 FolderPath:Lighting FolderGuid:B7E9BD5B45A652654791988DEF54CCEB
 |   |   |- [+] [  6]
 |   |   |   |- Guid:87184C7F45B16AFDB24868B24172272E BaseClass: NativeClass:/Script/Landscape.LandscapeStreamingProxy Name:LandscapeStreamingProxy_D7T4VF4LBP34PHV9XOEVM5TIG_1_6_2_0 Label:LandscapeStreamingProxy_6_2_0 SpatiallyLoaded:1 Bounds:IsValid=true, Min=(X=50400.000 Y=-50400.000 Z=3310.156), Max=(X=75600.000 Y=-25200.000 Z=11691.406) RuntimeGrid:None EditorOnly:0 RuntimeOnly:0 HLODRelevant:1
 |   |   |- [+] [  7]
 |   |   |   |- Guid:B9E92F9C437526A88CEB59B2694F0297 BaseClass: NativeClass:/Script/Landscape.LandscapeStreamingProxy Name:LandscapeStreamingProxy_D7T4VF4LBP34PHV9XOEVM5TIG_1_2_6_0 Label:LandscapeStreamingProxy_2_6_0 SpatiallyLoaded:1 Bounds:IsValid=true, Min=(X=-50400.000 Y=50400.000 Z=-11618.750), Max=(X=-25200.000 Y=75600.000 Z=7421.094) RuntimeGrid:None EditorOnly:0 RuntimeOnly:0 HLODRelevant:1
 |   |   |- [+] [  8]
 |   |   |   |- Guid:3F36F6E343853B5EFB38DF82C9F47BC1 BaseClass: NativeClass:/Script/Landscape.LandscapeStreamingProxy Name:LandscapeStreamingProxy_D7T4VF4LBP34PHV9XOEVM5TIG_1_3_6_0 Label:LandscapeStreamingProxy_3_6_0 SpatiallyLoaded:1 Bounds:IsValid=true, Min=(X=-25200.000 Y=50400.000 Z=-23598.438), Max=(X=0.000 Y=75600.000 Z=5250.781) RuntimeGrid:None EditorOnly:0 RuntimeOnly:0 HLODRelevant:1
 |   |   |- [+] [  9]
 |   |   |   |- Guid:F947F18B49858105B55E08A21E067F09 BaseClass: NativeClass:/Script/Landscape.LandscapeStreamingProxy Name:LandscapeStreamingProxy_D7T4VF4LBP34PHV9XOEVM5TIG_1_5_5_0 Label:LandscapeStreamingProxy_5_5_0 SpatiallyLoaded:1 Bounds:IsValid=true, Min=(X=25200.000 Y=25200.000 Z=-8477.344), Max=(X=50400.000 Y=50400.000 Z=3922.656) RuntimeGrid:None EditorOnly:0 RuntimeOnly:0 HLODRelevant:1
 |   |   |- [+] [ 10]
 |   |   |   |- Guid:0550E94B443D34A7B2695084EF73CA8E BaseClass: NativeClass:/Script/Landscape.LandscapeStreamingProxy Name:LandscapeStreamingProxy_D7T4VF4LBP34PHV9XOEVM5TIG_1_7_5_0 Label:LandscapeStreamingProxy_7_5_0 SpatiallyLoaded:1 Bounds:IsValid=true, Min=(X=75600.000 Y=25200.000 Z=-5410.938), Max=(X=100800.000 Y=50400.000 Z=8880.469) RuntimeGrid:None EditorOnly:0 RuntimeOnly:0 HLODRelevant:1
 |   |   |- [+] [ 11]
 |   |   |   |- Guid:716AFEBF495596ADFBDA239CE7744A2E BaseClass: NativeClass:/Script/Water.WaterBodyOcean Name:WaterBodyOcean_UAID_98BB1E1C38286BF201_1409669548 Label:WaterBodyOcean2 SpatiallyLoaded:0 Bounds:IsValid=true, Min=(X=-78831.209 Y=-60170.868 Z=-2000.001), Max=(X=69968.791 Y=88629.132 Z=-0.001) RuntimeGrid:None EditorOnly:0 RuntimeOnly:0 HLODRelevant:1
 |   |   |- [+] [ 12]
 |   |   |   |- Guid:FD79025240614E702CF872811B0992AC BaseClass:/Game/Level/Inventory/BP_PickUp.BP_PickUp_C NativeClass:/Script/Engine.Actor Name:BP_PickUp_C_UAID_98BB1E1C3828D6F601_1866065600 Label:BP_PickUp3 SpatiallyLoaded:1 Bounds:IsValid=true, Min=(X=-6015.701 Y=19599.299 Z=-40.701), Max=(X=-5634.299 Y=19980.701 Z=340.701) RuntimeGrid:None EditorOnly:0 RuntimeOnly:0 HLODRelevant:0
 |   |   |- [+] [ 13]
 |   |   |   |- Guid:2CE12F874AA39D020A0F4BA5739BD305 BaseClass: NativeClass:/Script/Engine.SkyAtmosphere Name:SkyAtmosphere_UAID_A85E45CFE40401D200_1470382762 Label:SkyAtmosphere SpatiallyLoaded:0 Bounds:IsValid=true, Min=(X=0.000 Y=0.000 Z=0.000), Max=(X=0.000 Y=0.000 Z=0.000) RuntimeGrid:None EditorOnly:0 RuntimeOnly:0 HLODRelevant:0 FolderPath:Lighting FolderGuid:B7E9BD5B45A652654791988DEF54CCEB
 |   |   |- [+] [ 14]
 |   |   |   |- Guid:E4E555C243F678B552861DB17FCE7418 BaseClass:/Game/Level/Fishing/BP_FishPool.BP_FishPool_C NativeClass:/Script/Engine.Actor Name:BP_FishPool_C_UAID_C8D9D223095906F301_1370291823 Label:BP_FishPool2 SpatiallyLoaded:1 Bounds:IsValid=true, Min=(X=-19124.348 Y=31287.620 Z=-111.377), Max=(X=-13594.246 Y=36167.887 Z=248.623) RuntimeGrid:None EditorOnly:0 RuntimeOnly:0 HLODRelevant:0
 |   |   |- [+] [ 15]
 |   |   |   |- Guid:928976534E4C1D2D72BFA394C51A9FFE BaseClass:/Game/Level/Inventory/BP_PickUp.BP_PickUp_C NativeClass:/Script/Engine.Actor Name:BP_PickUp_C_UAID_98BB1E1C3828D6F601_1857989599 Label:BP_PickUp2 SpatiallyLoaded:1 Bounds:IsValid=true, Min=(X=-5880.701 Y=19599.299 Z=-40.701), Max=(X=-5499.299 Y=19980.701 Z=340.701) RuntimeGrid:None EditorOnly:0 RuntimeOnly:0 HLODRelevant:0
 |   |   |- [+] [ 16]
 |   |   |   |- Guid:1DE8D7AC4103A2EABA11649C7FCF8ACA BaseClass: NativeClass:/Script/Engine.SkyLight Name:SkyLight_UAID_A85E45CFE40401D200_1470380759 Label:SkyLight SpatiallyLoaded:0 Bounds:IsValid=true, Min=(X=0.000 Y=0.000 Z=0.000), Max=(X=0.000 Y=0.000 Z=0.000) RuntimeGrid:None EditorOnly:0 RuntimeOnly:0 HLODRelevant:0 FolderPath:Lighting FolderGuid:B7E9BD5B45A652654791988DEF54CCEB
 |   |   |- [+] [ 17]
 |   |   |   |- Guid:E6C4C89747E65FCDCCFD648F081F47C2 BaseClass: NativeClass:/Script/Landscape.LandscapeStreamingProxy Name:LandscapeStreamingProxy_D7T4VF4LBP34PHV9XOEVM5TIG_1_3_3_0 Label:LandscapeStreamingProxy_3_3_0 SpatiallyLoaded:1 Bounds:IsValid=true, Min=(X=-25200.000 Y=-25200.000 Z=-100.000), Max=(X=0.000 Y=0.000 Z=3777.344) RuntimeGrid:None EditorOnly:0 RuntimeOnly:0 HLODRelevant:1
 |   |   |- [+] [ 18]
 |   |   |   |- Guid:B6C3DAF747D776D42CBB8BADECF57A47 BaseClass: NativeClass:/Script/Landscape.LandscapeStreamingProxy Name:LandscapeStreamingProxy_D7T4VF4LBP34PHV9XOEVM5TIG_1_5_1_0 Label:LandscapeStreamingProxy_5_1_0 SpatiallyLoaded:1 Bounds:IsValid=true, Min=(X=25200.000 Y=-75600.000 Z=1064.062), Max=(X=50400.000 Y=-50400.000 Z=6511.719) RuntimeGrid:None EditorOnly:0 RuntimeOnly:0 HLODRelevant:1
 |   |   |- [+] [ 19]
 |   |   |   |- Guid:C5BE7A844D821610BF68FA846185D941 BaseClass: NativeClass:/Script/Landscape.LandscapeStreamingProxy Name:LandscapeStreamingProxy_D7T4VF4LBP34PHV9XOEVM5TIG_1_4_6_0 Label:LandscapeStreamingProxy_4_6_0 SpatiallyLoaded:1 Bounds:IsValid=true, Min=(X=0.000 Y=50400.000 Z=-21980.469), Max=(X=25200.000 Y=75600.000 Z=3127.344) RuntimeGrid:None EditorOnly:0 RuntimeOnly:0 HLODRelevant:1
 |   |   |- [+] [ 20]
 |   |   |   |- Guid:4BB3F5FA432D0DC7A761038FC1F660F7 BaseClass: NativeClass:/Script/Engine.DirectionalLight Name:DirectionalLight_UAID_98BB1E1C382813ED01_1234164775 Label:NightLight SpatiallyLoaded:0 Bounds:IsValid=true, Min=(X=-4398046511104.000 Y=-4398046511104.000 Z=-4398046511104.000), Max=(X=4398046511104.000 Y=4398046511104.000 Z=4398046511104.000) RuntimeGrid:None EditorOnly:0 RuntimeOnly:0 HLODRelevant:0 FolderPath:Lighting FolderGuid:B7E9BD5B45A652654791988DEF54CCEB
 |   |   |- [+] [ 21]
 |   |   |   |- Guid:5EFAB4BA4F6B7B299E7F5EA5316BA40E BaseClass: NativeClass:/Script/NavigationSystem.NavMeshBoundsVolume Name:NavMeshBoundsVolume_UAID_98BB1E1C382802F401_1670026176 Label:NavMeshBoundsVolume SpatiallyLoaded:0 Bounds:IsValid=true, Min=(X=-15869.503 Y=13580.553 Z=-2169.495), Max=(X=-3850.738 Y=23580.553 Z=1830.505) RuntimeGrid:None EditorOnly:0 RuntimeOnly:0 HLODRelevant:0
 |   |   |- [+] [ 22]
 |   |   |   |- Guid:6D4B9525434B15824A04788D044A6921 BaseClass: NativeClass:/Script/NavigationSystem.RecastNavMesh Name:RecastNavMesh_UAID_98BB1E1C382802F401-Default Label:RecastNavMesh-Default SpatiallyLoaded:0 Bounds:IsValid=true, Min=(X=0.000 Y=0.000 Z=0.000), Max=(X=0.000 Y=0.000 Z=0.000) RuntimeGrid:None EditorOnly:0 RuntimeOnly:0 HLODRelevant:0
 |   |   |- [+] [ 23]
 |   |   |   |- Guid:D3FB7383421AAEFD3DB6F8B1E415A9FE BaseClass: NativeClass:/Script/Engine.ExponentialHeightFog Name:ExponentialHeightFog_UAID_A85E45CFE40401D200_1470382763 Label:ExponentialHeightFog SpatiallyLoaded:0 Bounds:IsValid=true, Min=(X=-5600.000 Y=-50.000 Z=-6850.000), Max=(X=-5600.000 Y=-50.000 Z=-6850.000) RuntimeGrid:None EditorOnly:0 RuntimeOnly:0 HLODRelevant:0 FolderPath:Lighting FolderGuid:B7E9BD5B45A652654791988DEF54CCEB
 |   |   |- [+] [ 24]
 |   |   |   |- Guid:B0E3D56F46177253EEFE85A57AC65398 BaseClass: NativeClass:/Script/Landscape.LandscapeStreamingProxy Name:LandscapeStreamingProxy_D7T4VF4LBP34PHV9XOEVM5TIG_1_6_3_0 Label:LandscapeStreamingProxy_6_3_0 SpatiallyLoaded:1 Bounds:IsValid=true, Min=(X=50400.000 Y=-25200.000 Z=870.312), Max=(X=75600.000 Y=0.000 Z=9125.781) RuntimeGrid:None EditorOnly:0 RuntimeOnly:0 HLODRelevant:1
 |   |   |- [+] [ 25]
 |   |   |   |- Guid:593CAC3F498EBC64B9DE2A91D76CAB72 BaseClass: NativeClass:/Script/Landscape.Landscape Name:Landscape_UAID_98BB1E1C382827F101_1826299524 Label:Landscape2 SpatiallyLoaded:0 Bounds:IsValid=true, Min=(X=-24280.000 Y=18770.000 Z=-30.000), Max=(X=-24280.000 Y=18770.000 Z=-30.000) RuntimeGrid:None EditorOnly:0 RuntimeOnly:0 HLODRelevant:0
 |   |   |   |- Guid:2F9E60364E09CCE0AB402AB440B2ACD9 BaseClass: NativeClass:/Script/WaterEditor.WaterBrushManager Name:Landscape2_WaterBrushManager_0 Label:Landscape2_WaterBrushManager SpatiallyLoaded:0 Bounds:IsValid=true, Min=(X=-11530.000 Y=0.000 Z=1396.875), Max=(X=25200.000 Y=31520.000 Z=50000.000) RuntimeGrid:None EditorOnly:0 RuntimeOnly:0 HLODRelevant:0
 |   |   |- [+] [ 26]
 |   |   |   |- Guid:7E9A08E649EDE854FAC6C784ED52EC52 BaseClass: NativeClass:/Script/Water.WaterZone Name:WaterZone_UAID_98BB1E1C38286BF201_1352707544 Label:WaterZone SpatiallyLoaded:0 Bounds:IsValid=true, Min=(X=-50400.000 Y=-75600.000 Z=-75600.000), Max=(X=100800.000 Y=75600.000 Z=75600.000) RuntimeGrid:None EditorOnly:0 RuntimeOnly:0 HLODRelevant:0
 |   |   |- [+] [ 27]
 |   |   |   |- Guid:8522C536487B78F2F037BD85F4A00BC3 BaseClass: NativeClass:/Script/Engine.StaticMeshActor Name:StaticMeshActor_UAID_98BB1E1C38281BF301_1425502521 Label:Cube5 SpatiallyLoaded:1 Bounds:IsValid=true, Min=(X=-8522.273 Y=14392.812 Z=270.667), Max=(X=-8126.040 Y=14799.152 Z=370.667) RuntimeGrid:None EditorOnly:0 RuntimeOnly:0 HLODRelevant:1
 |   |   |- [+] [ 28]
 |   |   |   |- Guid:19801F82411A317A2E2E72A0F67A6DE6 BaseClass:/Game/Level/Pet/BP_Pet.BP_Pet_C NativeClass:/Script/Engine.Character Name:BP_Pet_C_UAID_98BB1E1C382802F401_1345303175 Label:BP_Pet SpatiallyLoaded:1 Bounds:IsValid=true, Min=(X=-5168.272 Y=18886.752 Z=46.718), Max=(X=-5021.568 Y=18954.752 Z=222.718) RuntimeGrid:None EditorOnly:0 RuntimeOnly:0 HLODRelevant:0
 |   |   |- [+] [ 29]
 |   |   |   |- Guid:29AB47864A9D452E243E3D99E7A67FB5 BaseClass: NativeClass:/Script/Water.WaterBodyRiver Name:WaterBodyRiver_UAID_186024ADA68684F501_1722481112 Label:WaterBodyRiver SpatiallyLoaded:1 Bounds:IsValid=true, Min=(X=9527.520 Y=-7145.292 Z=-166.000), Max=(X=21305.277 Y=37363.040 Z=90.000) RuntimeGrid:None EditorOnly:0 RuntimeOnly:0 HLODRelevant:1
 |   |   |- [+] [ 30]
 |   |   |   |- Guid:210BF81F49873A6ED7123C9F4BC7DF9A BaseClass:/Game/Level/Inventory/BP_PickUp.BP_PickUp_C NativeClass:/Script/Engine.Actor Name:BP_PickUp_C_UAID_98BB1E1C3828CBF601_1897413664 Label:BP_PickUp SpatiallyLoaded:1 Bounds:IsValid=true, Min=(X=-5725.701 Y=19599.299 Z=-40.701), Max=(X=-5344.299 Y=19980.701 Z=340.701) RuntimeGrid:None EditorOnly:0 RuntimeOnly:0 HLODRelevant:0
 |   |   |- [+] [ 31]
 |   |   |   |- Guid:FE25AFB54F49FE83B71D0D9B74912851 BaseClass:/Game/Level/Animal_AI/TAME/BP_Tame_Animal.BP_Tame_Animal_C NativeClass:/Script/Engine.Character Name:BP_Tame_Animal_C_UAID_98BB1E1C382820F701_2033557623 Label:BP_Tame_Animal SpatiallyLoaded:1 Bounds:IsValid=true, Min=(X=-6797.240 Y=19432.091 Z=-96.473), Max=(X=-6502.840 Y=19726.491 Z=197.927) RuntimeGrid:None EditorOnly:0 RuntimeOnly:0 HLODRelevant:0
 |   |   |- [+] [ 32]
 |   |   |   |- Guid:1D3D26F04B6DC10BEFB5B69E5CF914C8 BaseClass: NativeClass:/Script/Engine.VolumetricCloud Name:VolumetricCloud_UAID_A85E45CFE40401D200_1470381760 Label:VolumetricCloud SpatiallyLoaded:0 Bounds:IsValid=true, Min=(X=0.000 Y=0.000 Z=0.000), Max=(X=0.000 Y=0.000 Z=0.000) RuntimeGrid:None EditorOnly:0 RuntimeOnly:0 HLODRelevant:0 FolderPath:Lighting FolderGuid:B7E9BD5B45A652654791988DEF54CCEB
 |   |   |- [+] [ 33]
 |   |   |   |- Guid:707D0D104A1A6DBFBBD050AD016E1BA7 BaseClass: NativeClass:/Script/Landscape.LandscapeStreamingProxy Name:LandscapeStreamingProxy_D7T4VF4LBP34PHV9XOEVM5TIG_1_4_4_0 Label:LandscapeStreamingProxy_4_4_0 SpatiallyLoaded:1 Bounds:IsValid=true, Min=(X=0.000 Y=0.000 Z=-2612.500), Max=(X=25200.000 Y=25200.000 Z=2586.719) RuntimeGrid:None EditorOnly:0 RuntimeOnly:0 HLODRelevant:1
 |   |   |- [+] [ 34]
 |   |   |   |- Guid:AE565297405B1809622B45ADC2750875 BaseClass: NativeClass:/Script/Landscape.LandscapeStreamingProxy Name:LandscapeStreamingProxy_D7T4VF4LBP34PHV9XOEVM5TIG_1_5_4_0 Label:LandscapeStreamingProxy_5_4_0 SpatiallyLoaded:1 Bounds:IsValid=true, Min=(X=25200.000 Y=0.000 Z=0.000), Max=(X=50400.000 Y=25200.000 Z=4891.406) RuntimeGrid:None EditorOnly:0 RuntimeOnly:0 HLODRelevant:1
 |   |   |- [+] [ 35]
 |   |   |   |- Guid:218E3B124735712D7EF272B4FB8E7FF6 BaseClass: NativeClass:/Script/Landscape.Landscape Name:Landscape_UAID_A85E45CFE404FBD100_1221515703 Label:Landscape SpatiallyLoaded:0 Bounds:IsValid=true, Min=(X=-100800.000 Y=-100800.000 Z=100.000), Max=(X=-100800.000 Y=-100800.000 Z=100.000) RuntimeGrid:None EditorOnly:0 RuntimeOnly:0 HLODRelevant:0
 |   |   |   |- Guid:E98741F7410F0B8E4375C7A4FFB8709F BaseClass: NativeClass:/Script/WaterEditor.WaterBrushManager Name:Landscape_WaterBrushManager_1 Label:Landscape_WaterBrushManager SpatiallyLoaded:0 Bounds:IsValid=true, Min=(X=25200.000 Y=0.000 Z=1396.875), Max=(X=51950.000 Y=26750.000 Z=50000.000) RuntimeGrid:None EditorOnly:0 RuntimeOnly:0 HLODRelevant:0
 |   |   |- [+] [ 36]
 |   |   |   |- Guid:1E7A6AD4437B2258C36CB490664720EA BaseClass: NativeClass:/Script/Landscape.LandscapeStreamingProxy Name:LandscapeStreamingProxy_D7T4VF4LBP34PHV9XOEVM5TIG_1_5_3_0 Label:LandscapeStreamingProxy_5_3_0 SpatiallyLoaded:1 Bounds:IsValid=true, Min=(X=25200.000 Y=-25200.000 Z=0.000), Max=(X=50400.000 Y=0.000 Z=3728.906) RuntimeGrid:None EditorOnly:0 RuntimeOnly:0 HLODRelevant:1
 |   |   |- [+] [ 37]
 |   |   |   |- Guid:5739BA424840B34490B06383B78561B5 BaseClass:/Game/Level/Store/BP_Interact.BP_Interact_C NativeClass:/Script/Engine.Character Name:BP_Interact_C_UAID_98BB1E1C3828AAF301_1274139688 Label:BP_Interact2 SpatiallyLoaded:1 Bounds:IsValid=true, Min=(X=-5370.976 Y=19526.779 Z=105.992), Max=(X=-5061.113 Y=19764.112 Z=343.325) RuntimeGrid:None EditorOnly:0 RuntimeOnly:0 HLODRelevant:0
 |   |   |- [+] [ 38]
 |   |   |   |- Guid:3505F72843A64AD7F6E87493088E3A0A BaseClass:/Game/Level/outliner/BP_Dizzy.BP_Dizzy_C NativeClass:/Script/Engine.Actor Name:BP_Dizzy_C_UAID_C8D3FFBB282931F601_1479872561 Label:BP_Dizzy SpatiallyLoaded:1 Bounds:IsValid=true, Min=(X=-4900.000 Y=21975.000 Z=539.000), Max=(X=-4900.000 Y=21975.000 Z=539.000) RuntimeGrid:None EditorOnly:0 RuntimeOnly:0 HLODRelevant:0
 |   |   |- [+] [ 39]
 |   |   |   |- Guid:619BF2E54DF21C4AF28863A720B3035C BaseClass:/Game/Level/Enemy_AI/BP_Enemy_Animal.BP_Enemy_Animal_C NativeClass:/Script/Engine.Character Name:BP_Enemy_Animal_C_UAID_98BB1E1C382866F701_1370494944 Label:BP_Enemy_Animal SpatiallyLoaded:1 Bounds:IsValid=true, Min=(X=-6859.849 Y=19186.699 Z=-33.553), Max=(X=-6768.904 Y=19254.699 Z=142.447) RuntimeGrid:None EditorOnly:0 RuntimeOnly:0 HLODRelevant:0
 |   |   |- [+] [ 40]
 |   |   |   |- Guid:31A5522843888425734F278F802A023B BaseClass: NativeClass:/Script/Landscape.LandscapeStreamingProxy Name:LandscapeStreamingProxy_D7T4VF4LBP34PHV9XOEVM5TIG_1_3_2_0 Label:LandscapeStreamingProxy_3_2_0 SpatiallyLoaded:1 Bounds:IsValid=true, Min=(X=-25200.000 Y=-50400.000 Z=-0.781), Max=(X=0.000 Y=-25200.000 Z=1993.750) RuntimeGrid:None EditorOnly:0 RuntimeOnly:0 HLODRelevant:1
 |   |   |- [+] [ 41]
 |   |   |   |- Guid:A882235E449D71AC064105B4EA3F9518 BaseClass: NativeClass:/Script/Landscape.LandscapeStreamingProxy Name:LandscapeStreamingProxy_D7T4VF4LBP34PHV9XOEVM5TIG_1_2_5_0 Label:LandscapeStreamingProxy_2_5_0 SpatiallyLoaded:1 Bounds:IsValid=true, Min=(X=-50400.000 Y=25200.000 Z=-13059.375), Max=(X=-25200.000 Y=50400.000 Z=3609.375) RuntimeGrid:None EditorOnly:0 RuntimeOnly:0 HLODRelevant:1
 |   |   |- [+] [ 42]
 |   |   |   |- Guid:6F0853324B06869EED2D33B40A0E86A2 BaseClass:/Game/Level/Store/BP_Interact.BP_Interact_C NativeClass:/Script/Engine.Character Name:BP_Interact_C_UAID_98BB1E1C382825F101_1185736170 Label:BP_Interact SpatiallyLoaded:1 Bounds:IsValid=true, Min=(X=-154.931 Y=-118.666 Z=-98.666), Max=(X=154.931 Y=118.666 Z=138.666) RuntimeGrid:None EditorOnly:0 RuntimeOnly:0 HLODRelevant:0
 |   |   |- [+] [ 43]
 |   |   |   |- Guid:69E666AF463C746637DD1FAC79906305 BaseClass: NativeClass:/Script/Engine.StaticMeshActor Name:StaticMeshActor_UAID_98BB1E1C38281BF301_1295432519 Label:Cube3 SpatiallyLoaded:1 Bounds:IsValid=true, Min=(X=-8217.455 Y=14205.196 Z=173.333), Max=(X=-8117.455 Y=14305.196 Z=273.333) RuntimeGrid:None EditorOnly:0 RuntimeOnly:0 HLODRelevant:1
 |   |   |- [+] [ 44]
 |   |   |   |- Guid:0FABDB0D463B4DDB8499A5B222155B9D BaseClass:/Game/Level/Animal_AI/BP_Roster.BP_Roster_C NativeClass:/Script/Engine.Character Name:BP_Roster_C_UAID_98BB1E1C38289FF501_1163702863 Label:BP_Roster SpatiallyLoaded:1 Bounds:IsValid=true, Min=(X=-6089.104 Y=18939.403 Z=-76.194), Max=(X=-5833.104 Y=19195.403 Z=179.806) RuntimeGrid:None EditorOnly:0 RuntimeOnly:0 HLODRelevant:0
 |   |   |- [+] [ 45]
 |   |   |   |- Guid:82111EBA4245874D247823848B4F1385 BaseClass: NativeClass:/Script/Landscape.LandscapeStreamingProxy Name:LandscapeStreamingProxy_D7T4VF4LBP34PHV9XOEVM5TIG_1_4_3_0 Label:LandscapeStreamingProxy_4_3_0 SpatiallyLoaded:1 Bounds:IsValid=true, Min=(X=0.000 Y=-25200.000 Z=-1750.000), Max=(X=25200.000 Y=0.000 Z=3479.688) RuntimeGrid:None EditorOnly:0 RuntimeOnly:0 HLODRelevant:1
 |   |   |- [+] [ 46]
 |   |   |   |- Guid:9F1FD8B14EFA2FFE8955F0893F732321 BaseClass: NativeClass:/Script/Landscape.LandscapeStreamingProxy Name:LandscapeStreamingProxy_D7T4VF4LBP34PHV9XOEVM5TIG_1_4_2_0 Label:LandscapeStreamingProxy_4_2_0 SpatiallyLoaded:1 Bounds:IsValid=true, Min=(X=0.000 Y=-50400.000 Z=0.000), Max=(X=25200.000 Y=-25200.000 Z=1064.062) RuntimeGrid:None EditorOnly:0 RuntimeOnly:0 HLODRelevant:1
 |   |   |- [+] [ 47]
 |   |   |   |- Guid:9AA48BD04CB873661E75B0973B2BF04A BaseClass: NativeClass:/Script/Landscape.LandscapeStreamingProxy Name:LandscapeStreamingProxy_D7T4VF4LBP34PHV9XOEVM5TIG_1_3_5_0 Label:LandscapeStreamingProxy_3_5_0 SpatiallyLoaded:1 Bounds:IsValid=true, Min=(X=-25200.000 Y=25200.000 Z=-15689.062), Max=(X=0.000 Y=50400.000 Z=2012.500) RuntimeGrid:None EditorOnly:0 RuntimeOnly:0 HLODRelevant:1
 |   |   |- [+] [ 48]
 |   |   |   |- Guid:9CBBDFD8486812AAE8770CB093DB7460 BaseClass: NativeClass:/Script/Landscape.LandscapeStreamingProxy Name:LandscapeStreamingProxy_D7T4VF4LBP34PHV9XOEVM5TIG_1_3_4_0 Label:LandscapeStreamingProxy_3_4_0 SpatiallyLoaded:1 Bounds:IsValid=true, Min=(X=-25200.000 Y=0.000 Z=-1949.219), Max=(X=0.000 Y=25200.000 Z=3889.844) RuntimeGrid:None EditorOnly:0 RuntimeOnly:0 HLODRelevant:1
 |   |   |- [+] [ 49]
 |   |   |   |- Guid:C56C132644701862CBD638A5DD4778F1 BaseClass: NativeClass:/Script/Landscape.LandscapeStreamingProxy Name:LandscapeStreamingProxy_D7T4VF4LBP34PHV9XOEVM5TIG_1_3_1_0 Label:LandscapeStreamingProxy_3_1_0 SpatiallyLoaded:1 Bounds:IsValid=true, Min=(X=-25200.000 Y=-75600.000 Z=142.188), Max=(X=0.000 Y=-50400.000 Z=8805.469) RuntimeGrid:None EditorOnly:0 RuntimeOnly:0 HLODRelevant:1
 |   |   |- [+] [ 50]
 |   |   |   |- Guid:1EE33D5B4B22F427AFEA6FB464E5D495 BaseClass: NativeClass:/Script/Engine.PlayerStart Name:PlayerStart_UAID_98BB1E1C382823F101_1966431817 Label:PlayerStart SpatiallyLoaded:0 Bounds:IsValid=true, Min=(X=-4946.255 Y=19100.213 Z=132.373), Max=(X=-4866.255 Y=19180.213 Z=316.373) RuntimeGrid:None EditorOnly:0 RuntimeOnly:0 HLODRelevant:0
 |   |   |- [+] [ 51]
 |   |   |   |- Guid:C05781A44D7C770E1C0960A3CA1C133F BaseClass: NativeClass:/Script/Landscape.LandscapeStreamingProxy Name:LandscapeStreamingProxy_D7T4VF4LBP34PHV9XOEVM5TIG_1_4_5_0 Label:LandscapeStreamingProxy_4_5_0 SpatiallyLoaded:1 Bounds:IsValid=true, Min=(X=0.000 Y=25200.000 Z=-13733.594), Max=(X=25200.000 Y=50400.000 Z=3823.438) RuntimeGrid:None EditorOnly:0 RuntimeOnly:0 HLODRelevant:1
 |   |   |- [+] [ 52]
 |   |   |   |- Guid:7E8DF15942F955BCCAB7DB92DF810682 BaseClass: NativeClass:/Script/Landscape.LandscapeStreamingProxy Name:LandscapeStreamingProxy_D7T4VF4LBP34PHV9XOEVM5TIG_1_6_5_0 Label:LandscapeStreamingProxy_6_5_0 SpatiallyLoaded:1 Bounds:IsValid=true, Min=(X=50400.000 Y=25200.000 Z=-7413.281), Max=(X=75600.000 Y=50400.000 Z=8767.969) RuntimeGrid:None EditorOnly:0 RuntimeOnly:0 HLODRelevant:1
 |   |   |- [+] [ 53]
 |   |   |   |- Guid:146D3E3040BAFC1FB8BF4ABC272DA94F BaseClass: NativeClass:/Script/Landscape.LandscapeStreamingProxy Name:LandscapeStreamingProxy_D7T4VF4LBP34PHV9XOEVM5TIG_1_5_2_0 Label:LandscapeStreamingProxy_5_2_0 SpatiallyLoaded:1 Bounds:IsValid=true, Min=(X=25200.000 Y=-50400.000 Z=0.781), Max=(X=50400.000 Y=-25200.000 Z=6920.312) RuntimeGrid:None EditorOnly:0 RuntimeOnly:0 HLODRelevant:1
 |   |   |- [+] [ 54]
 |   |   |   |- Guid:D68261494E11CE4188406CA1892D4A0D BaseClass: NativeClass:/Script/Engine.StaticMeshActor Name:StaticMeshActor_UAID_98BB1E1C382828F201_1335121751 Label:Cube SpatiallyLoaded:1 Bounds:IsValid=true, Min=(X=-8217.455 Y=14003.456 Z=-4.314), Max=(X=-8117.455 Y=14103.456 Z=95.686) RuntimeGrid:None EditorOnly:0 RuntimeOnly:0 HLODRelevant:1
 |   |   |- [+] [ 55]
 |   |   |   |- Guid:97690C6E43C915FD53BF6DB44F3D7B77 BaseClass: NativeClass:/Script/Water.WaterBodyLake Name:WaterBodyLake_UAID_98BB1E1C3828A9F301_1164767511 Label:WaterBodyLake SpatiallyLoaded:1 Bounds:IsValid=true, Min=(X=-5692.841 Y=18035.234 Z=-597.177), Max=(X=602.181 Y=24166.112 Z=52.823) RuntimeGrid:None EditorOnly:0 RuntimeOnly:0 HLODRelevant:1
 |   |   |- [+] [ 56]
 |   |   |   |- Guid:A7262B794DB9D159628D69A6200AD3FA BaseClass:/Game/Level/Dialogue/BP_Dialogue_NPC.BP_Dialogue_NPC_C NativeClass:/Script/Engine.Character Name:BP_Dialogue_NPC_C_UAID_98BB1E1C3828AAF301_1454459689 Label:BP_Dialogue_NPC SpatiallyLoaded:1 Bounds:IsValid=true, Min=(X=-5159.374 Y=19095.689 Z=29.953), Max=(X=-4861.083 Y=19393.979 Z=328.244) RuntimeGrid:None EditorOnly:0 RuntimeOnly:0 HLODRelevant:0
 |   |   |- [+] [ 57]
 |   |   |   |- Guid:8F0C78FE4D46BC07F60A91A87475E7E8 BaseClass: NativeClass:/Script/Landscape.LandscapeStreamingProxy Name:LandscapeStreamingProxy_D7T4VF4LBP34PHV9XOEVM5TIG_1_4_1_0 Label:LandscapeStreamingProxy_4_1_0 SpatiallyLoaded:1 Bounds:IsValid=true, Min=(X=0.000 Y=-75600.000 Z=106.250), Max=(X=25200.000 Y=-50400.000 Z=6735.156) RuntimeGrid:None EditorOnly:0 RuntimeOnly:0 HLODRelevant:1
 |   |   |- [+] [ 58]
 |   |   |   |- Guid:B865D61B473CDD196F56BDA8F1637BEE BaseClass: NativeClass:/Script/Landscape.LandscapeStreamingProxy Name:LandscapeStreamingProxy_D7T4VF4LBP34PHV9XOEVM5TIG_1_5_6_0 Label:LandscapeStreamingProxy_5_6_0 SpatiallyLoaded:1 Bounds:IsValid=true, Min=(X=25200.000 Y=50400.000 Z=-21911.719), Max=(X=50400.000 Y=75600.000 Z=8677.344) RuntimeGrid:None EditorOnly:0 RuntimeOnly:0 HLODRelevant:1
 |   |   |- [+] [ 59]
 |   |   |   |- Guid:E47B76FA47A3F5F672C7C0B4FCEFE9C1 BaseClass: NativeClass:/Script/Engine.StaticMeshActor Name:StaticMeshActor_UAID_98BB1E1C38281BF301_1414657520 Label:Cube4 SpatiallyLoaded:1 Bounds:IsValid=true, Min=(X=-8217.455 Y=14303.994 Z=173.333), Max=(X=-8117.455 Y=14555.876 Z=273.333) RuntimeGrid:None EditorOnly:0 RuntimeOnly:0 HLODRelevant:1
 |   |   |- [+] [ 60]
 |   |   |   |- Guid:986A09ED4961A78E34EE1981B2281B28 BaseClass: NativeClass:/Script/Landscape.LandscapeStreamingProxy Name:LandscapeStreamingProxy_D7T4VF4LBP34PHV9XOEVM5TIG_1_6_4_0 Label:LandscapeStreamingProxy_6_4_0 SpatiallyLoaded:1 Bounds:IsValid=true, Min=(X=50400.000 Y=0.000 Z=-853.906), Max=(X=75600.000 Y=25200.000 Z=7369.531) RuntimeGrid:None EditorOnly:0 RuntimeOnly:0 HLODRelevant:1
 |   |   |- [+] [ 61]
 |   |   |   |- Guid:3E25F0A8458FB2B2C4FDCCBEFBB79D7C BaseClass: NativeClass:/Script/Landscape.LandscapeStreamingProxy Name:LandscapeStreamingProxy_D7T4VF4LBP34PHV9XOEVM5TIG_1_7_6_0 Label:LandscapeStreamingProxy_7_6_0 SpatiallyLoaded:1 Bounds:IsValid=true, Min=(X=75600.000 Y=50400.000 Z=1889.062), Max=(X=100800.000 Y=75600.000 Z=14168.750) RuntimeGrid:None EditorOnly:0 RuntimeOnly:0 HLODRelevant:1
 |- ContainerInstances:
 |- [+] MainContainer:
 |   |-        ID: 0x0000000000000000
 |   |-    Bounds: IsValid=true, Min=(X=-50400.000 Y=-75600.000 Z=-23598.438), Max=(X=100800.000 Y=75600.000 Z=14168.750)
 |   |- Transform: 0.000000,0.000000,0.000000|0.000000,0.000000,-0.000000|1.000000,1.000000,1.000000
 |   |- Container: /Game/Level/Basic
----------------------------------------------------------------------------------------------------------------
Basic - Persistent Level
----------------------------------------------------------------------------------------------------------------
Always loaded Actor Count: 73 

----------------------------------------------------------------------------------------------------------------
Basic - Runtime Spatial Hash - Streaming Grid - MainGrid
----------------------------------------------------------------------------------------------------------------
            Origin: X=0.000 Y=0.000 Z=0.000
         Cell Size: 25600
      World Bounds: IsValid=true, Min=(X=-50400.000 Y=-75600.000 Z=-23598.438), Max=(X=100800.000 Y=75600.000 Z=14168.750)
     Loading Range: 76800.00
Block Slow Loading: No
 ClientOnlyVisible: No

[+] Grid Levels: 4
 |- Level  0: Cell Count   26 | Cell Size   25600 | Actor Count   44 (100.0%)
 |- Level  1: Cell Count    0 | Cell Size   51200 | Actor Count    0 (0.0%)
 |- Level  2: Cell Count    0 | Cell Size  102400 | Actor Count    0 (0.0%)
 |- Level  3: Cell Count    0 | Cell Size  204800 | Actor Count    0 (0.0%)

[+] Content of Grid Level 0
 |- [+] Content of Cell MainGrid_L0_X-1_Y0
 |   |- Actor Count: 18
 |   |- Actor Path: /Game/Level/Basic.Basic:PersistentLevel.BP_FishPool_C_UAID_C8D9D223095921F201_1937790520
 |   |- Actor Package: /Game/__ExternalActors__/Level/Basic/5/LE/28VJZ76KLYZ6MBAAD6XP05
 |   |- Actor Path: /Game/Level/Basic.Basic:PersistentLevel.StaticMeshActor_UAID_98BB1E1C382828F201_1509260752
 |   |- Actor Package: /Game/__ExternalActors__/Level/Basic/5/GM/6NFUBOZFVJ6KILJNMFNIVR
 |   |- Actor Path: /Game/Level/Basic.Basic:PersistentLevel.BP_Dizzy_2_C_UAID_C8D3FFBB282932F601_2046255738
 |   |- Actor Package: /Game/__ExternalActors__/Level/Basic/5/M0/3ZHABC406YPG5WNDVZCVEG
 |   |- Actor Path: /Game/Level/Basic.Basic:PersistentLevel.BP_PickUp_C_UAID_98BB1E1C3828D6F601_1866065600
 |   |- Actor Package: /Game/__ExternalActors__/Level/Basic/A/Y4/VISCE8RY3UTT9EC7E7SUWP
 |   |- Actor Path: /Game/Level/Basic.Basic:PersistentLevel.BP_PickUp_C_UAID_98BB1E1C3828D6F601_1857989599
 |   |- Actor Package: /Game/__ExternalActors__/Level/Basic/0/LC/2TT9WI664TN91J4HNXLXM5
 |   |- Actor Path: /Game/Level/Basic.Basic:PersistentLevel.StaticMeshActor_UAID_98BB1E1C38281BF301_1425502521
 |   |- Actor Package: /Game/__ExternalActors__/Level/Basic/6/WV/WR3117GN6NKRAG1FKN4RJA
 |   |- Actor Path: /Game/Level/Basic.Basic:PersistentLevel.BP_Pet_C_UAID_98BB1E1C382802F401_1345303175
 |   |- Actor Package: /Game/__ExternalActors__/Level/Basic/6/NY/7SLS7MZ13JQ08ONOGCUQJP
 |   |- Actor Path: /Game/Level/Basic.Basic:PersistentLevel.BP_PickUp_C_UAID_98BB1E1C3828CBF601_1897413664
 |   |- Actor Package: /Game/__ExternalActors__/Level/Basic/6/12/PD50B2I7S24V1NCGXX5QQT
 |   |- Actor Path: /Game/Level/Basic.Basic:PersistentLevel.BP_Tame_Animal_C_UAID_98BB1E1C382820F701_2033557623
 |   |- Actor Package: /Game/__ExternalActors__/Level/Basic/6/MC/TC63ZS1FP4CPUAWSKT3NTI
 |   |- Actor Path: /Game/Level/Basic.Basic:PersistentLevel.BP_Interact_C_UAID_98BB1E1C3828AAF301_1274139688
 |   |- Actor Package: /Game/__ExternalActors__/Level/Basic/9/BO/PUFAWTQHB68GIQQ1YXN6Z0
 |   |- Actor Path: /Game/Level/Basic.Basic:PersistentLevel.BP_Dizzy_C_UAID_C8D3FFBB282931F601_1479872561
 |   |- Actor Package: /Game/__ExternalActors__/Level/Basic/9/75/L86I6IKB318KB39NYCOJ6B
 |   |- Actor Path: /Game/Level/Basic.Basic:PersistentLevel.BP_Enemy_Animal_C_UAID_98BB1E1C382866F701_1370494944
 |   |- Actor Package: /Game/__ExternalActors__/Level/Basic/9/TE/EG5P080SJVJ2LJ41WNEHL3
 |   |- Actor Path: /Game/Level/Basic.Basic:PersistentLevel.StaticMeshActor_UAID_98BB1E1C38281BF301_1295432519
 |   |- Actor Package: /Game/__ExternalActors__/Level/Basic/4/23/FFUR5W68B98EWGK455YZXJ
 |   |- Actor Path: /Game/Level/Basic.Basic:PersistentLevel.BP_Roster_C_UAID_98BB1E1C38289FF501_1163702863
 |   |- Actor Package: /Game/__ExternalActors__/Level/Basic/4/FP/5D3Y8WDD9FGV75S0K5FFOP
 |   |- Actor Path: /Game/Level/Basic.Basic:PersistentLevel.LandscapeStreamingProxy_D7T4VF4LBP34PHV9XOEVM5TIG_1_3_4_0
 |   |- Actor Package: /Game/__ExternalActors__/Level/Basic/2/AP/EV4093T9K0V1VLPVAPUZ6C
 |   |- Actor Path: /Game/Level/Basic.Basic:PersistentLevel.StaticMeshActor_UAID_98BB1E1C382828F201_1335121751
 |   |- Actor Package: /Game/__ExternalActors__/Level/Basic/7/WX/9LRMOX57PI9XO8YEMQQ4HJ
 |   |- Actor Path: /Game/Level/Basic.Basic:PersistentLevel.BP_Dialogue_NPC_C_UAID_98BB1E1C3828AAF301_1454459689
 |   |- Actor Package: /Game/__ExternalActors__/Level/Basic/7/OV/4X09EOPZ9RELIA2KU72XJ2
 |   |- Actor Path: /Game/Level/Basic.Basic:PersistentLevel.StaticMeshActor_UAID_98BB1E1C38281BF301_1414657520
 |   |- Actor Package: /Game/__ExternalActors__/Level/Basic/3/TP/QS78Y4PXL23QZ82I141X4R
 |- [+] Content of Cell MainGrid_L0_X2_Y-2
 |   |- Actor Count: 1
 |   |- Actor Path: /Game/Level/Basic.Basic:PersistentLevel.LandscapeStreamingProxy_D7T4VF4LBP34PHV9XOEVM5TIG_1_6_2_0
 |   |- Actor Package: /Game/__ExternalActors__/Level/Basic/A/BD/N9RQGOMVU2BH8C6693XPI3
 |- [+] Content of Cell MainGrid_L0_X-2_Y2
 |   |- Actor Count: 1
 |   |- Actor Path: /Game/Level/Basic.Basic:PersistentLevel.LandscapeStreamingProxy_D7T4VF4LBP34PHV9XOEVM5TIG_1_2_6_0
 |   |- Actor Package: /Game/__ExternalActors__/Level/Basic/A/8P/2AMBOIKLNOW826IQ7R6890
 |- [+] Content of Cell MainGrid_L0_X-1_Y2
 |   |- Actor Count: 1
 |   |- Actor Path: /Game/Level/Basic.Basic:PersistentLevel.LandscapeStreamingProxy_D7T4VF4LBP34PHV9XOEVM5TIG_1_3_6_0
 |   |- Actor Package: /Game/__ExternalActors__/Level/Basic/A/HP/R31SKEL1DVKP16BQPBH2FR
 |- [+] Content of Cell MainGrid_L0_X1_Y1
 |   |- Actor Count: 1
 |   |- Actor Path: /Game/Level/Basic.Basic:PersistentLevel.LandscapeStreamingProxy_D7T4VF4LBP34PHV9XOEVM5TIG_1_5_5_0
 |   |- Actor Package: /Game/__ExternalActors__/Level/Basic/A/AN/BE1G8NBVU0GT3EUNMQ3XSL
 |- [+] Content of Cell MainGrid_L0_X3_Y1
 |   |- Actor Count: 1
 |   |- Actor Path: /Game/Level/Basic.Basic:PersistentLevel.LandscapeStreamingProxy_D7T4VF4LBP34PHV9XOEVM5TIG_1_7_5_0
 |   |- Actor Package: /Game/__ExternalActors__/Level/Basic/A/A3/8H86PR540W5FKKFQGMSX48
 |- [+] Content of Cell MainGrid_L0_X-1_Y1
 |   |- Actor Count: 2
 |   |- Actor Path: /Game/Level/Basic.Basic:PersistentLevel.BP_FishPool_C_UAID_C8D9D223095906F301_1370291823
 |   |- Actor Package: /Game/__ExternalActors__/Level/Basic/0/6A/7DAQUVJVHX88U9T0ZW1PMB
 |   |- Actor Path: /Game/Level/Basic.Basic:PersistentLevel.LandscapeStreamingProxy_D7T4VF4LBP34PHV9XOEVM5TIG_1_3_5_0
 |   |- Actor Package: /Game/__ExternalActors__/Level/Basic/2/DL/AUJ2YV45R3OGYKSC58XLQR
 |- [+] Content of Cell MainGrid_L0_X-1_Y-1
 |   |- Actor Count: 1
 |   |- Actor Path: /Game/Level/Basic.Basic:PersistentLevel.LandscapeStreamingProxy_D7T4VF4LBP34PHV9XOEVM5TIG_1_3_3_0
 |   |- Actor Package: /Game/__ExternalActors__/Level/Basic/8/6X/1DJU97ASAVRRX14CZKGE6I
 |- [+] Content of Cell MainGrid_L0_X1_Y-3
 |   |- Actor Count: 1
 |   |- Actor Path: /Game/Level/Basic.Basic:PersistentLevel.LandscapeStreamingProxy_D7T4VF4LBP34PHV9XOEVM5TIG_1_5_1_0
 |   |- Actor Package: /Game/__ExternalActors__/Level/Basic/8/JK/19IJ6Q7VVBCW3SAQYNL106
 |- [+] Content of Cell MainGrid_L0_X0_Y2
 |   |- Actor Count: 1
 |   |- Actor Path: /Game/Level/Basic.Basic:PersistentLevel.LandscapeStreamingProxy_D7T4VF4LBP34PHV9XOEVM5TIG_1_4_6_0
 |   |- Actor Package: /Game/__ExternalActors__/Level/Basic/8/DY/JRKDZL33WIM6ZC9RIMF1UQ
 |- [+] Content of Cell MainGrid_L0_X2_Y-1
 |   |- Actor Count: 1
 |   |- Actor Path: /Game/Level/Basic.Basic:PersistentLevel.LandscapeStreamingProxy_D7T4VF4LBP34PHV9XOEVM5TIG_1_6_3_0
 |   |- Actor Package: /Game/__ExternalActors__/Level/Basic/6/M4/SIWR7E2Z87N9M6S8S4Z2IV
 |- [+] Content of Cell MainGrid_L0_X0_Y0
 |   |- Actor Count: 1
 |   |- Actor Path: /Game/Level/Basic.Basic:PersistentLevel.LandscapeStreamingProxy_D7T4VF4LBP34PHV9XOEVM5TIG_1_4_4_0
 |   |- Actor Package: /Game/__ExternalActors__/Level/Basic/1/LP/F7JRJU6Z3KJB1C5L6EX22C
 |- [+] Content of Cell MainGrid_L0_X1_Y0
 |   |- Actor Count: 1
 |   |- Actor Path: /Game/Level/Basic.Basic:PersistentLevel.LandscapeStreamingProxy_D7T4VF4LBP34PHV9XOEVM5TIG_1_5_4_0
 |   |- Actor Package: /Game/__ExternalActors__/Level/Basic/1/GM/2SXN9TYYK7QRVJ26665RWO
 |- [+] Content of Cell MainGrid_L0_X1_Y-1
 |   |- Actor Count: 1
 |   |- Actor Path: /Game/Level/Basic.Basic:PersistentLevel.LandscapeStreamingProxy_D7T4VF4LBP34PHV9XOEVM5TIG_1_5_3_0
 |   |- Actor Package: /Game/__ExternalActors__/Level/Basic/9/WC/CKDRQGDFS12649EKVRGF95
 |- [+] Content of Cell MainGrid_L0_X-1_Y-2
 |   |- Actor Count: 1
 |   |- Actor Path: /Game/Level/Basic.Basic:PersistentLevel.LandscapeStreamingProxy_D7T4VF4LBP34PHV9XOEVM5TIG_1_3_2_0
 |   |- Actor Package: /Game/__ExternalActors__/Level/Basic/4/TW/MZ8GUW9SXSPROARESGGBR6
 |- [+] Content of Cell MainGrid_L0_X-2_Y1
 |   |- Actor Count: 1
 |   |- Actor Path: /Game/Level/Basic.Basic:PersistentLevel.LandscapeStreamingProxy_D7T4VF4LBP34PHV9XOEVM5TIG_1_2_5_0
 |   |- Actor Package: /Game/__ExternalActors__/Level/Basic/4/NA/ZT8U7FMW5E6M1VUU9IEQAR
 |- [+] Content of Cell MainGrid_L0_X0_Y-1
 |   |- Actor Count: 1
 |   |- Actor Path: /Game/Level/Basic.Basic:PersistentLevel.LandscapeStreamingProxy_D7T4VF4LBP34PHV9XOEVM5TIG_1_4_3_0
 |   |- Actor Package: /Game/__ExternalActors__/Level/Basic/E/ON/ATC27O7PPACDU9GRYLC1IS
 |- [+] Content of Cell MainGrid_L0_X0_Y-2
 |   |- Actor Count: 1
 |   |- Actor Path: /Game/Level/Basic.Basic:PersistentLevel.LandscapeStreamingProxy_D7T4VF4LBP34PHV9XOEVM5TIG_1_4_2_0
 |   |- Actor Package: /Game/__ExternalActors__/Level/Basic/E/ZU/NU4718ZSBFE30XVQWMW96O
 |- [+] Content of Cell MainGrid_L0_X-1_Y-3
 |   |- Actor Count: 1
 |   |- Actor Path: /Game/Level/Basic.Basic:PersistentLevel.LandscapeStreamingProxy_D7T4VF4LBP34PHV9XOEVM5TIG_1_3_1_0
 |   |- Actor Package: /Game/__ExternalActors__/Level/Basic/2/SR/R5XD72641MYA8YKTQMOOXI
 |- [+] Content of Cell MainGrid_L0_X0_Y1
 |   |- Actor Count: 1
 |   |- Actor Path: /Game/Level/Basic.Basic:PersistentLevel.LandscapeStreamingProxy_D7T4VF4LBP34PHV9XOEVM5TIG_1_4_5_0
 |   |- Actor Package: /Game/__ExternalActors__/Level/Basic/D/F3/WCQ5ZA6HU7XWJS0H67CTVJ
 |- [+] Content of Cell MainGrid_L0_X2_Y1
 |   |- Actor Count: 1
 |   |- Actor Path: /Game/Level/Basic.Basic:PersistentLevel.LandscapeStreamingProxy_D7T4VF4LBP34PHV9XOEVM5TIG_1_6_5_0
 |   |- Actor Package: /Game/__ExternalActors__/Level/Basic/D/KC/M28ET5LFNZ2P7OKXONALQ7
 |- [+] Content of Cell MainGrid_L0_X1_Y-2
 |   |- Actor Count: 1
 |   |- Actor Path: /Game/Level/Basic.Basic:PersistentLevel.LandscapeStreamingProxy_D7T4VF4LBP34PHV9XOEVM5TIG_1_5_2_0
 |   |- Actor Package: /Game/__ExternalActors__/Level/Basic/7/9H/Y6E8W9Q50OT7BOXBLKO57N
 |- [+] Content of Cell MainGrid_L0_X0_Y-3
 |   |- Actor Count: 1
 |   |- Actor Path: /Game/Level/Basic.Basic:PersistentLevel.LandscapeStreamingProxy_D7T4VF4LBP34PHV9XOEVM5TIG_1_4_1_0
 |   |- Actor Package: /Game/__ExternalActors__/Level/Basic/B/O6/NSEIAMHL4YRRYVTLWURIOC
 |- [+] Content of Cell MainGrid_L0_X1_Y2
 |   |- Actor Count: 1
 |   |- Actor Path: /Game/Level/Basic.Basic:PersistentLevel.LandscapeStreamingProxy_D7T4VF4LBP34PHV9XOEVM5TIG_1_5_6_0
 |   |- Actor Package: /Game/__ExternalActors__/Level/Basic/3/1W/GRC6YC44MVUEARQ4ANM55A
 |- [+] Content of Cell MainGrid_L0_X2_Y0
 |   |- Actor Count: 1
 |   |- Actor Path: /Game/Level/Basic.Basic:PersistentLevel.LandscapeStreamingProxy_D7T4VF4LBP34PHV9XOEVM5TIG_1_6_4_0
 |   |- Actor Package: /Game/__ExternalActors__/Level/Basic/C/0D/PSRKYS618DWNORZI4YOID3
 |- [+] Content of Cell MainGrid_L0_X3_Y2
 |   |- Actor Count: 1
 |   |- Actor Path: /Game/Level/Basic.Basic:PersistentLevel.LandscapeStreamingProxy_D7T4VF4LBP34PHV9XOEVM5TIG_1_7_6_0
 |   |- Actor Package: /Game/__ExternalActors__/Level/Basic/C/IM/9YY49ALF5XZ2ZCP0Q9AIBJ
[+] Content of Grid Level 1
[+] Content of Grid Level 2
[+] Content of Grid Level 3

