[+] Containers:
 |- [+] Container: /Game/Level/Basic
 |   |- [+] ActorDescs:
 |   |   |- Guid:01208A6044FF4AEFBD063A8704623BC7 BaseClass: NativeClass:/Script/Water.WaterBodyOcean Name:WaterBodyOcean_UAID_98BB1E1C382823F101_1696778835 Label:WaterBodyOcean SpatiallyLoaded:0 Bounds:IsValid=true, Min=(X=-38820.000 Y=-50170.000 Z=-19900.000), Max=(X=12380.000 Y=1030.000 Z=100.000) RuntimeGrid:None EditorOnly:0 RuntimeOnly:0 HLODRelevant:1
 |   |   |- Guid:03920DF94EEFC9F86CC66185D32A3DA1 BaseClass: NativeClass:/Script/Engine.StaticMeshActor Name:StaticMeshActor_UAID_A4AE111137DC54FB00_1240666663 Label:SM_SkySphere SpatiallyLoaded:0 Bounds:IsValid=true, Min=(X=-1638400.000 Y=-1638400.000 Z=-1638400.000), Max=(X=1638400.000 Y=1638400.000 Z=1638400.000) RuntimeGrid:None EditorOnly:0 RuntimeOnly:0 HLODRelevant:0 FolderPath:Lighting FolderGuid:B7E9BD5B45A652654791988DEF54CCEB
 |   |   |- Guid:1758CAA140D13583F9CDD9907680BB93 BaseClass: NativeClass:/Script/Landscape.LandscapeStreamingProxy Name:LandscapeStreamingProxy_10T941CBD8WGHFH766KKHKL70_126_3_2_0 Label:LandscapeStreamingProxy_3_2_0 SpatiallyLoaded:1 Bounds:IsValid=true, Min=(X=12600.000 Y=0.000 Z=-1997.656), Max=(X=25200.000 Y=12600.000 Z=-1797.656) RuntimeGrid:None EditorOnly:0 RuntimeOnly:0 HLODRelevant:1
 |   |   |- Guid:18154AD8419DBA4D45724D9E3296B399 BaseClass: NativeClass:/Script/Water.WaterZone Name:WaterZone_UAID_98BB1E1C382823F101_1696840836 Label:WaterZone SpatiallyLoaded:0 Bounds:IsValid=true, Min=(X=-25600.000 Y=-25600.000 Z=-25600.000), Max=(X=25600.000 Y=25600.000 Z=25600.000) RuntimeGrid:None EditorOnly:0 RuntimeOnly:0 HLODRelevant:0
 |   |   |- Guid:1D3D26F04B6DC10BEFB5B69E5CF914C8 BaseClass: NativeClass:/Script/Engine.VolumetricCloud Name:VolumetricCloud_UAID_A85E45CFE40401D200_1470381760 Label:VolumetricCloud SpatiallyLoaded:0 Bounds:IsValid=true, Min=(X=0.000 Y=0.000 Z=0.000), Max=(X=0.000 Y=0.000 Z=0.000) RuntimeGrid:None EditorOnly:0 RuntimeOnly:0 HLODRelevant:0 FolderPath:Lighting FolderGuid:B7E9BD5B45A652654791988DEF54CCEB
 |   |   |- Guid:1DE8D7AC4103A2EABA11649C7FCF8ACA BaseClass: NativeClass:/Script/Engine.SkyLight Name:SkyLight_UAID_A85E45CFE40401D200_1470380759 Label:SkyLight SpatiallyLoaded:0 Bounds:IsValid=true, Min=(X=0.000 Y=0.000 Z=0.000), Max=(X=0.000 Y=0.000 Z=0.000) RuntimeGrid:None EditorOnly:0 RuntimeOnly:0 HLODRelevant:0 FolderPath:Lighting FolderGuid:B7E9BD5B45A652654791988DEF54CCEB
 |   |   |- Guid:2332631043D1ECD1457008A3CE26C61A BaseClass: NativeClass:/Script/Landscape.LandscapeStreamingProxy Name:LandscapeStreamingProxy_10T941CBD8WGHFH766KKHKL70_126_2_0_0 Label:LandscapeStreamingProxy_2_0_0 SpatiallyLoaded:1 Bounds:IsValid=true, Min=(X=0.000 Y=-25200.000 Z=-1897.656), Max=(X=12600.000 Y=-12600.000 Z=133.594) RuntimeGrid:None EditorOnly:0 RuntimeOnly:0 HLODRelevant:1
 |   |   |- Guid:2CE12F874AA39D020A0F4BA5739BD305 BaseClass: NativeClass:/Script/Engine.SkyAtmosphere Name:SkyAtmosphere_UAID_A85E45CFE40401D200_1470382762 Label:SkyAtmosphere SpatiallyLoaded:0 Bounds:IsValid=true, Min=(X=0.000 Y=0.000 Z=0.000), Max=(X=0.000 Y=0.000 Z=0.000) RuntimeGrid:None EditorOnly:0 RuntimeOnly:0 HLODRelevant:0 FolderPath:Lighting FolderGuid:B7E9BD5B45A652654791988DEF54CCEB
 |   |   |- Guid:30FC54E44104A602B0399590720911B5 BaseClass: NativeClass:/Script/Landscape.LandscapeStreamingProxy Name:LandscapeStreamingProxy_10T941CBD8WGHFH766KKHKL70_126_1_3_0 Label:LandscapeStreamingProxy_1_3_0 SpatiallyLoaded:1 Bounds:IsValid=true, Min=(X=-12600.000 Y=12600.000 Z=-1997.656), Max=(X=0.000 Y=25200.000 Z=-1797.656) RuntimeGrid:None EditorOnly:0 RuntimeOnly:0 HLODRelevant:1
 |   |   |- Guid:34497DE7423B8644CFABAC8E1AB58FF8 BaseClass: NativeClass:/Script/Landscape.LandscapeStreamingProxy Name:LandscapeStreamingProxy_10T941CBD8WGHFH766KKHKL70_126_0_3_0 Label:LandscapeStreamingProxy_0_3_0 SpatiallyLoaded:1 Bounds:IsValid=true, Min=(X=-25200.000 Y=12600.000 Z=-1997.656), Max=(X=-12600.000 Y=25200.000 Z=-1797.656) RuntimeGrid:None EditorOnly:0 RuntimeOnly:0 HLODRelevant:1
 |   |   |- Guid:36874433447F967B4E9DC79CE4E87E32 BaseClass: NativeClass:/Script/Landscape.LandscapeStreamingProxy Name:LandscapeStreamingProxy_10T941CBD8WGHFH766KKHKL70_126_2_3_0 Label:LandscapeStreamingProxy_2_3_0 SpatiallyLoaded:1 Bounds:IsValid=true, Min=(X=0.000 Y=12600.000 Z=-1997.656), Max=(X=12600.000 Y=25200.000 Z=-1797.656) RuntimeGrid:None EditorOnly:0 RuntimeOnly:0 HLODRelevant:1
 |   |   |- Guid:429A6FD543BB6B11E86CEEA0D7C5B0A7 BaseClass: NativeClass:/Script/Landscape.LandscapeStreamingProxy Name:LandscapeStreamingProxy_10T941CBD8WGHFH766KKHKL70_126_0_1_0 Label:LandscapeStreamingProxy_0_1_0 SpatiallyLoaded:1 Bounds:IsValid=true, Min=(X=-25200.000 Y=-12600.000 Z=-1897.656), Max=(X=-12600.000 Y=0.000 Z=133.594) RuntimeGrid:None EditorOnly:0 RuntimeOnly:0 HLODRelevant:1
 |   |   |- Guid:4BB3F5FA432D0DC7A761038FC1F660F7 BaseClass: NativeClass:/Script/Engine.DirectionalLight Name:DirectionalLight_UAID_98BB1E1C382813ED01_1234164775 Label:NightLight SpatiallyLoaded:0 Bounds:IsValid=true, Min=(X=-4398046511104.000 Y=-4398046511104.000 Z=-4398046511104.000), Max=(X=4398046511104.000 Y=4398046511104.000 Z=4398046511104.000) RuntimeGrid:None EditorOnly:0 RuntimeOnly:0 HLODRelevant:0 FolderPath:Lighting FolderGuid:B7E9BD5B45A652654791988DEF54CCEB
 |   |   |- Guid:5189B6864E79CA8ABBB755BBB0E90D76 BaseClass: NativeClass:/Script/Landscape.LandscapeStreamingProxy Name:LandscapeStreamingProxy_10T941CBD8WGHFH766KKHKL70_126_3_3_0 Label:LandscapeStreamingProxy_3_3_0 SpatiallyLoaded:1 Bounds:IsValid=true, Min=(X=12600.000 Y=12600.000 Z=-1997.656), Max=(X=25200.000 Y=25200.000 Z=-1797.656) RuntimeGrid:None EditorOnly:0 RuntimeOnly:0 HLODRelevant:1
 |   |   |- Guid:5368FABB47D6D9580DAECA8B0417BF92 BaseClass: NativeClass:/Script/Engine.WorldDataLayers Name:WorldDataLayers Label:WorldDataLayers-1 SpatiallyLoaded:0 Bounds:IsValid=true, Min=(X=0.000 Y=0.000 Z=0.000), Max=(X=0.000 Y=0.000 Z=0.000) RuntimeGrid:None EditorOnly:0 RuntimeOnly:0 HLODRelevant:0
 |   |   |- Guid:58BBCCB544D513C5BAFFE5B90BE9769C BaseClass: NativeClass:/Script/Landscape.Landscape Name:Landscape_UAID_98BB1E1C382823F101_1665414834 Label:Landscape SpatiallyLoaded:0 Bounds:IsValid=true, Min=(X=-25200.000 Y=-25200.000 Z=100.000), Max=(X=-25200.000 Y=-25200.000 Z=100.000) RuntimeGrid:None EditorOnly:0 RuntimeOnly:0 HLODRelevant:0
 |   |   |- Guid:6CC4F11D4EF6476A4CFC80882AEA45CF BaseClass: NativeClass:/Script/Landscape.LandscapeStreamingProxy Name:LandscapeStreamingProxy_10T941CBD8WGHFH766KKHKL70_126_2_2_0 Label:LandscapeStreamingProxy_2_2_0 SpatiallyLoaded:1 Bounds:IsValid=true, Min=(X=0.000 Y=0.000 Z=-1997.656), Max=(X=12600.000 Y=12600.000 Z=-1797.656) RuntimeGrid:None EditorOnly:0 RuntimeOnly:0 HLODRelevant:1
 |   |   |- Guid:6DD3C48D441E37F042F20483F86E51BE BaseClass: NativeClass:/Script/Landscape.LandscapeStreamingProxy Name:LandscapeStreamingProxy_10T941CBD8WGHFH766KKHKL70_126_2_1_0 Label:LandscapeStreamingProxy_2_1_0 SpatiallyLoaded:1 Bounds:IsValid=true, Min=(X=0.000 Y=-12600.000 Z=-1997.656), Max=(X=12600.000 Y=0.000 Z=-317.188) RuntimeGrid:None EditorOnly:0 RuntimeOnly:0 HLODRelevant:1
 |   |   |- Guid:71E6671D46C2DF4BBB30F8B398053F55 BaseClass: NativeClass:/Script/Landscape.LandscapeStreamingProxy Name:LandscapeStreamingProxy_10T941CBD8WGHFH766KKHKL70_126_1_0_0 Label:LandscapeStreamingProxy_1_0_0 SpatiallyLoaded:1 Bounds:IsValid=true, Min=(X=-12600.000 Y=-25200.000 Z=-317.188), Max=(X=0.000 Y=-12600.000 Z=133.594) RuntimeGrid:None EditorOnly:0 RuntimeOnly:0 HLODRelevant:1
 |   |   |- Guid:7D228D4F4AD59785F0CE939EC56E412E BaseClass: NativeClass:/Script/Landscape.LandscapeStreamingProxy Name:LandscapeStreamingProxy_10T941CBD8WGHFH766KKHKL70_126_0_2_0 Label:LandscapeStreamingProxy_0_2_0 SpatiallyLoaded:1 Bounds:IsValid=true, Min=(X=-25200.000 Y=0.000 Z=-1997.656), Max=(X=-12600.000 Y=12600.000 Z=-1797.656) RuntimeGrid:None EditorOnly:0 RuntimeOnly:0 HLODRelevant:1
 |   |   |- Guid:9DB4239F44F5B0B2D276CAA02A92AF23 BaseClass: NativeClass:/Script/Landscape.LandscapeStreamingProxy Name:LandscapeStreamingProxy_10T941CBD8WGHFH766KKHKL70_126_3_1_0 Label:LandscapeStreamingProxy_3_1_0 SpatiallyLoaded:1 Bounds:IsValid=true, Min=(X=12600.000 Y=-12600.000 Z=-1997.656), Max=(X=25200.000 Y=0.000 Z=-1797.656) RuntimeGrid:None EditorOnly:0 RuntimeOnly:0 HLODRelevant:1
 |   |   |- Guid:A957F9974DF5E8E51E4DEFBF68BE95DA BaseClass: NativeClass:/Script/Landscape.LandscapeStreamingProxy Name:LandscapeStreamingProxy_10T941CBD8WGHFH766KKHKL70_126_3_0_0 Label:LandscapeStreamingProxy_3_0_0 SpatiallyLoaded:1 Bounds:IsValid=true, Min=(X=12600.000 Y=-25200.000 Z=-1997.656), Max=(X=25200.000 Y=-12600.000 Z=-1797.656) RuntimeGrid:None EditorOnly:0 RuntimeOnly:0 HLODRelevant:1
 |   |   |- Guid:AAAC6B5742760A58C2206DB37E44683C BaseClass: NativeClass:/Script/Engine.DirectionalLight Name:DirectionalLight_UAID_A85E45CFE40401D200_1470382761 Label:SunLight SpatiallyLoaded:0 Bounds:IsValid=true, Min=(X=-4398046511104.000 Y=-4398046511104.000 Z=-4398046511104.000), Max=(X=4398046511104.000 Y=4398046511104.000 Z=4398046511104.000) RuntimeGrid:None EditorOnly:0 RuntimeOnly:0 HLODRelevant:0 FolderPath:Lighting FolderGuid:B7E9BD5B45A652654791988DEF54CCEB
 |   |   |- Guid:C0D84F2A4009D593D000999C2C497ED5 BaseClass: NativeClass:/Script/Landscape.LandscapeStreamingProxy Name:LandscapeStreamingProxy_10T941CBD8WGHFH766KKHKL70_126_1_1_0 Label:LandscapeStreamingProxy_1_1_0 SpatiallyLoaded:1 Bounds:IsValid=true, Min=(X=-12600.000 Y=-12600.000 Z=-1897.656), Max=(X=0.000 Y=0.000 Z=133.594) RuntimeGrid:None EditorOnly:0 RuntimeOnly:0 HLODRelevant:1
 |   |   |- Guid:D3FB7383421AAEFD3DB6F8B1E415A9FE BaseClass: NativeClass:/Script/Engine.ExponentialHeightFog Name:ExponentialHeightFog_UAID_A85E45CFE40401D200_1470382763 Label:ExponentialHeightFog SpatiallyLoaded:0 Bounds:IsValid=true, Min=(X=-5600.000 Y=-50.000 Z=-6850.000), Max=(X=-5600.000 Y=-50.000 Z=-6850.000) RuntimeGrid:None EditorOnly:0 RuntimeOnly:0 HLODRelevant:0 FolderPath:Lighting FolderGuid:B7E9BD5B45A652654791988DEF54CCEB
 |   |   |- Guid:D73EDE6740C2FE55D5790A8AABF55EC5 BaseClass: NativeClass:/Script/Landscape.LandscapeStreamingProxy Name:LandscapeStreamingProxy_10T941CBD8WGHFH766KKHKL70_126_1_2_0 Label:LandscapeStreamingProxy_1_2_0 SpatiallyLoaded:1 Bounds:IsValid=true, Min=(X=-12600.000 Y=0.000 Z=-1997.656), Max=(X=0.000 Y=12600.000 Z=-1797.656) RuntimeGrid:None EditorOnly:0 RuntimeOnly:0 HLODRelevant:1
 |   |   |- Guid:DA5F2C9F457EC7522250D1981F4C6308 BaseClass: NativeClass:/Script/WaterEditor.WaterBrushManager Name:Landscape_WaterBrushManager_3 Label:Landscape_WaterBrushManager SpatiallyLoaded:0 Bounds:IsValid=true, Min=(X=0.000 Y=0.000 Z=0.000), Max=(X=350.000 Y=350.000 Z=50000.000) RuntimeGrid:None EditorOnly:0 RuntimeOnly:0 HLODRelevant:0
 |   |   |- Guid:F728B8D149E2C59758EC9FAC48402707 BaseClass: NativeClass:/Script/Landscape.LandscapeStreamingProxy Name:LandscapeStreamingProxy_10T941CBD8WGHFH766KKHKL70_126_0_0_0 Label:LandscapeStreamingProxy_0_0_0 SpatiallyLoaded:1 Bounds:IsValid=true, Min=(X=-25200.000 Y=-25200.000 Z=-43.750), Max=(X=-12600.000 Y=-12600.000 Z=133.594) RuntimeGrid:None EditorOnly:0 RuntimeOnly:0 HLODRelevant:1
 |   |- [+] Clusters:
 |   |   |- [+] [  0]
 |   |   |   |- Guid:5368FABB47D6D9580DAECA8B0417BF92 BaseClass: NativeClass:/Script/Engine.WorldDataLayers Name:WorldDataLayers Label:WorldDataLayers-1 SpatiallyLoaded:0 Bounds:IsValid=true, Min=(X=0.000 Y=0.000 Z=0.000), Max=(X=0.000 Y=0.000 Z=0.000) RuntimeGrid:None EditorOnly:0 RuntimeOnly:0 HLODRelevant:0
 |   |   |- [+] [  1]
 |   |   |   |- Guid:03920DF94EEFC9F86CC66185D32A3DA1 BaseClass: NativeClass:/Script/Engine.StaticMeshActor Name:StaticMeshActor_UAID_A4AE111137DC54FB00_1240666663 Label:SM_SkySphere SpatiallyLoaded:0 Bounds:IsValid=true, Min=(X=-1638400.000 Y=-1638400.000 Z=-1638400.000), Max=(X=1638400.000 Y=1638400.000 Z=1638400.000) RuntimeGrid:None EditorOnly:0 RuntimeOnly:0 HLODRelevant:0 FolderPath:Lighting FolderGuid:B7E9BD5B45A652654791988DEF54CCEB
 |   |   |- [+] [  2]
 |   |   |   |- Guid:AAAC6B5742760A58C2206DB37E44683C BaseClass: NativeClass:/Script/Engine.DirectionalLight Name:DirectionalLight_UAID_A85E45CFE40401D200_1470382761 Label:SunLight SpatiallyLoaded:0 Bounds:IsValid=true, Min=(X=-4398046511104.000 Y=-4398046511104.000 Z=-4398046511104.000), Max=(X=4398046511104.000 Y=4398046511104.000 Z=4398046511104.000) RuntimeGrid:None EditorOnly:0 RuntimeOnly:0 HLODRelevant:0 FolderPath:Lighting FolderGuid:B7E9BD5B45A652654791988DEF54CCEB
 |   |   |- [+] [  3]
 |   |   |   |- Guid:2CE12F874AA39D020A0F4BA5739BD305 BaseClass: NativeClass:/Script/Engine.SkyAtmosphere Name:SkyAtmosphere_UAID_A85E45CFE40401D200_1470382762 Label:SkyAtmosphere SpatiallyLoaded:0 Bounds:IsValid=true, Min=(X=0.000 Y=0.000 Z=0.000), Max=(X=0.000 Y=0.000 Z=0.000) RuntimeGrid:None EditorOnly:0 RuntimeOnly:0 HLODRelevant:0 FolderPath:Lighting FolderGuid:B7E9BD5B45A652654791988DEF54CCEB
 |   |   |- [+] [  4]
 |   |   |   |- Guid:1DE8D7AC4103A2EABA11649C7FCF8ACA BaseClass: NativeClass:/Script/Engine.SkyLight Name:SkyLight_UAID_A85E45CFE40401D200_1470380759 Label:SkyLight SpatiallyLoaded:0 Bounds:IsValid=true, Min=(X=0.000 Y=0.000 Z=0.000), Max=(X=0.000 Y=0.000 Z=0.000) RuntimeGrid:None EditorOnly:0 RuntimeOnly:0 HLODRelevant:0 FolderPath:Lighting FolderGuid:B7E9BD5B45A652654791988DEF54CCEB
 |   |   |- [+] [  5]
 |   |   |   |- Guid:4BB3F5FA432D0DC7A761038FC1F660F7 BaseClass: NativeClass:/Script/Engine.DirectionalLight Name:DirectionalLight_UAID_98BB1E1C382813ED01_1234164775 Label:NightLight SpatiallyLoaded:0 Bounds:IsValid=true, Min=(X=-4398046511104.000 Y=-4398046511104.000 Z=-4398046511104.000), Max=(X=4398046511104.000 Y=4398046511104.000 Z=4398046511104.000) RuntimeGrid:None EditorOnly:0 RuntimeOnly:0 HLODRelevant:0 FolderPath:Lighting FolderGuid:B7E9BD5B45A652654791988DEF54CCEB
 |   |   |- [+] [  6]
 |   |   |   |- Guid:D3FB7383421AAEFD3DB6F8B1E415A9FE BaseClass: NativeClass:/Script/Engine.ExponentialHeightFog Name:ExponentialHeightFog_UAID_A85E45CFE40401D200_1470382763 Label:ExponentialHeightFog SpatiallyLoaded:0 Bounds:IsValid=true, Min=(X=-5600.000 Y=-50.000 Z=-6850.000), Max=(X=-5600.000 Y=-50.000 Z=-6850.000) RuntimeGrid:None EditorOnly:0 RuntimeOnly:0 HLODRelevant:0 FolderPath:Lighting FolderGuid:B7E9BD5B45A652654791988DEF54CCEB
 |   |   |- [+] [  7]
 |   |   |   |- Guid:1D3D26F04B6DC10BEFB5B69E5CF914C8 BaseClass: NativeClass:/Script/Engine.VolumetricCloud Name:VolumetricCloud_UAID_A85E45CFE40401D200_1470381760 Label:VolumetricCloud SpatiallyLoaded:0 Bounds:IsValid=true, Min=(X=0.000 Y=0.000 Z=0.000), Max=(X=0.000 Y=0.000 Z=0.000) RuntimeGrid:None EditorOnly:0 RuntimeOnly:0 HLODRelevant:0 FolderPath:Lighting FolderGuid:B7E9BD5B45A652654791988DEF54CCEB
 |   |   |- [+] [  8]
 |   |   |   |- Guid:58BBCCB544D513C5BAFFE5B90BE9769C BaseClass: NativeClass:/Script/Landscape.Landscape Name:Landscape_UAID_98BB1E1C382823F101_1665414834 Label:Landscape SpatiallyLoaded:0 Bounds:IsValid=true, Min=(X=-25200.000 Y=-25200.000 Z=100.000), Max=(X=-25200.000 Y=-25200.000 Z=100.000) RuntimeGrid:None EditorOnly:0 RuntimeOnly:0 HLODRelevant:0
 |   |   |   |- Guid:DA5F2C9F457EC7522250D1981F4C6308 BaseClass: NativeClass:/Script/WaterEditor.WaterBrushManager Name:Landscape_WaterBrushManager_3 Label:Landscape_WaterBrushManager SpatiallyLoaded:0 Bounds:IsValid=true, Min=(X=0.000 Y=0.000 Z=0.000), Max=(X=350.000 Y=350.000 Z=50000.000) RuntimeGrid:None EditorOnly:0 RuntimeOnly:0 HLODRelevant:0
 |   |   |- [+] [  9]
 |   |   |   |- Guid:F728B8D149E2C59758EC9FAC48402707 BaseClass: NativeClass:/Script/Landscape.LandscapeStreamingProxy Name:LandscapeStreamingProxy_10T941CBD8WGHFH766KKHKL70_126_0_0_0 Label:LandscapeStreamingProxy_0_0_0 SpatiallyLoaded:1 Bounds:IsValid=true, Min=(X=-25200.000 Y=-25200.000 Z=-43.750), Max=(X=-12600.000 Y=-12600.000 Z=133.594) RuntimeGrid:None EditorOnly:0 RuntimeOnly:0 HLODRelevant:1
 |   |   |- [+] [ 10]
 |   |   |   |- Guid:71E6671D46C2DF4BBB30F8B398053F55 BaseClass: NativeClass:/Script/Landscape.LandscapeStreamingProxy Name:LandscapeStreamingProxy_10T941CBD8WGHFH766KKHKL70_126_1_0_0 Label:LandscapeStreamingProxy_1_0_0 SpatiallyLoaded:1 Bounds:IsValid=true, Min=(X=-12600.000 Y=-25200.000 Z=-317.188), Max=(X=0.000 Y=-12600.000 Z=133.594) RuntimeGrid:None EditorOnly:0 RuntimeOnly:0 HLODRelevant:1
 |   |   |- [+] [ 11]
 |   |   |   |- Guid:2332631043D1ECD1457008A3CE26C61A BaseClass: NativeClass:/Script/Landscape.LandscapeStreamingProxy Name:LandscapeStreamingProxy_10T941CBD8WGHFH766KKHKL70_126_2_0_0 Label:LandscapeStreamingProxy_2_0_0 SpatiallyLoaded:1 Bounds:IsValid=true, Min=(X=0.000 Y=-25200.000 Z=-1897.656), Max=(X=12600.000 Y=-12600.000 Z=133.594) RuntimeGrid:None EditorOnly:0 RuntimeOnly:0 HLODRelevant:1
 |   |   |- [+] [ 12]
 |   |   |   |- Guid:A957F9974DF5E8E51E4DEFBF68BE95DA BaseClass: NativeClass:/Script/Landscape.LandscapeStreamingProxy Name:LandscapeStreamingProxy_10T941CBD8WGHFH766KKHKL70_126_3_0_0 Label:LandscapeStreamingProxy_3_0_0 SpatiallyLoaded:1 Bounds:IsValid=true, Min=(X=12600.000 Y=-25200.000 Z=-1997.656), Max=(X=25200.000 Y=-12600.000 Z=-1797.656) RuntimeGrid:None EditorOnly:0 RuntimeOnly:0 HLODRelevant:1
 |   |   |- [+] [ 13]
 |   |   |   |- Guid:429A6FD543BB6B11E86CEEA0D7C5B0A7 BaseClass: NativeClass:/Script/Landscape.LandscapeStreamingProxy Name:LandscapeStreamingProxy_10T941CBD8WGHFH766KKHKL70_126_0_1_0 Label:LandscapeStreamingProxy_0_1_0 SpatiallyLoaded:1 Bounds:IsValid=true, Min=(X=-25200.000 Y=-12600.000 Z=-1897.656), Max=(X=-12600.000 Y=0.000 Z=133.594) RuntimeGrid:None EditorOnly:0 RuntimeOnly:0 HLODRelevant:1
 |   |   |- [+] [ 14]
 |   |   |   |- Guid:C0D84F2A4009D593D000999C2C497ED5 BaseClass: NativeClass:/Script/Landscape.LandscapeStreamingProxy Name:LandscapeStreamingProxy_10T941CBD8WGHFH766KKHKL70_126_1_1_0 Label:LandscapeStreamingProxy_1_1_0 SpatiallyLoaded:1 Bounds:IsValid=true, Min=(X=-12600.000 Y=-12600.000 Z=-1897.656), Max=(X=0.000 Y=0.000 Z=133.594) RuntimeGrid:None EditorOnly:0 RuntimeOnly:0 HLODRelevant:1
 |   |   |- [+] [ 15]
 |   |   |   |- Guid:6DD3C48D441E37F042F20483F86E51BE BaseClass: NativeClass:/Script/Landscape.LandscapeStreamingProxy Name:LandscapeStreamingProxy_10T941CBD8WGHFH766KKHKL70_126_2_1_0 Label:LandscapeStreamingProxy_2_1_0 SpatiallyLoaded:1 Bounds:IsValid=true, Min=(X=0.000 Y=-12600.000 Z=-1997.656), Max=(X=12600.000 Y=0.000 Z=-317.188) RuntimeGrid:None EditorOnly:0 RuntimeOnly:0 HLODRelevant:1
 |   |   |- [+] [ 16]
 |   |   |   |- Guid:9DB4239F44F5B0B2D276CAA02A92AF23 BaseClass: NativeClass:/Script/Landscape.LandscapeStreamingProxy Name:LandscapeStreamingProxy_10T941CBD8WGHFH766KKHKL70_126_3_1_0 Label:LandscapeStreamingProxy_3_1_0 SpatiallyLoaded:1 Bounds:IsValid=true, Min=(X=12600.000 Y=-12600.000 Z=-1997.656), Max=(X=25200.000 Y=0.000 Z=-1797.656) RuntimeGrid:None EditorOnly:0 RuntimeOnly:0 HLODRelevant:1
 |   |   |- [+] [ 17]
 |   |   |   |- Guid:7D228D4F4AD59785F0CE939EC56E412E BaseClass: NativeClass:/Script/Landscape.LandscapeStreamingProxy Name:LandscapeStreamingProxy_10T941CBD8WGHFH766KKHKL70_126_0_2_0 Label:LandscapeStreamingProxy_0_2_0 SpatiallyLoaded:1 Bounds:IsValid=true, Min=(X=-25200.000 Y=0.000 Z=-1997.656), Max=(X=-12600.000 Y=12600.000 Z=-1797.656) RuntimeGrid:None EditorOnly:0 RuntimeOnly:0 HLODRelevant:1
 |   |   |- [+] [ 18]
 |   |   |   |- Guid:D73EDE6740C2FE55D5790A8AABF55EC5 BaseClass: NativeClass:/Script/Landscape.LandscapeStreamingProxy Name:LandscapeStreamingProxy_10T941CBD8WGHFH766KKHKL70_126_1_2_0 Label:LandscapeStreamingProxy_1_2_0 SpatiallyLoaded:1 Bounds:IsValid=true, Min=(X=-12600.000 Y=0.000 Z=-1997.656), Max=(X=0.000 Y=12600.000 Z=-1797.656) RuntimeGrid:None EditorOnly:0 RuntimeOnly:0 HLODRelevant:1
 |   |   |- [+] [ 19]
 |   |   |   |- Guid:6CC4F11D4EF6476A4CFC80882AEA45CF BaseClass: NativeClass:/Script/Landscape.LandscapeStreamingProxy Name:LandscapeStreamingProxy_10T941CBD8WGHFH766KKHKL70_126_2_2_0 Label:LandscapeStreamingProxy_2_2_0 SpatiallyLoaded:1 Bounds:IsValid=true, Min=(X=0.000 Y=0.000 Z=-1997.656), Max=(X=12600.000 Y=12600.000 Z=-1797.656) RuntimeGrid:None EditorOnly:0 RuntimeOnly:0 HLODRelevant:1
 |   |   |- [+] [ 20]
 |   |   |   |- Guid:1758CAA140D13583F9CDD9907680BB93 BaseClass: NativeClass:/Script/Landscape.LandscapeStreamingProxy Name:LandscapeStreamingProxy_10T941CBD8WGHFH766KKHKL70_126_3_2_0 Label:LandscapeStreamingProxy_3_2_0 SpatiallyLoaded:1 Bounds:IsValid=true, Min=(X=12600.000 Y=0.000 Z=-1997.656), Max=(X=25200.000 Y=12600.000 Z=-1797.656) RuntimeGrid:None EditorOnly:0 RuntimeOnly:0 HLODRelevant:1
 |   |   |- [+] [ 21]
 |   |   |   |- Guid:34497DE7423B8644CFABAC8E1AB58FF8 BaseClass: NativeClass:/Script/Landscape.LandscapeStreamingProxy Name:LandscapeStreamingProxy_10T941CBD8WGHFH766KKHKL70_126_0_3_0 Label:LandscapeStreamingProxy_0_3_0 SpatiallyLoaded:1 Bounds:IsValid=true, Min=(X=-25200.000 Y=12600.000 Z=-1997.656), Max=(X=-12600.000 Y=25200.000 Z=-1797.656) RuntimeGrid:None EditorOnly:0 RuntimeOnly:0 HLODRelevant:1
 |   |   |- [+] [ 22]
 |   |   |   |- Guid:30FC54E44104A602B0399590720911B5 BaseClass: NativeClass:/Script/Landscape.LandscapeStreamingProxy Name:LandscapeStreamingProxy_10T941CBD8WGHFH766KKHKL70_126_1_3_0 Label:LandscapeStreamingProxy_1_3_0 SpatiallyLoaded:1 Bounds:IsValid=true, Min=(X=-12600.000 Y=12600.000 Z=-1997.656), Max=(X=0.000 Y=25200.000 Z=-1797.656) RuntimeGrid:None EditorOnly:0 RuntimeOnly:0 HLODRelevant:1
 |   |   |- [+] [ 23]
 |   |   |   |- Guid:36874433447F967B4E9DC79CE4E87E32 BaseClass: NativeClass:/Script/Landscape.LandscapeStreamingProxy Name:LandscapeStreamingProxy_10T941CBD8WGHFH766KKHKL70_126_2_3_0 Label:LandscapeStreamingProxy_2_3_0 SpatiallyLoaded:1 Bounds:IsValid=true, Min=(X=0.000 Y=12600.000 Z=-1997.656), Max=(X=12600.000 Y=25200.000 Z=-1797.656) RuntimeGrid:None EditorOnly:0 RuntimeOnly:0 HLODRelevant:1
 |   |   |- [+] [ 24]
 |   |   |   |- Guid:5189B6864E79CA8ABBB755BBB0E90D76 BaseClass: NativeClass:/Script/Landscape.LandscapeStreamingProxy Name:LandscapeStreamingProxy_10T941CBD8WGHFH766KKHKL70_126_3_3_0 Label:LandscapeStreamingProxy_3_3_0 SpatiallyLoaded:1 Bounds:IsValid=true, Min=(X=12600.000 Y=12600.000 Z=-1997.656), Max=(X=25200.000 Y=25200.000 Z=-1797.656) RuntimeGrid:None EditorOnly:0 RuntimeOnly:0 HLODRelevant:1
 |   |   |- [+] [ 25]
 |   |   |   |- Guid:01208A6044FF4AEFBD063A8704623BC7 BaseClass: NativeClass:/Script/Water.WaterBodyOcean Name:WaterBodyOcean_UAID_98BB1E1C382823F101_1696778835 Label:WaterBodyOcean SpatiallyLoaded:0 Bounds:IsValid=true, Min=(X=-38820.000 Y=-50170.000 Z=-19900.000), Max=(X=12380.000 Y=1030.000 Z=100.000) RuntimeGrid:None EditorOnly:0 RuntimeOnly:0 HLODRelevant:1
 |   |   |- [+] [ 26]
 |   |   |   |- Guid:18154AD8419DBA4D45724D9E3296B399 BaseClass: NativeClass:/Script/Water.WaterZone Name:WaterZone_UAID_98BB1E1C382823F101_1696840836 Label:WaterZone SpatiallyLoaded:0 Bounds:IsValid=true, Min=(X=-25600.000 Y=-25600.000 Z=-25600.000), Max=(X=25600.000 Y=25600.000 Z=25600.000) RuntimeGrid:None EditorOnly:0 RuntimeOnly:0 HLODRelevant:0
 |- ContainerInstances:
 |- [+] MainContainer:
 |   |-        ID: 0x0000000000000000
 |   |-    Bounds: IsValid=true, Min=(X=-25200.000 Y=-25200.000 Z=-1997.656), Max=(X=25200.000 Y=25200.000 Z=133.594)
 |   |- Transform: 0.000000,0.000000,0.000000|0.000000,0.000000,-0.000000|1.000000,1.000000,1.000000
 |   |- Container: /Game/Level/Basic
----------------------------------------------------------------------------------------------------------------
Basic - Persistent Level
----------------------------------------------------------------------------------------------------------------
Always loaded Actor Count: 38 

----------------------------------------------------------------------------------------------------------------
Basic - Runtime Spatial Hash - Streaming Grid - MainGrid
----------------------------------------------------------------------------------------------------------------
            Origin: X=0.000 Y=0.000 Z=0.000
         Cell Size: 25600
      World Bounds: IsValid=true, Min=(X=-25200.000 Y=-25200.000 Z=-1997.656), Max=(X=25200.000 Y=25200.000 Z=133.594)
     Loading Range: 76800.00
Block Slow Loading: No
 ClientOnlyVisible: No

[+] Grid Levels: 2
 |- Level  0: Cell Count    4 | Cell Size   25600 | Actor Count   16 (100.0%)
 |- Level  1: Cell Count    0 | Cell Size   51200 | Actor Count    0 (0.0%)

[+] Content of Grid Level 0
 |- [+] Content of Cell MainGrid_L0_X-1_Y-1
 |   |- Actor Count: 4
 |   |- Actor Path: /Game/Level/Basic.Basic:PersistentLevel.LandscapeStreamingProxy_10T941CBD8WGHFH766KKHKL70_126_0_0_0
 |   |- Actor Package: /Game/__ExternalActors__/Level/Basic/5/NX/5UM7BULF173YW7R5DIGMRB
 |   |- Actor Path: /Game/Level/Basic.Basic:PersistentLevel.LandscapeStreamingProxy_10T941CBD8WGHFH766KKHKL70_126_1_0_0
 |   |- Actor Package: /Game/__ExternalActors__/Level/Basic/C/VJ/5IZ710PM17E6T44QBFIGGN
 |   |- Actor Path: /Game/Level/Basic.Basic:PersistentLevel.LandscapeStreamingProxy_10T941CBD8WGHFH766KKHKL70_126_0_1_0
 |   |- Actor Package: /Game/__ExternalActors__/Level/Basic/B/6D/OWB7A5GNTUOYYGGLY8ZR5A
 |   |- Actor Path: /Game/Level/Basic.Basic:PersistentLevel.LandscapeStreamingProxy_10T941CBD8WGHFH766KKHKL70_126_1_1_0
 |   |- Actor Package: /Game/__ExternalActors__/Level/Basic/3/DQ/AYTJ7BIHL4HEKPJ5ZWJOMF
 |- [+] Content of Cell MainGrid_L0_X0_Y-1
 |   |- Actor Count: 4
 |   |- Actor Path: /Game/Level/Basic.Basic:PersistentLevel.LandscapeStreamingProxy_10T941CBD8WGHFH766KKHKL70_126_2_0_0
 |   |- Actor Package: /Game/__ExternalActors__/Level/Basic/B/DO/QUHP8Y2R9JEXJUTLTWIJZL
 |   |- Actor Path: /Game/Level/Basic.Basic:PersistentLevel.LandscapeStreamingProxy_10T941CBD8WGHFH766KKHKL70_126_3_0_0
 |   |- Actor Package: /Game/__ExternalActors__/Level/Basic/4/4O/NJ8N9UOZY5TXFB1QEZSFG2
 |   |- Actor Path: /Game/Level/Basic.Basic:PersistentLevel.LandscapeStreamingProxy_10T941CBD8WGHFH766KKHKL70_126_2_1_0
 |   |- Actor Package: /Game/__ExternalActors__/Level/Basic/6/G7/V7SEHJ0GRCZL03EBGCOW5D
 |   |- Actor Path: /Game/Level/Basic.Basic:PersistentLevel.LandscapeStreamingProxy_10T941CBD8WGHFH766KKHKL70_126_3_1_0
 |   |- Actor Package: /Game/__ExternalActors__/Level/Basic/1/KP/10VOZ41VHP9LEYNL0EYLF6
 |- [+] Content of Cell MainGrid_L0_X-1_Y0
 |   |- Actor Count: 4
 |   |- Actor Path: /Game/Level/Basic.Basic:PersistentLevel.LandscapeStreamingProxy_10T941CBD8WGHFH766KKHKL70_126_0_2_0
 |   |- Actor Package: /Game/__ExternalActors__/Level/Basic/9/CA/P6OBPBF99NAZVGSVHLX1VV
 |   |- Actor Path: /Game/Level/Basic.Basic:PersistentLevel.LandscapeStreamingProxy_10T941CBD8WGHFH766KKHKL70_126_1_2_0
 |   |- Actor Package: /Game/__ExternalActors__/Level/Basic/1/FO/4EXC31U28I8HCO4QY4JKIC
 |   |- Actor Path: /Game/Level/Basic.Basic:PersistentLevel.LandscapeStreamingProxy_10T941CBD8WGHFH766KKHKL70_126_0_3_0
 |   |- Actor Package: /Game/__ExternalActors__/Level/Basic/2/DG/NZ1VN5XOTKXAQXY5AW9LSH
 |   |- Actor Path: /Game/Level/Basic.Basic:PersistentLevel.LandscapeStreamingProxy_10T941CBD8WGHFH766KKHKL70_126_1_3_0
 |   |- Actor Package: /Game/__ExternalActors__/Level/Basic/3/5I/N700S8KNT9A4Y54VIFB6SH
 |- [+] Content of Cell MainGrid_L0_X0_Y0
 |   |- Actor Count: 4
 |   |- Actor Path: /Game/Level/Basic.Basic:PersistentLevel.LandscapeStreamingProxy_10T941CBD8WGHFH766KKHKL70_126_2_2_0
 |   |- Actor Package: /Game/__ExternalActors__/Level/Basic/5/ZS/KLK3P863FPDA8N5ZEK1EON
 |   |- Actor Path: /Game/Level/Basic.Basic:PersistentLevel.LandscapeStreamingProxy_10T941CBD8WGHFH766KKHKL70_126_3_2_0
 |   |- Actor Package: /Game/__ExternalActors__/Level/Basic/D/93/HTMADHWNP6K2R29TSIQMAO
 |   |- Actor Path: /Game/Level/Basic.Basic:PersistentLevel.LandscapeStreamingProxy_10T941CBD8WGHFH766KKHKL70_126_2_3_0
 |   |- Actor Package: /Game/__ExternalActors__/Level/Basic/8/CD/GN5JJ212YP4FZT5QYKL871
 |   |- Actor Path: /Game/Level/Basic.Basic:PersistentLevel.LandscapeStreamingProxy_10T941CBD8WGHFH766KKHKL70_126_3_3_0
 |   |- Actor Package: /Game/__ExternalActors__/Level/Basic/B/SF/3ETUFDPP6VR0FPMQM1LE5I
[+] Content of Grid Level 1

