[+] Containers:
 |- [+] Container: /Game/UI/UI_MainMenu/MainMenu
 |   |- [+] ActorDescs:
 |   |   |- Guid:03920DF94EEFC9F86CC66185D32A3DA1 BaseClass: NativeClass:/Script/Engine.StaticMeshActor Name:StaticMeshActor_UAID_A4AE111137DC54FB00_1240666663 Label:SM_SkySphere SpatiallyLoaded:0 Bounds:IsValid=true, Min=(X=-1638400.000 Y=-1638400.000 Z=-1638400.000), Max=(X=1638400.000 Y=1638400.000 Z=1638400.000) RuntimeGrid:None EditorOnly:0 RuntimeOnly:0 HLODRelevant:0 FolderPath:Lighting FolderGuid:B7E9BD5B45A652654791988DEF54CCEB
 |   |   |- Guid:0B0FF7A144A6ECE225C7F38B3A6A581D BaseClass: NativeClass:/Script/Engine.WorldPartitionHLOD Name:MainLenu_HLOD0_Instancing_0000000078b96c51 Label:MainLenu_HLOD0_Instancing/8DDD53F4899A2C6FA3907BC164D42F95 SpatiallyLoaded:0 Bounds:IsValid=true, Min=(X=-102400.000 Y=-102400.000 Z=10968.750), Max=(X=-76800.000 Y=-76800.000 Z=11900.970) RuntimeGrid:None EditorOnly:0 RuntimeOnly:1 HLODRelevant:1 FolderPath:HLOD/MainLenu_HLOD0_Instancing FolderGuid:5A5005CE4131FCBF2AEE62B050D5D990
 |   |   |- Guid:166417104B25AED46106BD9308B697E0 BaseClass:/Game/UI/UI_MainMenu/BP_MainMenuCamera.BP_MainMenuCamera_C NativeClass:/Script/Engine.Actor Name:BP_MainMenuCamera_C_UAID_98BB1E1C38281EF801_2008976334 Label:BP_MainMenuCameraCredit SpatiallyLoaded:1 Bounds:IsValid=true, Min=(X=-1045.714 Y=-1465011.559 Z=8096.803), Max=(X=-732.086 Y=-1464786.049 Z=8593.400) RuntimeGrid:None EditorOnly:0 RuntimeOnly:0 HLODRelevant:0
 |   |   |- Guid:17B056524B8BAF908D1D8CAEE51F4D62 BaseClass:/Game/UI/UI_MainMenu/BP_MainMenuCamera.BP_MainMenuCamera_C NativeClass:/Script/Engine.Actor Name:BP_MainMenuCamera_C_UAID_98BB1E1C3828ABF801_2022384143 Label:BP_MainMenuCamera SpatiallyLoaded:1 Bounds:IsValid=true, Min=(X=-87308.129 Y=-100819.516 Z=11615.092), Max=(X=-87047.403 Y=-100667.642 Z=12015.092) RuntimeGrid:None EditorOnly:0 RuntimeOnly:0 HLODRelevant:0
 |   |   |- Guid:1D3D26F04B6DC10BEFB5B69E5CF914C8 BaseClass: NativeClass:/Script/Engine.VolumetricCloud Name:VolumetricCloud_UAID_A85E45CFE40401D200_1470381760 Label:VolumetricCloud SpatiallyLoaded:0 Bounds:IsValid=true, Min=(X=0.000 Y=0.000 Z=0.000), Max=(X=0.000 Y=0.000 Z=0.000) RuntimeGrid:None EditorOnly:0 RuntimeOnly:0 HLODRelevant:0 FolderPath:Lighting FolderGuid:B7E9BD5B45A652654791988DEF54CCEB
 |   |   |- Guid:1DE8D7AC4103A2EABA11649C7FCF8ACA BaseClass: NativeClass:/Script/Engine.SkyLight Name:SkyLight_UAID_A85E45CFE40401D200_1470380759 Label:SkyLight SpatiallyLoaded:0 Bounds:IsValid=true, Min=(X=0.000 Y=0.000 Z=0.000), Max=(X=0.000 Y=0.000 Z=0.000) RuntimeGrid:None EditorOnly:0 RuntimeOnly:0 HLODRelevant:0 FolderPath:Lighting FolderGuid:B7E9BD5B45A652654791988DEF54CCEB
 |   |   |- Guid:218E3B124735712D7EF272B4FB8E7FF6 BaseClass: NativeClass:/Script/Landscape.Landscape Name:Landscape_UAID_A85E45CFE404FBD100_1221515703 Label:Landscape SpatiallyLoaded:0 Bounds:IsValid=true, Min=(X=-100800.000 Y=-100800.000 Z=100.000), Max=(X=-100800.000 Y=-100800.000 Z=100.000) RuntimeGrid:None EditorOnly:0 RuntimeOnly:0 HLODRelevant:0
 |   |   |- Guid:2CE12F874AA39D020A0F4BA5739BD305 BaseClass: NativeClass:/Script/Engine.SkyAtmosphere Name:SkyAtmosphere_UAID_A85E45CFE40401D200_1470382762 Label:SkyAtmosphere SpatiallyLoaded:0 Bounds:IsValid=true, Min=(X=0.000 Y=0.000 Z=0.000), Max=(X=0.000 Y=0.000 Z=0.000) RuntimeGrid:None EditorOnly:0 RuntimeOnly:0 HLODRelevant:0 FolderPath:Lighting FolderGuid:B7E9BD5B45A652654791988DEF54CCEB
 |   |   |- Guid:3B0296754A7F9B93584BCB98DAF02867 BaseClass: NativeClass:/Script/Engine.PlayerStart Name:PlayerStart_UAID_186024ADA686BDF701_1404545259 Label:PlayerStart SpatiallyLoaded:0 Bounds:IsValid=true, Min=(X=-85718.788 Y=-99857.285 Z=12841.969), Max=(X=-85638.788 Y=-99777.285 Z=13025.969) RuntimeGrid:None EditorOnly:0 RuntimeOnly:0 HLODRelevant:0
 |   |   |- Guid:3D53AE2443B4D32FB9BFFA9787BE485A BaseClass:/Game/UI/UI_MainMenu/Boat1.Boat1_C NativeClass:/Script/Engine.Actor Name:Boat1_C_UAID_C8D3FFBB282967F801_1360823177 Label:Boat1 SpatiallyLoaded:1 Bounds:IsValid=true, Min=(X=-435.795 Y=-1464862.235 Z=8072.822), Max=(X=-181.019 Y=-1464455.102 Z=8128.303) RuntimeGrid:None EditorOnly:0 RuntimeOnly:0 HLODRelevant:0
 |   |   |- Guid:429F35554BCC900FB7D6BC8719FB6D69 BaseClass: NativeClass:/Script/Water.WaterBodyOcean Name:WaterBodyOcean_UAID_186024ADA686BBF701_1210494903 Label:WaterBodyOcean SpatiallyLoaded:0 Bounds:IsValid=true, Min=(X=-80310.000 Y=-196480.000 Z=-11430.000), Max=(X=121290.000 Y=5120.000 Z=8570.000) RuntimeGrid:None EditorOnly:0 RuntimeOnly:0 HLODRelevant:1
 |   |   |- Guid:48CE864B4F1FC537CE24E1B39D23E1CB BaseClass: NativeClass:/Script/NavigationSystem.NavMeshBoundsVolume Name:NavMeshBoundsVolume_UAID_C8D3FFBB282967F801_1592013179 Label:NavMeshBoundsVolume SpatiallyLoaded:0 Bounds:IsValid=true, Min=(X=-86543.365 Y=-100355.544 Z=11596.358), Max=(X=-85440.759 Y=-98979.791 Z=11844.538) RuntimeGrid:None EditorOnly:0 RuntimeOnly:0 HLODRelevant:0
 |   |   |- Guid:50D94A3544E5D7CC66E8068FF2FBB890 BaseClass:/Game/Level/Pet/BP_Pet.BP_Pet_C NativeClass:/Script/Engine.Character Name:BP_Pet_C_UAID_186024ADA686BCF701_1361252082 Label:BP_Pet SpatiallyLoaded:1 Bounds:IsValid=true, Min=(X=-86666.028 Y=-100737.919 Z=11680.270), Max=(X=-86618.287 Y=-100633.740 Z=11803.834) RuntimeGrid:None EditorOnly:0 RuntimeOnly:0 HLODRelevant:0
 |   |   |- Guid:5368FABB47D6D9580DAECA8B0417BF92 BaseClass: NativeClass:/Script/Engine.WorldDataLayers Name:WorldDataLayers Label:WorldDataLayers-1 SpatiallyLoaded:0 Bounds:IsValid=true, Min=(X=0.000 Y=0.000 Z=0.000), Max=(X=0.000 Y=0.000 Z=0.000) RuntimeGrid:None EditorOnly:0 RuntimeOnly:0 HLODRelevant:0
 |   |   |- Guid:5B2F27D9493DA59DBDAED4B26C1790DE BaseClass: NativeClass:/Script/Water.WaterZone Name:WaterZone_UAID_186024ADA686BBF701_1210703904 Label:WaterZone SpatiallyLoaded:0 Bounds:IsValid=true, Min=(X=-100800.000 Y=-100800.000 Z=-100800.000), Max=(X=100800.000 Y=100800.000 Z=100800.000) RuntimeGrid:None EditorOnly:0 RuntimeOnly:0 HLODRelevant:0
 |   |   |- Guid:61AA54014342A69E96E18AAA671584F0 BaseClass: NativeClass:/Script/Landscape.LandscapeStreamingProxy Name:LandscapeStreamingProxy_88LYZRC93E9LSSJSKQFNNS98K_126_0_0_0 Label:LandscapeStreamingProxy_0_0_0 SpatiallyLoaded:1 Bounds:IsValid=true, Min=(X=-88440.000 Y=-101985.000 Z=10968.750), Max=(X=-75840.000 Y=-89385.000 Z=11839.062) RuntimeGrid:None EditorOnly:0 RuntimeOnly:0 HLODRelevant:1
 |   |   |- Guid:7D66956545AEE27EB85320A7A11D0525 BaseClass:/Game/Level/Animal_AI/BP_Roster.BP_Roster_C NativeClass:/Script/Engine.Character Name:BP_Roster_C_UAID_C8D3FFBB282967F801_1646787182 Label:BP_Roster SpatiallyLoaded:1 Bounds:IsValid=true, Min=(X=-86201.496 Y=-99784.215 Z=11644.970), Max=(X=-85945.496 Y=-99528.215 Z=11900.970) RuntimeGrid:None EditorOnly:0 RuntimeOnly:0 HLODRelevant:0
 |   |   |- Guid:809430BC422CA93101223FAC332570A6 BaseClass: NativeClass:/Script/WaterEditor.WaterBrushManager Name:Landscape_WaterBrushManager_0 Label:Landscape_WaterBrushManager SpatiallyLoaded:0 Bounds:IsValid=true, Min=(X=0.000 Y=0.000 Z=7444.922), Max=(X=1550.000 Y=1550.000 Z=50000.000) RuntimeGrid:None EditorOnly:0 RuntimeOnly:0 HLODRelevant:0
 |   |   |- Guid:96BECF07466181D6B091BA86F0C66BE4 BaseClass: NativeClass:/Script/Engine.Character Name:Character_UAID_186024ADA686BCF701_1135944081 Label:Character SpatiallyLoaded:1 Bounds:IsValid=true, Min=(X=-86602.554 Y=-100827.893 Z=11684.188), Max=(X=-86521.378 Y=-100747.708 Z=11863.155) RuntimeGrid:None EditorOnly:0 RuntimeOnly:0 HLODRelevant:0
 |   |   |- Guid:9AAA2DCF4B1BDAB1858C2DA03CD6FDC2 BaseClass: NativeClass:/Script/Landscape.Landscape Name:Landscape_UAID_98BB1E1C382811F801_1169142039 Label:Landscape2 SpatiallyLoaded:0 Bounds:IsValid=true, Min=(X=-88440.000 Y=-101985.000 Z=11500.000), Max=(X=-88440.000 Y=-101985.000 Z=11500.000) RuntimeGrid:None EditorOnly:0 RuntimeOnly:0 HLODRelevant:0
 |   |   |- Guid:AAAC6B5742760A58C2206DB37E44683C BaseClass: NativeClass:/Script/Engine.DirectionalLight Name:DirectionalLight_UAID_A85E45CFE40401D200_1470382761 Label:DirectionalLight SpatiallyLoaded:0 Bounds:IsValid=true, Min=(X=-4398046511104.000 Y=-4398046511104.000 Z=-4398046511104.000), Max=(X=4398046511104.000 Y=4398046511104.000 Z=4398046511104.000) RuntimeGrid:None EditorOnly:0 RuntimeOnly:0 HLODRelevant:0 FolderPath:Lighting FolderGuid:B7E9BD5B45A652654791988DEF54CCEB
 |   |   |- Guid:AC238B42418020ECFBFF3D9F88BC9262 BaseClass:/Game/UI/UI_MainMenu/BP_Boat.BP_Boat_C NativeClass:/Script/Engine.Actor Name:BP_Boat_C_UAID_C8D3FFBB282963F801_1477416471 Label:BP_Boat SpatiallyLoaded:1 Bounds:IsValid=true, Min=(X=-391.242 Y=-1464890.692 Z=7992.363), Max=(X=-174.324 Y=-1464313.554 Z=8152.363) RuntimeGrid:None EditorOnly:0 RuntimeOnly:0 HLODRelevant:0
 |   |   |- Guid:CBC186C7451B5AB3DF62519F12FEBE4E BaseClass:/Game/UI/UI_MainMenu/BP_MainMenuCamera.BP_MainMenuCamera_C NativeClass:/Script/Engine.Actor Name:BP_MainMenuCamera_C_UAID_C8D3FFBB282967F801_1435035178 Label:BP_MainMenuCameraOPTION SpatiallyLoaded:1 Bounds:IsValid=true, Min=(X=-85328.465 Y=-100112.315 Z=11830.745), Max=(X=-85273.571 Y=-99812.243 Z=12231.466) RuntimeGrid:None EditorOnly:0 RuntimeOnly:0 HLODRelevant:0
 |   |   |- Guid:D3FB7383421AAEFD3DB6F8B1E415A9FE BaseClass: NativeClass:/Script/Engine.ExponentialHeightFog Name:ExponentialHeightFog_UAID_A85E45CFE40401D200_1470382763 Label:ExponentialHeightFog SpatiallyLoaded:0 Bounds:IsValid=true, Min=(X=-256.357 Y=11130.727 Z=12556.978), Max=(X=-256.357 Y=11130.727 Z=12556.978) RuntimeGrid:None EditorOnly:0 RuntimeOnly:0 HLODRelevant:0 FolderPath:Lighting FolderGuid:B7E9BD5B45A652654791988DEF54CCEB
 |   |   |- Guid:D9787C4D4A756E1BEDE15689867930E5 BaseClass: NativeClass:/Script/NavigationSystem.RecastNavMesh Name:RecastNavMesh_UAID_C8D3FFBB282967F801-Default Label:RecastNavMesh-Default SpatiallyLoaded:0 Bounds:IsValid=true, Min=(X=0.000 Y=0.000 Z=0.000), Max=(X=0.000 Y=0.000 Z=0.000) RuntimeGrid:None EditorOnly:0 RuntimeOnly:0 HLODRelevant:0
 |   |   |- Guid:EF96AF87456D1D1F84F4D99AFC8CB9EA BaseClass:/Game/Level/Enemy_AI/BP_Enemy_Animal.BP_Enemy_Animal_C NativeClass:/Script/Engine.Character Name:BP_Enemy_Animal_C_UAID_C8D3FFBB282967F801_1632181181 Label:BP_Enemy_Animal SpatiallyLoaded:1 Bounds:IsValid=true, Min=(X=-85911.241 Y=-99736.946 Z=11699.881), Max=(X=-85820.296 Y=-99668.946 Z=11875.881) RuntimeGrid:None EditorOnly:0 RuntimeOnly:0 HLODRelevant:0
 |   |   |- Guid:FC16096B4B152B79F83045A3C88F202C BaseClass:/Game/UI/UI_MainMenu/BP_Boat.BP_Boat_C NativeClass:/Script/Engine.Actor Name:BP_Boat_C_UAID_98BB1E1C38281EF801_1989206333 Label:BP_Boat SpatiallyLoaded:1 Bounds:IsValid=true, Min=(X=-414.139 Y=-1464890.692 Z=6314.387), Max=(X=-197.221 Y=-1464313.554 Z=6474.387) RuntimeGrid:None EditorOnly:0 RuntimeOnly:0 HLODRelevant:0
 |   |- [+] Clusters:
 |   |   |- [+] [  0]
 |   |   |   |- Guid:D3FB7383421AAEFD3DB6F8B1E415A9FE BaseClass: NativeClass:/Script/Engine.ExponentialHeightFog Name:ExponentialHeightFog_UAID_A85E45CFE40401D200_1470382763 Label:ExponentialHeightFog SpatiallyLoaded:0 Bounds:IsValid=true, Min=(X=-256.357 Y=11130.727 Z=12556.978), Max=(X=-256.357 Y=11130.727 Z=12556.978) RuntimeGrid:None EditorOnly:0 RuntimeOnly:0 HLODRelevant:0 FolderPath:Lighting FolderGuid:B7E9BD5B45A652654791988DEF54CCEB
 |   |   |- [+] [  1]
 |   |   |   |- Guid:50D94A3544E5D7CC66E8068FF2FBB890 BaseClass:/Game/Level/Pet/BP_Pet.BP_Pet_C NativeClass:/Script/Engine.Character Name:BP_Pet_C_UAID_186024ADA686BCF701_1361252082 Label:BP_Pet SpatiallyLoaded:1 Bounds:IsValid=true, Min=(X=-86666.028 Y=-100737.919 Z=11680.270), Max=(X=-86618.287 Y=-100633.740 Z=11803.834) RuntimeGrid:None EditorOnly:0 RuntimeOnly:0 HLODRelevant:0
 |   |   |- [+] [  2]
 |   |   |   |- Guid:17B056524B8BAF908D1D8CAEE51F4D62 BaseClass:/Game/UI/UI_MainMenu/BP_MainMenuCamera.BP_MainMenuCamera_C NativeClass:/Script/Engine.Actor Name:BP_MainMenuCamera_C_UAID_98BB1E1C3828ABF801_2022384143 Label:BP_MainMenuCamera SpatiallyLoaded:1 Bounds:IsValid=true, Min=(X=-87308.129 Y=-100819.516 Z=11615.092), Max=(X=-87047.403 Y=-100667.642 Z=12015.092) RuntimeGrid:None EditorOnly:0 RuntimeOnly:0 HLODRelevant:0
 |   |   |   |- Guid:166417104B25AED46106BD9308B697E0 BaseClass:/Game/UI/UI_MainMenu/BP_MainMenuCamera.BP_MainMenuCamera_C NativeClass:/Script/Engine.Actor Name:BP_MainMenuCamera_C_UAID_98BB1E1C38281EF801_2008976334 Label:BP_MainMenuCameraCredit SpatiallyLoaded:1 Bounds:IsValid=true, Min=(X=-1045.714 Y=-1465011.559 Z=8096.803), Max=(X=-732.086 Y=-1464786.049 Z=8593.400) RuntimeGrid:None EditorOnly:0 RuntimeOnly:0 HLODRelevant:0
 |   |   |   |- Guid:CBC186C7451B5AB3DF62519F12FEBE4E BaseClass:/Game/UI/UI_MainMenu/BP_MainMenuCamera.BP_MainMenuCamera_C NativeClass:/Script/Engine.Actor Name:BP_MainMenuCamera_C_UAID_C8D3FFBB282967F801_1435035178 Label:BP_MainMenuCameraOPTION SpatiallyLoaded:1 Bounds:IsValid=true, Min=(X=-85328.465 Y=-100112.315 Z=11830.745), Max=(X=-85273.571 Y=-99812.243 Z=12231.466) RuntimeGrid:None EditorOnly:0 RuntimeOnly:0 HLODRelevant:0
 |   |   |- [+] [  3]
 |   |   |   |- Guid:5B2F27D9493DA59DBDAED4B26C1790DE BaseClass: NativeClass:/Script/Water.WaterZone Name:WaterZone_UAID_186024ADA686BBF701_1210703904 Label:WaterZone SpatiallyLoaded:0 Bounds:IsValid=true, Min=(X=-100800.000 Y=-100800.000 Z=-100800.000), Max=(X=100800.000 Y=100800.000 Z=100800.000) RuntimeGrid:None EditorOnly:0 RuntimeOnly:0 HLODRelevant:0
 |   |   |- [+] [  4]
 |   |   |   |- Guid:7D66956545AEE27EB85320A7A11D0525 BaseClass:/Game/Level/Animal_AI/BP_Roster.BP_Roster_C NativeClass:/Script/Engine.Character Name:BP_Roster_C_UAID_C8D3FFBB282967F801_1646787182 Label:BP_Roster SpatiallyLoaded:1 Bounds:IsValid=true, Min=(X=-86201.496 Y=-99784.215 Z=11644.970), Max=(X=-85945.496 Y=-99528.215 Z=11900.970) RuntimeGrid:None EditorOnly:0 RuntimeOnly:0 HLODRelevant:0
 |   |   |- [+] [  5]
 |   |   |   |- Guid:AAAC6B5742760A58C2206DB37E44683C BaseClass: NativeClass:/Script/Engine.DirectionalLight Name:DirectionalLight_UAID_A85E45CFE40401D200_1470382761 Label:DirectionalLight SpatiallyLoaded:0 Bounds:IsValid=true, Min=(X=-4398046511104.000 Y=-4398046511104.000 Z=-4398046511104.000), Max=(X=4398046511104.000 Y=4398046511104.000 Z=4398046511104.000) RuntimeGrid:None EditorOnly:0 RuntimeOnly:0 HLODRelevant:0 FolderPath:Lighting FolderGuid:B7E9BD5B45A652654791988DEF54CCEB
 |   |   |- [+] [  6]
 |   |   |   |- Guid:96BECF07466181D6B091BA86F0C66BE4 BaseClass: NativeClass:/Script/Engine.Character Name:Character_UAID_186024ADA686BCF701_1135944081 Label:Character SpatiallyLoaded:1 Bounds:IsValid=true, Min=(X=-86602.554 Y=-100827.893 Z=11684.188), Max=(X=-86521.378 Y=-100747.708 Z=11863.155) RuntimeGrid:None EditorOnly:0 RuntimeOnly:0 HLODRelevant:0
 |   |   |- [+] [  7]
 |   |   |   |- Guid:1DE8D7AC4103A2EABA11649C7FCF8ACA BaseClass: NativeClass:/Script/Engine.SkyLight Name:SkyLight_UAID_A85E45CFE40401D200_1470380759 Label:SkyLight SpatiallyLoaded:0 Bounds:IsValid=true, Min=(X=0.000 Y=0.000 Z=0.000), Max=(X=0.000 Y=0.000 Z=0.000) RuntimeGrid:None EditorOnly:0 RuntimeOnly:0 HLODRelevant:0 FolderPath:Lighting FolderGuid:B7E9BD5B45A652654791988DEF54CCEB
 |   |   |- [+] [  8]
 |   |   |   |- Guid:FC16096B4B152B79F83045A3C88F202C BaseClass:/Game/UI/UI_MainMenu/BP_Boat.BP_Boat_C NativeClass:/Script/Engine.Actor Name:BP_Boat_C_UAID_98BB1E1C38281EF801_1989206333 Label:BP_Boat SpatiallyLoaded:1 Bounds:IsValid=true, Min=(X=-414.139 Y=-1464890.692 Z=6314.387), Max=(X=-197.221 Y=-1464313.554 Z=6474.387) RuntimeGrid:None EditorOnly:0 RuntimeOnly:0 HLODRelevant:0
 |   |   |- [+] [  9]
 |   |   |   |- Guid:218E3B124735712D7EF272B4FB8E7FF6 BaseClass: NativeClass:/Script/Landscape.Landscape Name:Landscape_UAID_A85E45CFE404FBD100_1221515703 Label:Landscape SpatiallyLoaded:0 Bounds:IsValid=true, Min=(X=-100800.000 Y=-100800.000 Z=100.000), Max=(X=-100800.000 Y=-100800.000 Z=100.000) RuntimeGrid:None EditorOnly:0 RuntimeOnly:0 HLODRelevant:0
 |   |   |   |- Guid:809430BC422CA93101223FAC332570A6 BaseClass: NativeClass:/Script/WaterEditor.WaterBrushManager Name:Landscape_WaterBrushManager_0 Label:Landscape_WaterBrushManager SpatiallyLoaded:0 Bounds:IsValid=true, Min=(X=0.000 Y=0.000 Z=7444.922), Max=(X=1550.000 Y=1550.000 Z=50000.000) RuntimeGrid:None EditorOnly:0 RuntimeOnly:0 HLODRelevant:0
 |   |   |- [+] [ 10]
 |   |   |   |- Guid:48CE864B4F1FC537CE24E1B39D23E1CB BaseClass: NativeClass:/Script/NavigationSystem.NavMeshBoundsVolume Name:NavMeshBoundsVolume_UAID_C8D3FFBB282967F801_1592013179 Label:NavMeshBoundsVolume SpatiallyLoaded:0 Bounds:IsValid=true, Min=(X=-86543.365 Y=-100355.544 Z=11596.358), Max=(X=-85440.759 Y=-98979.791 Z=11844.538) RuntimeGrid:None EditorOnly:0 RuntimeOnly:0 HLODRelevant:0
 |   |   |- [+] [ 11]
 |   |   |   |- Guid:2CE12F874AA39D020A0F4BA5739BD305 BaseClass: NativeClass:/Script/Engine.SkyAtmosphere Name:SkyAtmosphere_UAID_A85E45CFE40401D200_1470382762 Label:SkyAtmosphere SpatiallyLoaded:0 Bounds:IsValid=true, Min=(X=0.000 Y=0.000 Z=0.000), Max=(X=0.000 Y=0.000 Z=0.000) RuntimeGrid:None EditorOnly:0 RuntimeOnly:0 HLODRelevant:0 FolderPath:Lighting FolderGuid:B7E9BD5B45A652654791988DEF54CCEB
 |   |   |- [+] [ 12]
 |   |   |   |- Guid:AC238B42418020ECFBFF3D9F88BC9262 BaseClass:/Game/UI/UI_MainMenu/BP_Boat.BP_Boat_C NativeClass:/Script/Engine.Actor Name:BP_Boat_C_UAID_C8D3FFBB282963F801_1477416471 Label:BP_Boat SpatiallyLoaded:1 Bounds:IsValid=true, Min=(X=-391.242 Y=-1464890.692 Z=7992.363), Max=(X=-174.324 Y=-1464313.554 Z=8152.363) RuntimeGrid:None EditorOnly:0 RuntimeOnly:0 HLODRelevant:0
 |   |   |- [+] [ 13]
 |   |   |   |- Guid:1D3D26F04B6DC10BEFB5B69E5CF914C8 BaseClass: NativeClass:/Script/Engine.VolumetricCloud Name:VolumetricCloud_UAID_A85E45CFE40401D200_1470381760 Label:VolumetricCloud SpatiallyLoaded:0 Bounds:IsValid=true, Min=(X=0.000 Y=0.000 Z=0.000), Max=(X=0.000 Y=0.000 Z=0.000) RuntimeGrid:None EditorOnly:0 RuntimeOnly:0 HLODRelevant:0 FolderPath:Lighting FolderGuid:B7E9BD5B45A652654791988DEF54CCEB
 |   |   |- [+] [ 14]
 |   |   |   |- Guid:D9787C4D4A756E1BEDE15689867930E5 BaseClass: NativeClass:/Script/NavigationSystem.RecastNavMesh Name:RecastNavMesh_UAID_C8D3FFBB282967F801-Default Label:RecastNavMesh-Default SpatiallyLoaded:0 Bounds:IsValid=true, Min=(X=0.000 Y=0.000 Z=0.000), Max=(X=0.000 Y=0.000 Z=0.000) RuntimeGrid:None EditorOnly:0 RuntimeOnly:0 HLODRelevant:0
 |   |   |- [+] [ 15]
 |   |   |   |- Guid:0B0FF7A144A6ECE225C7F38B3A6A581D BaseClass: NativeClass:/Script/Engine.WorldPartitionHLOD Name:MainLenu_HLOD0_Instancing_0000000078b96c51 Label:MainLenu_HLOD0_Instancing/8DDD53F4899A2C6FA3907BC164D42F95 SpatiallyLoaded:0 Bounds:IsValid=true, Min=(X=-102400.000 Y=-102400.000 Z=10968.750), Max=(X=-76800.000 Y=-76800.000 Z=11900.970) RuntimeGrid:None EditorOnly:0 RuntimeOnly:1 HLODRelevant:1 FolderPath:HLOD/MainLenu_HLOD0_Instancing FolderGuid:5A5005CE4131FCBF2AEE62B050D5D990
 |   |   |- [+] [ 16]
 |   |   |   |- Guid:429F35554BCC900FB7D6BC8719FB6D69 BaseClass: NativeClass:/Script/Water.WaterBodyOcean Name:WaterBodyOcean_UAID_186024ADA686BBF701_1210494903 Label:WaterBodyOcean SpatiallyLoaded:0 Bounds:IsValid=true, Min=(X=-80310.000 Y=-196480.000 Z=-11430.000), Max=(X=121290.000 Y=5120.000 Z=8570.000) RuntimeGrid:None EditorOnly:0 RuntimeOnly:0 HLODRelevant:1
 |   |   |- [+] [ 17]
 |   |   |   |- Guid:03920DF94EEFC9F86CC66185D32A3DA1 BaseClass: NativeClass:/Script/Engine.StaticMeshActor Name:StaticMeshActor_UAID_A4AE111137DC54FB00_1240666663 Label:SM_SkySphere SpatiallyLoaded:0 Bounds:IsValid=true, Min=(X=-1638400.000 Y=-1638400.000 Z=-1638400.000), Max=(X=1638400.000 Y=1638400.000 Z=1638400.000) RuntimeGrid:None EditorOnly:0 RuntimeOnly:0 HLODRelevant:0 FolderPath:Lighting FolderGuid:B7E9BD5B45A652654791988DEF54CCEB
 |   |   |- [+] [ 18]
 |   |   |   |- Guid:9AAA2DCF4B1BDAB1858C2DA03CD6FDC2 BaseClass: NativeClass:/Script/Landscape.Landscape Name:Landscape_UAID_98BB1E1C382811F801_1169142039 Label:Landscape2 SpatiallyLoaded:0 Bounds:IsValid=true, Min=(X=-88440.000 Y=-101985.000 Z=11500.000), Max=(X=-88440.000 Y=-101985.000 Z=11500.000) RuntimeGrid:None EditorOnly:0 RuntimeOnly:0 HLODRelevant:0
 |   |   |- [+] [ 19]
 |   |   |   |- Guid:3B0296754A7F9B93584BCB98DAF02867 BaseClass: NativeClass:/Script/Engine.PlayerStart Name:PlayerStart_UAID_186024ADA686BDF701_1404545259 Label:PlayerStart SpatiallyLoaded:0 Bounds:IsValid=true, Min=(X=-85718.788 Y=-99857.285 Z=12841.969), Max=(X=-85638.788 Y=-99777.285 Z=13025.969) RuntimeGrid:None EditorOnly:0 RuntimeOnly:0 HLODRelevant:0
 |   |   |- [+] [ 20]
 |   |   |   |- Guid:5368FABB47D6D9580DAECA8B0417BF92 BaseClass: NativeClass:/Script/Engine.WorldDataLayers Name:WorldDataLayers Label:WorldDataLayers-1 SpatiallyLoaded:0 Bounds:IsValid=true, Min=(X=0.000 Y=0.000 Z=0.000), Max=(X=0.000 Y=0.000 Z=0.000) RuntimeGrid:None EditorOnly:0 RuntimeOnly:0 HLODRelevant:0
 |   |   |- [+] [ 21]
 |   |   |   |- Guid:61AA54014342A69E96E18AAA671584F0 BaseClass: NativeClass:/Script/Landscape.LandscapeStreamingProxy Name:LandscapeStreamingProxy_88LYZRC93E9LSSJSKQFNNS98K_126_0_0_0 Label:LandscapeStreamingProxy_0_0_0 SpatiallyLoaded:1 Bounds:IsValid=true, Min=(X=-88440.000 Y=-101985.000 Z=10968.750), Max=(X=-75840.000 Y=-89385.000 Z=11839.062) RuntimeGrid:None EditorOnly:0 RuntimeOnly:0 HLODRelevant:1
 |   |   |- [+] [ 22]
 |   |   |   |- Guid:EF96AF87456D1D1F84F4D99AFC8CB9EA BaseClass:/Game/Level/Enemy_AI/BP_Enemy_Animal.BP_Enemy_Animal_C NativeClass:/Script/Engine.Character Name:BP_Enemy_Animal_C_UAID_C8D3FFBB282967F801_1632181181 Label:BP_Enemy_Animal SpatiallyLoaded:1 Bounds:IsValid=true, Min=(X=-85911.241 Y=-99736.946 Z=11699.881), Max=(X=-85820.296 Y=-99668.946 Z=11875.881) RuntimeGrid:None EditorOnly:0 RuntimeOnly:0 HLODRelevant:0
 |   |   |- [+] [ 23]
 |   |   |   |- Guid:3D53AE2443B4D32FB9BFFA9787BE485A BaseClass:/Game/UI/UI_MainMenu/Boat1.Boat1_C NativeClass:/Script/Engine.Actor Name:Boat1_C_UAID_C8D3FFBB282967F801_1360823177 Label:Boat1 SpatiallyLoaded:1 Bounds:IsValid=true, Min=(X=-435.795 Y=-1464862.235 Z=8072.822), Max=(X=-181.019 Y=-1464455.102 Z=8128.303) RuntimeGrid:None EditorOnly:0 RuntimeOnly:0 HLODRelevant:0
 |- ContainerInstances:
 |- [+] MainContainer:
 |   |-        ID: 0x0000000000000000
 |   |-    Bounds: IsValid=true, Min=(X=-88440.000 Y=-1464890.692 Z=6314.387), Max=(X=-174.324 Y=-89385.000 Z=11900.970)
 |   |- Transform: 0.000000,0.000000,0.000000|0.000000,0.000000,-0.000000|1.000000,1.000000,1.000000
 |   |- Container: /Game/UI/UI_MainMenu/MainMenu
----------------------------------------------------------------------------------------------------------------
MainMenu - Persistent Level
----------------------------------------------------------------------------------------------------------------
Always loaded Actor Count: 48 

----------------------------------------------------------------------------------------------------------------
MainMenu - Runtime Spatial Hash - Streaming Grid - MainGrid
----------------------------------------------------------------------------------------------------------------
            Origin: X=0.000 Y=0.000 Z=0.000
         Cell Size: 25600
      World Bounds: IsValid=true, Min=(X=-88440.000 Y=-1464890.692 Z=6314.387), Max=(X=-174.324 Y=-89385.000 Z=11900.970)
     Loading Range: 76800.00
Block Slow Loading: No
 ClientOnlyVisible: No

[+] Grid Levels: 8
 |- Level  0: Cell Count    2 | Cell Size   25600 | Actor Count    8 (100.0%)
 |- Level  1: Cell Count    0 | Cell Size   51200 | Actor Count    0 (0.0%)
 |- Level  2: Cell Count    0 | Cell Size  102400 | Actor Count    0 (0.0%)
 |- Level  3: Cell Count    0 | Cell Size  204800 | Actor Count    0 (0.0%)
 |- Level  4: Cell Count    0 | Cell Size  409600 | Actor Count    0 (0.0%)
 |- Level  5: Cell Count    0 | Cell Size  819200 | Actor Count    0 (0.0%)
 |- Level  6: Cell Count    0 | Cell Size 1638400 | Actor Count    0 (0.0%)
 |- Level  7: Cell Count    0 | Cell Size 3276800 | Actor Count    0 (0.0%)

[+] Content of Grid Level 0
 |- [+] Content of Cell MainGrid_L0_X-4_Y-4
 |   |- Actor Count: 5
 |   |- Actor Path: /Game/UI/UI_MainMenu/MainMenu.MainMenu:PersistentLevel.BP_Pet_C_UAID_186024ADA686BCF701_1361252082
 |   |- Actor Package: /Game/__ExternalActors__/UI/UI_MainMenu/MainMenu/0/IJ/QM5QWQ37G4G8B3VVZTHDKP
 |   |- Actor Path: /Game/UI/UI_MainMenu/MainMenu.MainMenu:PersistentLevel.BP_Roster_C_UAID_C8D3FFBB282967F801_1646787182
 |   |- Actor Package: /Game/__ExternalActors__/UI/UI_MainMenu/MainMenu/1/IM/QAMEKDD4IOASFK4UKJAZSK
 |   |- Actor Path: /Game/UI/UI_MainMenu/MainMenu.MainMenu:PersistentLevel.Character_UAID_186024ADA686BCF701_1135944081
 |   |- Actor Package: /Game/__ExternalActors__/UI/UI_MainMenu/MainMenu/4/9J/OFI9616C27SI0L22YM7T27
 |   |- Actor Path: /Game/UI/UI_MainMenu/MainMenu.MainMenu:PersistentLevel.LandscapeStreamingProxy_88LYZRC93E9LSSJSKQFNNS98K_126_0_0_0
 |   |- Actor Package: /Game/__ExternalActors__/UI/UI_MainMenu/MainMenu/C/29/X4D1XXA58KXT84UI1EN8S2
 |   |- Actor Path: /Game/UI/UI_MainMenu/MainMenu.MainMenu:PersistentLevel.BP_Enemy_Animal_C_UAID_C8D3FFBB282967F801_1632181181
 |   |- Actor Package: /Game/__ExternalActors__/UI/UI_MainMenu/MainMenu/D/JW/IL8DHB37CPXVAD6DGR080N
 |- [+] Content of Cell MainGrid_L0_X-1_Y-58
 |   |- Actor Count: 3
 |   |- Actor Path: /Game/UI/UI_MainMenu/MainMenu.MainMenu:PersistentLevel.BP_Boat_C_UAID_98BB1E1C38281EF801_1989206333
 |   |- Actor Package: /Game/__ExternalActors__/UI/UI_MainMenu/MainMenu/5/WF/41B94WXD5UARFLLC500BMC
 |   |- Actor Path: /Game/UI/UI_MainMenu/MainMenu.MainMenu:PersistentLevel.BP_Boat_C_UAID_C8D3FFBB282963F801_1477416471
 |   |- Actor Package: /Game/__ExternalActors__/UI/UI_MainMenu/MainMenu/7/K5/A71O33CLB2XQ9N2TNG2EKQ
 |   |- Actor Path: /Game/UI/UI_MainMenu/MainMenu.MainMenu:PersistentLevel.Boat1_C_UAID_C8D3FFBB282967F801_1360823177
 |   |- Actor Package: /Game/__ExternalActors__/UI/UI_MainMenu/MainMenu/F/3T/MN6U3FLD4UFMBK6B92GT7G
[+] Content of Grid Level 1
[+] Content of Grid Level 2
[+] Content of Grid Level 3
[+] Content of Grid Level 4
[+] Content of Grid Level 5
[+] Content of Grid Level 6
[+] Content of Grid Level 7

