[+] Containers:
 |- [+] Container: /Game/Level/Basic
 |   |- [+] ActorDescs:
 |   |   |- Guid:023226F945AE4A9E9DFA8B80242714FF BaseClass: NativeClass:/Script/Landscape.LandscapeStreamingProxy Name:LandscapeStreamingProxy_0AAN6RRTNWWM35OBJESK57R7H_126_1_1_0 Label:LandscapeStreamingProxy_1_1_0 SpatiallyLoaded:1 Bounds:IsValid=true, Min=(X=-11680.000 Y=31370.000 Z=-1658.906), Max=(X=920.000 Y=43970.000 Z=2945.000) RuntimeGrid:None EditorOnly:0 RuntimeOnly:0 HLODRelevant:1
 |   |   |- Guid:03920DF94EEFC9F86CC66185D32A3DA1 BaseClass: NativeClass:/Script/Engine.StaticMeshActor Name:StaticMeshActor_UAID_A4AE111137DC54FB00_1240666663 Label:SM_SkySphere SpatiallyLoaded:0 Bounds:IsValid=true, Min=(X=-1638400.000 Y=-1638400.000 Z=-1638400.000), Max=(X=1638400.000 Y=1638400.000 Z=1638400.000) RuntimeGrid:None EditorOnly:0 RuntimeOnly:0 HLODRelevant:0 FolderPath:Lighting FolderGuid:B7E9BD5B45A652654791988DEF54CCEB
 |   |   |- Guid:0550E94B443D34A7B2695084EF73CA8E BaseClass: NativeClass:/Script/Landscape.LandscapeStreamingProxy Name:LandscapeStreamingProxy_D7T4VF4LBP34PHV9XOEVM5TIG_1_7_5_0 Label:LandscapeStreamingProxy_7_5_0 SpatiallyLoaded:1 Bounds:IsValid=true, Min=(X=75600.000 Y=25200.000 Z=-2097.656), Max=(X=100800.000 Y=50400.000 Z=-1897.656) RuntimeGrid:None EditorOnly:0 RuntimeOnly:0 HLODRelevant:1
 |   |   |- Guid:146D3E3040BAFC1FB8BF4ABC272DA94F BaseClass: NativeClass:/Script/Landscape.LandscapeStreamingProxy Name:LandscapeStreamingProxy_D7T4VF4LBP34PHV9XOEVM5TIG_1_5_2_0 Label:LandscapeStreamingProxy_5_2_0 SpatiallyLoaded:1 Bounds:IsValid=true, Min=(X=25200.000 Y=-50400.000 Z=-2097.656), Max=(X=50400.000 Y=-25200.000 Z=-246.875) RuntimeGrid:None EditorOnly:0 RuntimeOnly:0 HLODRelevant:1
 |   |   |- Guid:19FC772F44D3CDE9F53D2C916457CF19 BaseClass: NativeClass:/Script/Water.WaterBodyOcean Name:WaterBodyOcean_UAID_98BB1E1C382823F101_1889962815 Label:WaterBodyOcean SpatiallyLoaded:0 Bounds:IsValid=true, Min=(X=-65440.000 Y=-84790.000 Z=-20000.000), Max=(X=85760.000 Y=66410.000 Z=0.000) RuntimeGrid:None EditorOnly:0 RuntimeOnly:0 HLODRelevant:1
 |   |   |- Guid:1D3D26F04B6DC10BEFB5B69E5CF914C8 BaseClass: NativeClass:/Script/Engine.VolumetricCloud Name:VolumetricCloud_UAID_A85E45CFE40401D200_1470381760 Label:VolumetricCloud SpatiallyLoaded:0 Bounds:IsValid=true, Min=(X=0.000 Y=0.000 Z=0.000), Max=(X=0.000 Y=0.000 Z=0.000) RuntimeGrid:None EditorOnly:0 RuntimeOnly:0 HLODRelevant:0 FolderPath:Lighting FolderGuid:B7E9BD5B45A652654791988DEF54CCEB
 |   |   |- Guid:1DE8D7AC4103A2EABA11649C7FCF8ACA BaseClass: NativeClass:/Script/Engine.SkyLight Name:SkyLight_UAID_A85E45CFE40401D200_1470380759 Label:SkyLight SpatiallyLoaded:0 Bounds:IsValid=true, Min=(X=0.000 Y=0.000 Z=0.000), Max=(X=0.000 Y=0.000 Z=0.000) RuntimeGrid:None EditorOnly:0 RuntimeOnly:0 HLODRelevant:0 FolderPath:Lighting FolderGuid:B7E9BD5B45A652654791988DEF54CCEB
 |   |   |- Guid:1E7A6AD4437B2258C36CB490664720EA BaseClass: NativeClass:/Script/Landscape.LandscapeStreamingProxy Name:LandscapeStreamingProxy_D7T4VF4LBP34PHV9XOEVM5TIG_1_5_3_0 Label:LandscapeStreamingProxy_5_3_0 SpatiallyLoaded:1 Bounds:IsValid=true, Min=(X=25200.000 Y=-25200.000 Z=-1542.969), Max=(X=50400.000 Y=0.000 Z=3728.906) RuntimeGrid:None EditorOnly:0 RuntimeOnly:0 HLODRelevant:1
 |   |   |- Guid:1EE33D5B4B22F427AFEA6FB464E5D495 BaseClass: NativeClass:/Script/Engine.PlayerStart Name:PlayerStart_UAID_98BB1E1C382823F101_1966431817 Label:PlayerStart SpatiallyLoaded:0 Bounds:IsValid=true, Min=(X=-8070.000 Y=13980.000 Z=0.000), Max=(X=-7990.000 Y=14060.000 Z=184.000) RuntimeGrid:None EditorOnly:0 RuntimeOnly:0 HLODRelevant:0
 |   |   |- Guid:218E3B124735712D7EF272B4FB8E7FF6 BaseClass: NativeClass:/Script/Landscape.Landscape Name:Landscape_UAID_A85E45CFE404FBD100_1221515703 Label:Landscape SpatiallyLoaded:0 Bounds:IsValid=true, Min=(X=-100800.000 Y=-100800.000 Z=100.000), Max=(X=-100800.000 Y=-100800.000 Z=100.000) RuntimeGrid:None EditorOnly:0 RuntimeOnly:0 HLODRelevant:0
 |   |   |- Guid:2CE12F874AA39D020A0F4BA5739BD305 BaseClass: NativeClass:/Script/Engine.SkyAtmosphere Name:SkyAtmosphere_UAID_A85E45CFE40401D200_1470382762 Label:SkyAtmosphere SpatiallyLoaded:0 Bounds:IsValid=true, Min=(X=0.000 Y=0.000 Z=0.000), Max=(X=0.000 Y=0.000 Z=0.000) RuntimeGrid:None EditorOnly:0 RuntimeOnly:0 HLODRelevant:0 FolderPath:Lighting FolderGuid:B7E9BD5B45A652654791988DEF54CCEB
 |   |   |- Guid:31A5522843888425734F278F802A023B BaseClass: NativeClass:/Script/Landscape.LandscapeStreamingProxy Name:LandscapeStreamingProxy_D7T4VF4LBP34PHV9XOEVM5TIG_1_3_2_0 Label:LandscapeStreamingProxy_3_2_0 SpatiallyLoaded:1 Bounds:IsValid=true, Min=(X=-25200.000 Y=-50400.000 Z=-2097.656), Max=(X=0.000 Y=-25200.000 Z=-1897.656) RuntimeGrid:None EditorOnly:0 RuntimeOnly:0 HLODRelevant:1
 |   |   |- Guid:3E25F0A8458FB2B2C4FDCCBEFBB79D7C BaseClass: NativeClass:/Script/Landscape.LandscapeStreamingProxy Name:LandscapeStreamingProxy_D7T4VF4LBP34PHV9XOEVM5TIG_1_7_6_0 Label:LandscapeStreamingProxy_7_6_0 SpatiallyLoaded:1 Bounds:IsValid=true, Min=(X=75600.000 Y=50400.000 Z=-2097.656), Max=(X=100800.000 Y=75600.000 Z=-1897.656) RuntimeGrid:None EditorOnly:0 RuntimeOnly:0 HLODRelevant:1
 |   |   |- Guid:3F36F6E343853B5EFB38DF82C9F47BC1 BaseClass: NativeClass:/Script/Landscape.LandscapeStreamingProxy Name:LandscapeStreamingProxy_D7T4VF4LBP34PHV9XOEVM5TIG_1_3_6_0 Label:LandscapeStreamingProxy_3_6_0 SpatiallyLoaded:1 Bounds:IsValid=true, Min=(X=-25200.000 Y=50400.000 Z=-2097.656), Max=(X=0.000 Y=75600.000 Z=-1897.656) RuntimeGrid:None EditorOnly:0 RuntimeOnly:0 HLODRelevant:1
 |   |   |- Guid:4BB3F5FA432D0DC7A761038FC1F660F7 BaseClass: NativeClass:/Script/Engine.DirectionalLight Name:DirectionalLight_UAID_98BB1E1C382813ED01_1234164775 Label:NightLight SpatiallyLoaded:0 Bounds:IsValid=true, Min=(X=-4398046511104.000 Y=-4398046511104.000 Z=-4398046511104.000), Max=(X=4398046511104.000 Y=4398046511104.000 Z=4398046511104.000) RuntimeGrid:None EditorOnly:0 RuntimeOnly:0 HLODRelevant:0 FolderPath:Lighting FolderGuid:B7E9BD5B45A652654791988DEF54CCEB
 |   |   |- Guid:5368FABB47D6D9580DAECA8B0417BF92 BaseClass: NativeClass:/Script/Engine.WorldDataLayers Name:WorldDataLayers Label:WorldDataLayers-1 SpatiallyLoaded:0 Bounds:IsValid=true, Min=(X=0.000 Y=0.000 Z=0.000), Max=(X=0.000 Y=0.000 Z=0.000) RuntimeGrid:None EditorOnly:0 RuntimeOnly:0 HLODRelevant:0
 |   |   |- Guid:593CAC3F498EBC64B9DE2A91D76CAB72 BaseClass: NativeClass:/Script/Landscape.Landscape Name:Landscape_UAID_98BB1E1C382827F101_1826299524 Label:Landscape2 SpatiallyLoaded:0 Bounds:IsValid=true, Min=(X=-24280.000 Y=18770.000 Z=-30.000), Max=(X=-24280.000 Y=18770.000 Z=-30.000) RuntimeGrid:None EditorOnly:0 RuntimeOnly:0 HLODRelevant:0
 |   |   |- Guid:6F0853324B06869EED2D33B40A0E86A2 BaseClass:/Game/UI/UI_interact/BP_Interact.BP_Interact_C NativeClass:/Script/Engine.Actor Name:BP_Interact_C_UAID_98BB1E1C382825F101_1185736170 Label:BP_Interact SpatiallyLoaded:1 Bounds:IsValid=true, Min=(X=-7882.000 Y=13888.000 Z=-52.000), Max=(X=-7738.000 Y=14032.000 Z=92.000) RuntimeGrid:None EditorOnly:0 RuntimeOnly:0 HLODRelevant:0
 |   |   |- Guid:707D0D104A1A6DBFBBD050AD016E1BA7 BaseClass: NativeClass:/Script/Landscape.LandscapeStreamingProxy Name:LandscapeStreamingProxy_D7T4VF4LBP34PHV9XOEVM5TIG_1_4_4_0 Label:LandscapeStreamingProxy_4_4_0 SpatiallyLoaded:1 Bounds:IsValid=true, Min=(X=0.000 Y=0.000 Z=-637.500), Max=(X=25200.000 Y=25200.000 Z=2586.719) RuntimeGrid:None EditorOnly:0 RuntimeOnly:0 HLODRelevant:1
 |   |   |- Guid:735DFEDC45653EB1767C7385996AF2D3 BaseClass: NativeClass:/Script/Landscape.LandscapeStreamingProxy Name:LandscapeStreamingProxy_0AAN6RRTNWWM35OBJESK57R7H_126_0_1_0 Label:LandscapeStreamingProxy_0_1_0 SpatiallyLoaded:1 Bounds:IsValid=true, Min=(X=-24280.000 Y=31370.000 Z=-30.000), Max=(X=-11680.000 Y=43970.000 Z=2170.781) RuntimeGrid:None EditorOnly:0 RuntimeOnly:0 HLODRelevant:1
 |   |   |- Guid:73622D314EE6AC4918FEF390ED1509AD BaseClass: NativeClass:/Script/Water.WaterBodyRiver Name:WaterBodyRiver_UAID_98BB1E1C382828F101_2106770702 Label:WaterBodyRiver2 SpatiallyLoaded:1 Bounds:IsValid=true, Min=(X=7143.819 Y=-18768.726 Z=-256.000), Max=(X=18917.278 Y=43709.220 Z=0.000) RuntimeGrid:None EditorOnly:0 RuntimeOnly:0 HLODRelevant:1
 |   |   |- Guid:7E8DF15942F955BCCAB7DB92DF810682 BaseClass: NativeClass:/Script/Landscape.LandscapeStreamingProxy Name:LandscapeStreamingProxy_D7T4VF4LBP34PHV9XOEVM5TIG_1_6_5_0 Label:LandscapeStreamingProxy_6_5_0 SpatiallyLoaded:1 Bounds:IsValid=true, Min=(X=50400.000 Y=25200.000 Z=-2097.656), Max=(X=75600.000 Y=50400.000 Z=-1833.594) RuntimeGrid:None EditorOnly:0 RuntimeOnly:0 HLODRelevant:1
 |   |   |- Guid:82111EBA4245874D247823848B4F1385 BaseClass: NativeClass:/Script/Landscape.LandscapeStreamingProxy Name:LandscapeStreamingProxy_D7T4VF4LBP34PHV9XOEVM5TIG_1_4_3_0 Label:LandscapeStreamingProxy_4_3_0 SpatiallyLoaded:1 Bounds:IsValid=true, Min=(X=0.000 Y=-25200.000 Z=-1997.656), Max=(X=25200.000 Y=0.000 Z=3479.688) RuntimeGrid:None EditorOnly:0 RuntimeOnly:0 HLODRelevant:1
 |   |   |- Guid:87184C7F45B16AFDB24868B24172272E BaseClass: NativeClass:/Script/Landscape.LandscapeStreamingProxy Name:LandscapeStreamingProxy_D7T4VF4LBP34PHV9XOEVM5TIG_1_6_2_0 Label:LandscapeStreamingProxy_6_2_0 SpatiallyLoaded:1 Bounds:IsValid=true, Min=(X=50400.000 Y=-50400.000 Z=-2097.656), Max=(X=75600.000 Y=-25200.000 Z=-385.938) RuntimeGrid:None EditorOnly:0 RuntimeOnly:0 HLODRelevant:1
 |   |   |- Guid:8F0C78FE4D46BC07F60A91A87475E7E8 BaseClass: NativeClass:/Script/Landscape.LandscapeStreamingProxy Name:LandscapeStreamingProxy_D7T4VF4LBP34PHV9XOEVM5TIG_1_4_1_0 Label:LandscapeStreamingProxy_4_1_0 SpatiallyLoaded:1 Bounds:IsValid=true, Min=(X=0.000 Y=-75600.000 Z=-2097.656), Max=(X=25200.000 Y=-50400.000 Z=-1897.656) RuntimeGrid:None EditorOnly:0 RuntimeOnly:0 HLODRelevant:1
 |   |   |- Guid:986A09ED4961A78E34EE1981B2281B28 BaseClass: NativeClass:/Script/Landscape.LandscapeStreamingProxy Name:LandscapeStreamingProxy_D7T4VF4LBP34PHV9XOEVM5TIG_1_6_4_0 Label:LandscapeStreamingProxy_6_4_0 SpatiallyLoaded:1 Bounds:IsValid=true, Min=(X=50400.000 Y=0.000 Z=-2097.656), Max=(X=75600.000 Y=25200.000 Z=33.594) RuntimeGrid:None EditorOnly:0 RuntimeOnly:0 HLODRelevant:1
 |   |   |- Guid:9AA48BD04CB873661E75B0973B2BF04A BaseClass: NativeClass:/Script/Landscape.LandscapeStreamingProxy Name:LandscapeStreamingProxy_D7T4VF4LBP34PHV9XOEVM5TIG_1_3_5_0 Label:LandscapeStreamingProxy_3_5_0 SpatiallyLoaded:1 Bounds:IsValid=true, Min=(X=-25200.000 Y=25200.000 Z=-1997.656), Max=(X=0.000 Y=50400.000 Z=2008.594) RuntimeGrid:None EditorOnly:0 RuntimeOnly:0 HLODRelevant:1
 |   |   |- Guid:9CBBDFD8486812AAE8770CB093DB7460 BaseClass: NativeClass:/Script/Landscape.LandscapeStreamingProxy Name:LandscapeStreamingProxy_D7T4VF4LBP34PHV9XOEVM5TIG_1_3_4_0 Label:LandscapeStreamingProxy_3_4_0 SpatiallyLoaded:1 Bounds:IsValid=true, Min=(X=-25200.000 Y=0.000 Z=-1882.031), Max=(X=0.000 Y=25200.000 Z=2342.969) RuntimeGrid:None EditorOnly:0 RuntimeOnly:0 HLODRelevant:1
 |   |   |- Guid:9F1FD8B14EFA2FFE8955F0893F732321 BaseClass: NativeClass:/Script/Landscape.LandscapeStreamingProxy Name:LandscapeStreamingProxy_D7T4VF4LBP34PHV9XOEVM5TIG_1_4_2_0 Label:LandscapeStreamingProxy_4_2_0 SpatiallyLoaded:1 Bounds:IsValid=true, Min=(X=0.000 Y=-50400.000 Z=-2097.656), Max=(X=25200.000 Y=-25200.000 Z=-1542.969) RuntimeGrid:None EditorOnly:0 RuntimeOnly:0 HLODRelevant:1
 |   |   |- Guid:A882235E449D71AC064105B4EA3F9518 BaseClass: NativeClass:/Script/Landscape.LandscapeStreamingProxy Name:LandscapeStreamingProxy_D7T4VF4LBP34PHV9XOEVM5TIG_1_2_5_0 Label:LandscapeStreamingProxy_2_5_0 SpatiallyLoaded:1 Bounds:IsValid=true, Min=(X=-50400.000 Y=25200.000 Z=-2097.656), Max=(X=-25200.000 Y=50400.000 Z=-653.125) RuntimeGrid:None EditorOnly:0 RuntimeOnly:0 HLODRelevant:1
 |   |   |- Guid:AAAC6B5742760A58C2206DB37E44683C BaseClass: NativeClass:/Script/Engine.DirectionalLight Name:DirectionalLight_UAID_A85E45CFE40401D200_1470382761 Label:SunLight SpatiallyLoaded:0 Bounds:IsValid=true, Min=(X=-4398046511104.000 Y=-4398046511104.000 Z=-4398046511104.000), Max=(X=4398046511104.000 Y=4398046511104.000 Z=4398046511104.000) RuntimeGrid:None EditorOnly:0 RuntimeOnly:0 HLODRelevant:0 FolderPath:Lighting FolderGuid:B7E9BD5B45A652654791988DEF54CCEB
 |   |   |- Guid:AE565297405B1809622B45ADC2750875 BaseClass: NativeClass:/Script/Landscape.LandscapeStreamingProxy Name:LandscapeStreamingProxy_D7T4VF4LBP34PHV9XOEVM5TIG_1_5_4_0 Label:LandscapeStreamingProxy_5_4_0 SpatiallyLoaded:1 Bounds:IsValid=true, Min=(X=25200.000 Y=0.000 Z=-1833.594), Max=(X=50400.000 Y=25200.000 Z=4891.406) RuntimeGrid:None EditorOnly:0 RuntimeOnly:0 HLODRelevant:1
 |   |   |- Guid:B0E3D56F46177253EEFE85A57AC65398 BaseClass: NativeClass:/Script/Landscape.LandscapeStreamingProxy Name:LandscapeStreamingProxy_D7T4VF4LBP34PHV9XOEVM5TIG_1_6_3_0 Label:LandscapeStreamingProxy_6_3_0 SpatiallyLoaded:1 Bounds:IsValid=true, Min=(X=50400.000 Y=-25200.000 Z=-1997.656), Max=(X=75600.000 Y=0.000 Z=178.125) RuntimeGrid:None EditorOnly:0 RuntimeOnly:0 HLODRelevant:1
 |   |   |- Guid:B6C3DAF747D776D42CBB8BADECF57A47 BaseClass: NativeClass:/Script/Landscape.LandscapeStreamingProxy Name:LandscapeStreamingProxy_D7T4VF4LBP34PHV9XOEVM5TIG_1_5_1_0 Label:LandscapeStreamingProxy_5_1_0 SpatiallyLoaded:1 Bounds:IsValid=true, Min=(X=25200.000 Y=-75600.000 Z=-2097.656), Max=(X=50400.000 Y=-50400.000 Z=-1897.656) RuntimeGrid:None EditorOnly:0 RuntimeOnly:0 HLODRelevant:1
 |   |   |- Guid:B865D61B473CDD196F56BDA8F1637BEE BaseClass: NativeClass:/Script/Landscape.LandscapeStreamingProxy Name:LandscapeStreamingProxy_D7T4VF4LBP34PHV9XOEVM5TIG_1_5_6_0 Label:LandscapeStreamingProxy_5_6_0 SpatiallyLoaded:1 Bounds:IsValid=true, Min=(X=25200.000 Y=50400.000 Z=-2097.656), Max=(X=50400.000 Y=75600.000 Z=-1462.500) RuntimeGrid:None EditorOnly:0 RuntimeOnly:0 HLODRelevant:1
 |   |   |- Guid:B9E92F9C437526A88CEB59B2694F0297 BaseClass: NativeClass:/Script/Landscape.LandscapeStreamingProxy Name:LandscapeStreamingProxy_D7T4VF4LBP34PHV9XOEVM5TIG_1_2_6_0 Label:LandscapeStreamingProxy_2_6_0 SpatiallyLoaded:1 Bounds:IsValid=true, Min=(X=-50400.000 Y=50400.000 Z=-2097.656), Max=(X=-25200.000 Y=75600.000 Z=-1897.656) RuntimeGrid:None EditorOnly:0 RuntimeOnly:0 HLODRelevant:1
 |   |   |- Guid:BF5B4F67402F6D7C045C22B6C2FA6D29 BaseClass: NativeClass:/Script/Landscape.LandscapeStreamingProxy Name:LandscapeStreamingProxy_0AAN6RRTNWWM35OBJESK57R7H_126_1_0_0 Label:LandscapeStreamingProxy_1_0_0 SpatiallyLoaded:1 Bounds:IsValid=true, Min=(X=-11680.000 Y=18770.000 Z=-1900.312), Max=(X=920.000 Y=31370.000 Z=2175.469) RuntimeGrid:None EditorOnly:0 RuntimeOnly:0 HLODRelevant:1
 |   |   |- Guid:C05781A44D7C770E1C0960A3CA1C133F BaseClass: NativeClass:/Script/Landscape.LandscapeStreamingProxy Name:LandscapeStreamingProxy_D7T4VF4LBP34PHV9XOEVM5TIG_1_4_5_0 Label:LandscapeStreamingProxy_4_5_0 SpatiallyLoaded:1 Bounds:IsValid=true, Min=(X=0.000 Y=25200.000 Z=-1997.656), Max=(X=25200.000 Y=50400.000 Z=3178.125) RuntimeGrid:None EditorOnly:0 RuntimeOnly:0 HLODRelevant:1
 |   |   |- Guid:C56C132644701862CBD638A5DD4778F1 BaseClass: NativeClass:/Script/Landscape.LandscapeStreamingProxy Name:LandscapeStreamingProxy_D7T4VF4LBP34PHV9XOEVM5TIG_1_3_1_0 Label:LandscapeStreamingProxy_3_1_0 SpatiallyLoaded:1 Bounds:IsValid=true, Min=(X=-25200.000 Y=-75600.000 Z=-2097.656), Max=(X=0.000 Y=-50400.000 Z=-1897.656) RuntimeGrid:None EditorOnly:0 RuntimeOnly:0 HLODRelevant:1
 |   |   |- Guid:C5BE7A844D821610BF68FA846185D941 BaseClass: NativeClass:/Script/Landscape.LandscapeStreamingProxy Name:LandscapeStreamingProxy_D7T4VF4LBP34PHV9XOEVM5TIG_1_4_6_0 Label:LandscapeStreamingProxy_4_6_0 SpatiallyLoaded:1 Bounds:IsValid=true, Min=(X=0.000 Y=50400.000 Z=-2097.656), Max=(X=25200.000 Y=75600.000 Z=-1462.500) RuntimeGrid:None EditorOnly:0 RuntimeOnly:0 HLODRelevant:1
 |   |   |- Guid:D3FB7383421AAEFD3DB6F8B1E415A9FE BaseClass: NativeClass:/Script/Engine.ExponentialHeightFog Name:ExponentialHeightFog_UAID_A85E45CFE40401D200_1470382763 Label:ExponentialHeightFog SpatiallyLoaded:0 Bounds:IsValid=true, Min=(X=-5600.000 Y=-50.000 Z=-6850.000), Max=(X=-5600.000 Y=-50.000 Z=-6850.000) RuntimeGrid:None EditorOnly:0 RuntimeOnly:0 HLODRelevant:0 FolderPath:Lighting FolderGuid:B7E9BD5B45A652654791988DEF54CCEB
 |   |   |- Guid:E6C4C89747E65FCDCCFD648F081F47C2 BaseClass: NativeClass:/Script/Landscape.LandscapeStreamingProxy Name:LandscapeStreamingProxy_D7T4VF4LBP34PHV9XOEVM5TIG_1_3_3_0 Label:LandscapeStreamingProxy_3_3_0 SpatiallyLoaded:1 Bounds:IsValid=true, Min=(X=-25200.000 Y=-25200.000 Z=-2097.656), Max=(X=0.000 Y=0.000 Z=1795.312) RuntimeGrid:None EditorOnly:0 RuntimeOnly:0 HLODRelevant:1
 |   |   |- Guid:F00FC3AC471D0CFC7DEAB4BE529C1D74 BaseClass: NativeClass:/Script/Water.WaterBodyRiver Name:WaterBodyRiver_UAID_98BB1E1C382828F101_1156098701 Label:WaterBodyRiver SpatiallyLoaded:1 Bounds:IsValid=true, Min=(X=7119.959 Y=-5295.609 Z=-256.000), Max=(X=20136.509 Y=43103.548 Z=0.000) RuntimeGrid:None EditorOnly:0 RuntimeOnly:0 HLODRelevant:1
 |   |   |- Guid:F29683A743C2FC2B65E979BAB5E5F498 BaseClass: NativeClass:/Script/Landscape.LandscapeStreamingProxy Name:LandscapeStreamingProxy_0AAN6RRTNWWM35OBJESK57R7H_126_0_0_0 Label:LandscapeStreamingProxy_0_0_0 SpatiallyLoaded:1 Bounds:IsValid=true, Min=(X=-24280.000 Y=18770.000 Z=-130.000), Max=(X=-11680.000 Y=31370.000 Z=1523.906) RuntimeGrid:None EditorOnly:0 RuntimeOnly:0 HLODRelevant:1
 |   |   |- Guid:F947F18B49858105B55E08A21E067F09 BaseClass: NativeClass:/Script/Landscape.LandscapeStreamingProxy Name:LandscapeStreamingProxy_D7T4VF4LBP34PHV9XOEVM5TIG_1_5_5_0 Label:LandscapeStreamingProxy_5_5_0 SpatiallyLoaded:1 Bounds:IsValid=true, Min=(X=25200.000 Y=25200.000 Z=-1997.656), Max=(X=50400.000 Y=50400.000 Z=2946.875) RuntimeGrid:None EditorOnly:0 RuntimeOnly:0 HLODRelevant:1
 |   |- [+] Clusters:
 |   |   |- [+] [  0]
 |   |   |   |- Guid:F29683A743C2FC2B65E979BAB5E5F498 BaseClass: NativeClass:/Script/Landscape.LandscapeStreamingProxy Name:LandscapeStreamingProxy_0AAN6RRTNWWM35OBJESK57R7H_126_0_0_0 Label:LandscapeStreamingProxy_0_0_0 SpatiallyLoaded:1 Bounds:IsValid=true, Min=(X=-24280.000 Y=18770.000 Z=-130.000), Max=(X=-11680.000 Y=31370.000 Z=1523.906) RuntimeGrid:None EditorOnly:0 RuntimeOnly:0 HLODRelevant:1
 |   |   |- [+] [  1]
 |   |   |   |- Guid:2CE12F874AA39D020A0F4BA5739BD305 BaseClass: NativeClass:/Script/Engine.SkyAtmosphere Name:SkyAtmosphere_UAID_A85E45CFE40401D200_1470382762 Label:SkyAtmosphere SpatiallyLoaded:0 Bounds:IsValid=true, Min=(X=0.000 Y=0.000 Z=0.000), Max=(X=0.000 Y=0.000 Z=0.000) RuntimeGrid:None EditorOnly:0 RuntimeOnly:0 HLODRelevant:0 FolderPath:Lighting FolderGuid:B7E9BD5B45A652654791988DEF54CCEB
 |   |   |- [+] [  2]
 |   |   |   |- Guid:1D3D26F04B6DC10BEFB5B69E5CF914C8 BaseClass: NativeClass:/Script/Engine.VolumetricCloud Name:VolumetricCloud_UAID_A85E45CFE40401D200_1470381760 Label:VolumetricCloud SpatiallyLoaded:0 Bounds:IsValid=true, Min=(X=0.000 Y=0.000 Z=0.000), Max=(X=0.000 Y=0.000 Z=0.000) RuntimeGrid:None EditorOnly:0 RuntimeOnly:0 HLODRelevant:0 FolderPath:Lighting FolderGuid:B7E9BD5B45A652654791988DEF54CCEB
 |   |   |- [+] [  3]
 |   |   |   |- Guid:AE565297405B1809622B45ADC2750875 BaseClass: NativeClass:/Script/Landscape.LandscapeStreamingProxy Name:LandscapeStreamingProxy_D7T4VF4LBP34PHV9XOEVM5TIG_1_5_4_0 Label:LandscapeStreamingProxy_5_4_0 SpatiallyLoaded:1 Bounds:IsValid=true, Min=(X=25200.000 Y=0.000 Z=-1833.594), Max=(X=50400.000 Y=25200.000 Z=4891.406) RuntimeGrid:None EditorOnly:0 RuntimeOnly:0 HLODRelevant:1
 |   |   |- [+] [  4]
 |   |   |   |- Guid:707D0D104A1A6DBFBBD050AD016E1BA7 BaseClass: NativeClass:/Script/Landscape.LandscapeStreamingProxy Name:LandscapeStreamingProxy_D7T4VF4LBP34PHV9XOEVM5TIG_1_4_4_0 Label:LandscapeStreamingProxy_4_4_0 SpatiallyLoaded:1 Bounds:IsValid=true, Min=(X=0.000 Y=0.000 Z=-637.500), Max=(X=25200.000 Y=25200.000 Z=2586.719) RuntimeGrid:None EditorOnly:0 RuntimeOnly:0 HLODRelevant:1
 |   |   |- [+] [  5]
 |   |   |   |- Guid:9CBBDFD8486812AAE8770CB093DB7460 BaseClass: NativeClass:/Script/Landscape.LandscapeStreamingProxy Name:LandscapeStreamingProxy_D7T4VF4LBP34PHV9XOEVM5TIG_1_3_4_0 Label:LandscapeStreamingProxy_3_4_0 SpatiallyLoaded:1 Bounds:IsValid=true, Min=(X=-25200.000 Y=0.000 Z=-1882.031), Max=(X=0.000 Y=25200.000 Z=2342.969) RuntimeGrid:None EditorOnly:0 RuntimeOnly:0 HLODRelevant:1
 |   |   |- [+] [  6]
 |   |   |   |- Guid:9AA48BD04CB873661E75B0973B2BF04A BaseClass: NativeClass:/Script/Landscape.LandscapeStreamingProxy Name:LandscapeStreamingProxy_D7T4VF4LBP34PHV9XOEVM5TIG_1_3_5_0 Label:LandscapeStreamingProxy_3_5_0 SpatiallyLoaded:1 Bounds:IsValid=true, Min=(X=-25200.000 Y=25200.000 Z=-1997.656), Max=(X=0.000 Y=50400.000 Z=2008.594) RuntimeGrid:None EditorOnly:0 RuntimeOnly:0 HLODRelevant:1
 |   |   |- [+] [  7]
 |   |   |   |- Guid:BF5B4F67402F6D7C045C22B6C2FA6D29 BaseClass: NativeClass:/Script/Landscape.LandscapeStreamingProxy Name:LandscapeStreamingProxy_0AAN6RRTNWWM35OBJESK57R7H_126_1_0_0 Label:LandscapeStreamingProxy_1_0_0 SpatiallyLoaded:1 Bounds:IsValid=true, Min=(X=-11680.000 Y=18770.000 Z=-1900.312), Max=(X=920.000 Y=31370.000 Z=2175.469) RuntimeGrid:None EditorOnly:0 RuntimeOnly:0 HLODRelevant:1
 |   |   |- [+] [  8]
 |   |   |   |- Guid:1EE33D5B4B22F427AFEA6FB464E5D495 BaseClass: NativeClass:/Script/Engine.PlayerStart Name:PlayerStart_UAID_98BB1E1C382823F101_1966431817 Label:PlayerStart SpatiallyLoaded:0 Bounds:IsValid=true, Min=(X=-8070.000 Y=13980.000 Z=0.000), Max=(X=-7990.000 Y=14060.000 Z=184.000) RuntimeGrid:None EditorOnly:0 RuntimeOnly:0 HLODRelevant:0
 |   |   |- [+] [  9]
 |   |   |   |- Guid:C56C132644701862CBD638A5DD4778F1 BaseClass: NativeClass:/Script/Landscape.LandscapeStreamingProxy Name:LandscapeStreamingProxy_D7T4VF4LBP34PHV9XOEVM5TIG_1_3_1_0 Label:LandscapeStreamingProxy_3_1_0 SpatiallyLoaded:1 Bounds:IsValid=true, Min=(X=-25200.000 Y=-75600.000 Z=-2097.656), Max=(X=0.000 Y=-50400.000 Z=-1897.656) RuntimeGrid:None EditorOnly:0 RuntimeOnly:0 HLODRelevant:1
 |   |   |- [+] [ 10]
 |   |   |   |- Guid:B865D61B473CDD196F56BDA8F1637BEE BaseClass: NativeClass:/Script/Landscape.LandscapeStreamingProxy Name:LandscapeStreamingProxy_D7T4VF4LBP34PHV9XOEVM5TIG_1_5_6_0 Label:LandscapeStreamingProxy_5_6_0 SpatiallyLoaded:1 Bounds:IsValid=true, Min=(X=25200.000 Y=50400.000 Z=-2097.656), Max=(X=50400.000 Y=75600.000 Z=-1462.500) RuntimeGrid:None EditorOnly:0 RuntimeOnly:0 HLODRelevant:1
 |   |   |- [+] [ 11]
 |   |   |   |- Guid:F00FC3AC471D0CFC7DEAB4BE529C1D74 BaseClass: NativeClass:/Script/Water.WaterBodyRiver Name:WaterBodyRiver_UAID_98BB1E1C382828F101_1156098701 Label:WaterBodyRiver SpatiallyLoaded:1 Bounds:IsValid=true, Min=(X=7119.959 Y=-5295.609 Z=-256.000), Max=(X=20136.509 Y=43103.548 Z=0.000) RuntimeGrid:None EditorOnly:0 RuntimeOnly:0 HLODRelevant:1
 |   |   |- [+] [ 12]
 |   |   |   |- Guid:6F0853324B06869EED2D33B40A0E86A2 BaseClass:/Game/UI/UI_interact/BP_Interact.BP_Interact_C NativeClass:/Script/Engine.Actor Name:BP_Interact_C_UAID_98BB1E1C382825F101_1185736170 Label:BP_Interact SpatiallyLoaded:1 Bounds:IsValid=true, Min=(X=-7882.000 Y=13888.000 Z=-52.000), Max=(X=-7738.000 Y=14032.000 Z=92.000) RuntimeGrid:None EditorOnly:0 RuntimeOnly:0 HLODRelevant:0
 |   |   |- [+] [ 13]
 |   |   |   |- Guid:A882235E449D71AC064105B4EA3F9518 BaseClass: NativeClass:/Script/Landscape.LandscapeStreamingProxy Name:LandscapeStreamingProxy_D7T4VF4LBP34PHV9XOEVM5TIG_1_2_5_0 Label:LandscapeStreamingProxy_2_5_0 SpatiallyLoaded:1 Bounds:IsValid=true, Min=(X=-50400.000 Y=25200.000 Z=-2097.656), Max=(X=-25200.000 Y=50400.000 Z=-653.125) RuntimeGrid:None EditorOnly:0 RuntimeOnly:0 HLODRelevant:1
 |   |   |- [+] [ 14]
 |   |   |   |- Guid:31A5522843888425734F278F802A023B BaseClass: NativeClass:/Script/Landscape.LandscapeStreamingProxy Name:LandscapeStreamingProxy_D7T4VF4LBP34PHV9XOEVM5TIG_1_3_2_0 Label:LandscapeStreamingProxy_3_2_0 SpatiallyLoaded:1 Bounds:IsValid=true, Min=(X=-25200.000 Y=-50400.000 Z=-2097.656), Max=(X=0.000 Y=-25200.000 Z=-1897.656) RuntimeGrid:None EditorOnly:0 RuntimeOnly:0 HLODRelevant:1
 |   |   |- [+] [ 15]
 |   |   |   |- Guid:5368FABB47D6D9580DAECA8B0417BF92 BaseClass: NativeClass:/Script/Engine.WorldDataLayers Name:WorldDataLayers Label:WorldDataLayers-1 SpatiallyLoaded:0 Bounds:IsValid=true, Min=(X=0.000 Y=0.000 Z=0.000), Max=(X=0.000 Y=0.000 Z=0.000) RuntimeGrid:None EditorOnly:0 RuntimeOnly:0 HLODRelevant:0
 |   |   |- [+] [ 16]
 |   |   |   |- Guid:19FC772F44D3CDE9F53D2C916457CF19 BaseClass: NativeClass:/Script/Water.WaterBodyOcean Name:WaterBodyOcean_UAID_98BB1E1C382823F101_1889962815 Label:WaterBodyOcean SpatiallyLoaded:0 Bounds:IsValid=true, Min=(X=-65440.000 Y=-84790.000 Z=-20000.000), Max=(X=85760.000 Y=66410.000 Z=0.000) RuntimeGrid:None EditorOnly:0 RuntimeOnly:0 HLODRelevant:1
 |   |   |- [+] [ 17]
 |   |   |   |- Guid:03920DF94EEFC9F86CC66185D32A3DA1 BaseClass: NativeClass:/Script/Engine.StaticMeshActor Name:StaticMeshActor_UAID_A4AE111137DC54FB00_1240666663 Label:SM_SkySphere SpatiallyLoaded:0 Bounds:IsValid=true, Min=(X=-1638400.000 Y=-1638400.000 Z=-1638400.000), Max=(X=1638400.000 Y=1638400.000 Z=1638400.000) RuntimeGrid:None EditorOnly:0 RuntimeOnly:0 HLODRelevant:0 FolderPath:Lighting FolderGuid:B7E9BD5B45A652654791988DEF54CCEB
 |   |   |- [+] [ 18]
 |   |   |   |- Guid:D3FB7383421AAEFD3DB6F8B1E415A9FE BaseClass: NativeClass:/Script/Engine.ExponentialHeightFog Name:ExponentialHeightFog_UAID_A85E45CFE40401D200_1470382763 Label:ExponentialHeightFog SpatiallyLoaded:0 Bounds:IsValid=true, Min=(X=-5600.000 Y=-50.000 Z=-6850.000), Max=(X=-5600.000 Y=-50.000 Z=-6850.000) RuntimeGrid:None EditorOnly:0 RuntimeOnly:0 HLODRelevant:0 FolderPath:Lighting FolderGuid:B7E9BD5B45A652654791988DEF54CCEB
 |   |   |- [+] [ 19]
 |   |   |   |- Guid:B0E3D56F46177253EEFE85A57AC65398 BaseClass: NativeClass:/Script/Landscape.LandscapeStreamingProxy Name:LandscapeStreamingProxy_D7T4VF4LBP34PHV9XOEVM5TIG_1_6_3_0 Label:LandscapeStreamingProxy_6_3_0 SpatiallyLoaded:1 Bounds:IsValid=true, Min=(X=50400.000 Y=-25200.000 Z=-1997.656), Max=(X=75600.000 Y=0.000 Z=178.125) RuntimeGrid:None EditorOnly:0 RuntimeOnly:0 HLODRelevant:1
 |   |   |- [+] [ 20]
 |   |   |   |- Guid:593CAC3F498EBC64B9DE2A91D76CAB72 BaseClass: NativeClass:/Script/Landscape.Landscape Name:Landscape_UAID_98BB1E1C382827F101_1826299524 Label:Landscape2 SpatiallyLoaded:0 Bounds:IsValid=true, Min=(X=-24280.000 Y=18770.000 Z=-30.000), Max=(X=-24280.000 Y=18770.000 Z=-30.000) RuntimeGrid:None EditorOnly:0 RuntimeOnly:0 HLODRelevant:0
 |   |   |- [+] [ 21]
 |   |   |   |- Guid:146D3E3040BAFC1FB8BF4ABC272DA94F BaseClass: NativeClass:/Script/Landscape.LandscapeStreamingProxy Name:LandscapeStreamingProxy_D7T4VF4LBP34PHV9XOEVM5TIG_1_5_2_0 Label:LandscapeStreamingProxy_5_2_0 SpatiallyLoaded:1 Bounds:IsValid=true, Min=(X=25200.000 Y=-50400.000 Z=-2097.656), Max=(X=50400.000 Y=-25200.000 Z=-246.875) RuntimeGrid:None EditorOnly:0 RuntimeOnly:0 HLODRelevant:1
 |   |   |- [+] [ 22]
 |   |   |   |- Guid:1DE8D7AC4103A2EABA11649C7FCF8ACA BaseClass: NativeClass:/Script/Engine.SkyLight Name:SkyLight_UAID_A85E45CFE40401D200_1470380759 Label:SkyLight SpatiallyLoaded:0 Bounds:IsValid=true, Min=(X=0.000 Y=0.000 Z=0.000), Max=(X=0.000 Y=0.000 Z=0.000) RuntimeGrid:None EditorOnly:0 RuntimeOnly:0 HLODRelevant:0 FolderPath:Lighting FolderGuid:B7E9BD5B45A652654791988DEF54CCEB
 |   |   |- [+] [ 23]
 |   |   |   |- Guid:4BB3F5FA432D0DC7A761038FC1F660F7 BaseClass: NativeClass:/Script/Engine.DirectionalLight Name:DirectionalLight_UAID_98BB1E1C382813ED01_1234164775 Label:NightLight SpatiallyLoaded:0 Bounds:IsValid=true, Min=(X=-4398046511104.000 Y=-4398046511104.000 Z=-4398046511104.000), Max=(X=4398046511104.000 Y=4398046511104.000 Z=4398046511104.000) RuntimeGrid:None EditorOnly:0 RuntimeOnly:0 HLODRelevant:0 FolderPath:Lighting FolderGuid:B7E9BD5B45A652654791988DEF54CCEB
 |   |   |- [+] [ 24]
 |   |   |   |- Guid:E6C4C89747E65FCDCCFD648F081F47C2 BaseClass: NativeClass:/Script/Landscape.LandscapeStreamingProxy Name:LandscapeStreamingProxy_D7T4VF4LBP34PHV9XOEVM5TIG_1_3_3_0 Label:LandscapeStreamingProxy_3_3_0 SpatiallyLoaded:1 Bounds:IsValid=true, Min=(X=-25200.000 Y=-25200.000 Z=-2097.656), Max=(X=0.000 Y=0.000 Z=1795.312) RuntimeGrid:None EditorOnly:0 RuntimeOnly:0 HLODRelevant:1
 |   |   |- [+] [ 25]
 |   |   |   |- Guid:C5BE7A844D821610BF68FA846185D941 BaseClass: NativeClass:/Script/Landscape.LandscapeStreamingProxy Name:LandscapeStreamingProxy_D7T4VF4LBP34PHV9XOEVM5TIG_1_4_6_0 Label:LandscapeStreamingProxy_4_6_0 SpatiallyLoaded:1 Bounds:IsValid=true, Min=(X=0.000 Y=50400.000 Z=-2097.656), Max=(X=25200.000 Y=75600.000 Z=-1462.500) RuntimeGrid:None EditorOnly:0 RuntimeOnly:0 HLODRelevant:1
 |   |   |- [+] [ 26]
 |   |   |   |- Guid:B6C3DAF747D776D42CBB8BADECF57A47 BaseClass: NativeClass:/Script/Landscape.LandscapeStreamingProxy Name:LandscapeStreamingProxy_D7T4VF4LBP34PHV9XOEVM5TIG_1_5_1_0 Label:LandscapeStreamingProxy_5_1_0 SpatiallyLoaded:1 Bounds:IsValid=true, Min=(X=25200.000 Y=-75600.000 Z=-2097.656), Max=(X=50400.000 Y=-50400.000 Z=-1897.656) RuntimeGrid:None EditorOnly:0 RuntimeOnly:0 HLODRelevant:1
 |   |   |- [+] [ 27]
 |   |   |   |- Guid:218E3B124735712D7EF272B4FB8E7FF6 BaseClass: NativeClass:/Script/Landscape.Landscape Name:Landscape_UAID_A85E45CFE404FBD100_1221515703 Label:Landscape SpatiallyLoaded:0 Bounds:IsValid=true, Min=(X=-100800.000 Y=-100800.000 Z=100.000), Max=(X=-100800.000 Y=-100800.000 Z=100.000) RuntimeGrid:None EditorOnly:0 RuntimeOnly:0 HLODRelevant:0
 |   |   |- [+] [ 28]
 |   |   |   |- Guid:735DFEDC45653EB1767C7385996AF2D3 BaseClass: NativeClass:/Script/Landscape.LandscapeStreamingProxy Name:LandscapeStreamingProxy_0AAN6RRTNWWM35OBJESK57R7H_126_0_1_0 Label:LandscapeStreamingProxy_0_1_0 SpatiallyLoaded:1 Bounds:IsValid=true, Min=(X=-24280.000 Y=31370.000 Z=-30.000), Max=(X=-11680.000 Y=43970.000 Z=2170.781) RuntimeGrid:None EditorOnly:0 RuntimeOnly:0 HLODRelevant:1
 |   |   |- [+] [ 29]
 |   |   |   |- Guid:1E7A6AD4437B2258C36CB490664720EA BaseClass: NativeClass:/Script/Landscape.LandscapeStreamingProxy Name:LandscapeStreamingProxy_D7T4VF4LBP34PHV9XOEVM5TIG_1_5_3_0 Label:LandscapeStreamingProxy_5_3_0 SpatiallyLoaded:1 Bounds:IsValid=true, Min=(X=25200.000 Y=-25200.000 Z=-1542.969), Max=(X=50400.000 Y=0.000 Z=3728.906) RuntimeGrid:None EditorOnly:0 RuntimeOnly:0 HLODRelevant:1
 |   |   |- [+] [ 30]
 |   |   |   |- Guid:AAAC6B5742760A58C2206DB37E44683C BaseClass: NativeClass:/Script/Engine.DirectionalLight Name:DirectionalLight_UAID_A85E45CFE40401D200_1470382761 Label:SunLight SpatiallyLoaded:0 Bounds:IsValid=true, Min=(X=-4398046511104.000 Y=-4398046511104.000 Z=-4398046511104.000), Max=(X=4398046511104.000 Y=4398046511104.000 Z=4398046511104.000) RuntimeGrid:None EditorOnly:0 RuntimeOnly:0 HLODRelevant:0 FolderPath:Lighting FolderGuid:B7E9BD5B45A652654791988DEF54CCEB
 |   |   |- [+] [ 31]
 |   |   |   |- Guid:B9E92F9C437526A88CEB59B2694F0297 BaseClass: NativeClass:/Script/Landscape.LandscapeStreamingProxy Name:LandscapeStreamingProxy_D7T4VF4LBP34PHV9XOEVM5TIG_1_2_6_0 Label:LandscapeStreamingProxy_2_6_0 SpatiallyLoaded:1 Bounds:IsValid=true, Min=(X=-50400.000 Y=50400.000 Z=-2097.656), Max=(X=-25200.000 Y=75600.000 Z=-1897.656) RuntimeGrid:None EditorOnly:0 RuntimeOnly:0 HLODRelevant:1
 |   |   |- [+] [ 32]
 |   |   |   |- Guid:0550E94B443D34A7B2695084EF73CA8E BaseClass: NativeClass:/Script/Landscape.LandscapeStreamingProxy Name:LandscapeStreamingProxy_D7T4VF4LBP34PHV9XOEVM5TIG_1_7_5_0 Label:LandscapeStreamingProxy_7_5_0 SpatiallyLoaded:1 Bounds:IsValid=true, Min=(X=75600.000 Y=25200.000 Z=-2097.656), Max=(X=100800.000 Y=50400.000 Z=-1897.656) RuntimeGrid:None EditorOnly:0 RuntimeOnly:0 HLODRelevant:1
 |   |   |- [+] [ 33]
 |   |   |   |- Guid:F947F18B49858105B55E08A21E067F09 BaseClass: NativeClass:/Script/Landscape.LandscapeStreamingProxy Name:LandscapeStreamingProxy_D7T4VF4LBP34PHV9XOEVM5TIG_1_5_5_0 Label:LandscapeStreamingProxy_5_5_0 SpatiallyLoaded:1 Bounds:IsValid=true, Min=(X=25200.000 Y=25200.000 Z=-1997.656), Max=(X=50400.000 Y=50400.000 Z=2946.875) RuntimeGrid:None EditorOnly:0 RuntimeOnly:0 HLODRelevant:1
 |   |   |- [+] [ 34]
 |   |   |   |- Guid:87184C7F45B16AFDB24868B24172272E BaseClass: NativeClass:/Script/Landscape.LandscapeStreamingProxy Name:LandscapeStreamingProxy_D7T4VF4LBP34PHV9XOEVM5TIG_1_6_2_0 Label:LandscapeStreamingProxy_6_2_0 SpatiallyLoaded:1 Bounds:IsValid=true, Min=(X=50400.000 Y=-50400.000 Z=-2097.656), Max=(X=75600.000 Y=-25200.000 Z=-385.938) RuntimeGrid:None EditorOnly:0 RuntimeOnly:0 HLODRelevant:1
 |   |   |- [+] [ 35]
 |   |   |   |- Guid:3F36F6E343853B5EFB38DF82C9F47BC1 BaseClass: NativeClass:/Script/Landscape.LandscapeStreamingProxy Name:LandscapeStreamingProxy_D7T4VF4LBP34PHV9XOEVM5TIG_1_3_6_0 Label:LandscapeStreamingProxy_3_6_0 SpatiallyLoaded:1 Bounds:IsValid=true, Min=(X=-25200.000 Y=50400.000 Z=-2097.656), Max=(X=0.000 Y=75600.000 Z=-1897.656) RuntimeGrid:None EditorOnly:0 RuntimeOnly:0 HLODRelevant:1
 |   |   |- [+] [ 36]
 |   |   |   |- Guid:8F0C78FE4D46BC07F60A91A87475E7E8 BaseClass: NativeClass:/Script/Landscape.LandscapeStreamingProxy Name:LandscapeStreamingProxy_D7T4VF4LBP34PHV9XOEVM5TIG_1_4_1_0 Label:LandscapeStreamingProxy_4_1_0 SpatiallyLoaded:1 Bounds:IsValid=true, Min=(X=0.000 Y=-75600.000 Z=-2097.656), Max=(X=25200.000 Y=-50400.000 Z=-1897.656) RuntimeGrid:None EditorOnly:0 RuntimeOnly:0 HLODRelevant:1
 |   |   |- [+] [ 37]
 |   |   |   |- Guid:986A09ED4961A78E34EE1981B2281B28 BaseClass: NativeClass:/Script/Landscape.LandscapeStreamingProxy Name:LandscapeStreamingProxy_D7T4VF4LBP34PHV9XOEVM5TIG_1_6_4_0 Label:LandscapeStreamingProxy_6_4_0 SpatiallyLoaded:1 Bounds:IsValid=true, Min=(X=50400.000 Y=0.000 Z=-2097.656), Max=(X=75600.000 Y=25200.000 Z=33.594) RuntimeGrid:None EditorOnly:0 RuntimeOnly:0 HLODRelevant:1
 |   |   |- [+] [ 38]
 |   |   |   |- Guid:3E25F0A8458FB2B2C4FDCCBEFBB79D7C BaseClass: NativeClass:/Script/Landscape.LandscapeStreamingProxy Name:LandscapeStreamingProxy_D7T4VF4LBP34PHV9XOEVM5TIG_1_7_6_0 Label:LandscapeStreamingProxy_7_6_0 SpatiallyLoaded:1 Bounds:IsValid=true, Min=(X=75600.000 Y=50400.000 Z=-2097.656), Max=(X=100800.000 Y=75600.000 Z=-1897.656) RuntimeGrid:None EditorOnly:0 RuntimeOnly:0 HLODRelevant:1
 |   |   |- [+] [ 39]
 |   |   |   |- Guid:C05781A44D7C770E1C0960A3CA1C133F BaseClass: NativeClass:/Script/Landscape.LandscapeStreamingProxy Name:LandscapeStreamingProxy_D7T4VF4LBP34PHV9XOEVM5TIG_1_4_5_0 Label:LandscapeStreamingProxy_4_5_0 SpatiallyLoaded:1 Bounds:IsValid=true, Min=(X=0.000 Y=25200.000 Z=-1997.656), Max=(X=25200.000 Y=50400.000 Z=3178.125) RuntimeGrid:None EditorOnly:0 RuntimeOnly:0 HLODRelevant:1
 |   |   |- [+] [ 40]
 |   |   |   |- Guid:023226F945AE4A9E9DFA8B80242714FF BaseClass: NativeClass:/Script/Landscape.LandscapeStreamingProxy Name:LandscapeStreamingProxy_0AAN6RRTNWWM35OBJESK57R7H_126_1_1_0 Label:LandscapeStreamingProxy_1_1_0 SpatiallyLoaded:1 Bounds:IsValid=true, Min=(X=-11680.000 Y=31370.000 Z=-1658.906), Max=(X=920.000 Y=43970.000 Z=2945.000) RuntimeGrid:None EditorOnly:0 RuntimeOnly:0 HLODRelevant:1
 |   |   |- [+] [ 41]
 |   |   |   |- Guid:7E8DF15942F955BCCAB7DB92DF810682 BaseClass: NativeClass:/Script/Landscape.LandscapeStreamingProxy Name:LandscapeStreamingProxy_D7T4VF4LBP34PHV9XOEVM5TIG_1_6_5_0 Label:LandscapeStreamingProxy_6_5_0 SpatiallyLoaded:1 Bounds:IsValid=true, Min=(X=50400.000 Y=25200.000 Z=-2097.656), Max=(X=75600.000 Y=50400.000 Z=-1833.594) RuntimeGrid:None EditorOnly:0 RuntimeOnly:0 HLODRelevant:1
 |   |   |- [+] [ 42]
 |   |   |   |- Guid:73622D314EE6AC4918FEF390ED1509AD BaseClass: NativeClass:/Script/Water.WaterBodyRiver Name:WaterBodyRiver_UAID_98BB1E1C382828F101_2106770702 Label:WaterBodyRiver2 SpatiallyLoaded:1 Bounds:IsValid=true, Min=(X=7143.819 Y=-18768.726 Z=-256.000), Max=(X=18917.278 Y=43709.220 Z=0.000) RuntimeGrid:None EditorOnly:0 RuntimeOnly:0 HLODRelevant:1
 |   |   |- [+] [ 43]
 |   |   |   |- Guid:82111EBA4245874D247823848B4F1385 BaseClass: NativeClass:/Script/Landscape.LandscapeStreamingProxy Name:LandscapeStreamingProxy_D7T4VF4LBP34PHV9XOEVM5TIG_1_4_3_0 Label:LandscapeStreamingProxy_4_3_0 SpatiallyLoaded:1 Bounds:IsValid=true, Min=(X=0.000 Y=-25200.000 Z=-1997.656), Max=(X=25200.000 Y=0.000 Z=3479.688) RuntimeGrid:None EditorOnly:0 RuntimeOnly:0 HLODRelevant:1
 |   |   |- [+] [ 44]
 |   |   |   |- Guid:9F1FD8B14EFA2FFE8955F0893F732321 BaseClass: NativeClass:/Script/Landscape.LandscapeStreamingProxy Name:LandscapeStreamingProxy_D7T4VF4LBP34PHV9XOEVM5TIG_1_4_2_0 Label:LandscapeStreamingProxy_4_2_0 SpatiallyLoaded:1 Bounds:IsValid=true, Min=(X=0.000 Y=-50400.000 Z=-2097.656), Max=(X=25200.000 Y=-25200.000 Z=-1542.969) RuntimeGrid:None EditorOnly:0 RuntimeOnly:0 HLODRelevant:1
 |- ContainerInstances:
 |- [+] MainContainer:
 |   |-        ID: 0x0000000000000000
 |   |-    Bounds: IsValid=true, Min=(X=-50400.000 Y=-75600.000 Z=-2097.656), Max=(X=100800.000 Y=75600.000 Z=4891.406)
 |   |- Transform: 0.000000,0.000000,0.000000|0.000000,0.000000,-0.000000|1.000000,1.000000,1.000000
 |   |- Container: /Game/Level/Basic
----------------------------------------------------------------------------------------------------------------
Basic - Persistent Level
----------------------------------------------------------------------------------------------------------------
Always loaded Actor Count: 53 

----------------------------------------------------------------------------------------------------------------
Basic - Runtime Spatial Hash - Streaming Grid - MainGrid
----------------------------------------------------------------------------------------------------------------
            Origin: X=0.000 Y=0.000 Z=0.000
         Cell Size: 25600
      World Bounds: IsValid=true, Min=(X=-50400.000 Y=-75600.000 Z=-2097.656), Max=(X=100800.000 Y=75600.000 Z=4891.406)
     Loading Range: 76800.00
Block Slow Loading: No
 ClientOnlyVisible: No

[+] Grid Levels: 4
 |- Level  0: Cell Count   26 | Cell Size   25600 | Actor Count   31 (100.0%)
 |- Level  1: Cell Count    0 | Cell Size   51200 | Actor Count    0 (0.0%)
 |- Level  2: Cell Count    0 | Cell Size  102400 | Actor Count    0 (0.0%)
 |- Level  3: Cell Count    0 | Cell Size  204800 | Actor Count    0 (0.0%)

[+] Content of Grid Level 0
 |- [+] Content of Cell MainGrid_L0_X-1_Y0
 |   |- Actor Count: 4
 |   |- Actor Path: /Game/Level/Basic.Basic:PersistentLevel.LandscapeStreamingProxy_0AAN6RRTNWWM35OBJESK57R7H_126_0_0_0
 |   |- Actor Package: /Game/__ExternalActors__/Level/Basic/0/LO/J5PWDJLKTOT8FAI0RS87NF
 |   |- Actor Path: /Game/Level/Basic.Basic:PersistentLevel.LandscapeStreamingProxy_D7T4VF4LBP34PHV9XOEVM5TIG_1_3_4_0
 |   |- Actor Package: /Game/__ExternalActors__/Level/Basic/2/AP/EV4093T9K0V1VLPVAPUZ6C
 |   |- Actor Path: /Game/Level/Basic.Basic:PersistentLevel.LandscapeStreamingProxy_0AAN6RRTNWWM35OBJESK57R7H_126_1_0_0
 |   |- Actor Package: /Game/__ExternalActors__/Level/Basic/2/PO/1N6BBFBQDA4CYYEPE8RQIX
 |   |- Actor Path: /Game/Level/Basic.Basic:PersistentLevel.BP_Interact_C_UAID_98BB1E1C382825F101_1185736170
 |   |- Actor Package: /Game/__ExternalActors__/Level/Basic/4/JN/IF4FEMP6WK0R1QXOILHBE8
 |- [+] Content of Cell MainGrid_L0_X1_Y0
 |   |- Actor Count: 1
 |   |- Actor Path: /Game/Level/Basic.Basic:PersistentLevel.LandscapeStreamingProxy_D7T4VF4LBP34PHV9XOEVM5TIG_1_5_4_0
 |   |- Actor Package: /Game/__ExternalActors__/Level/Basic/1/GM/2SXN9TYYK7QRVJ26665RWO
 |- [+] Content of Cell MainGrid_L0_X0_Y0
 |   |- Actor Count: 1
 |   |- Actor Path: /Game/Level/Basic.Basic:PersistentLevel.LandscapeStreamingProxy_D7T4VF4LBP34PHV9XOEVM5TIG_1_4_4_0
 |   |- Actor Package: /Game/__ExternalActors__/Level/Basic/1/LP/F7JRJU6Z3KJB1C5L6EX22C
 |- [+] Content of Cell MainGrid_L0_X-1_Y1
 |   |- Actor Count: 3
 |   |- Actor Path: /Game/Level/Basic.Basic:PersistentLevel.LandscapeStreamingProxy_D7T4VF4LBP34PHV9XOEVM5TIG_1_3_5_0
 |   |- Actor Package: /Game/__ExternalActors__/Level/Basic/2/DL/AUJ2YV45R3OGYKSC58XLQR
 |   |- Actor Path: /Game/Level/Basic.Basic:PersistentLevel.LandscapeStreamingProxy_0AAN6RRTNWWM35OBJESK57R7H_126_0_1_0
 |   |- Actor Package: /Game/__ExternalActors__/Level/Basic/9/B0/2ML10C7J1IQLU3PVLJXBV5
 |   |- Actor Path: /Game/Level/Basic.Basic:PersistentLevel.LandscapeStreamingProxy_0AAN6RRTNWWM35OBJESK57R7H_126_1_1_0
 |   |- Actor Package: /Game/__ExternalActors__/Level/Basic/D/HG/YFHHKF1PE2CE9BS466A4RA
 |- [+] Content of Cell MainGrid_L0_X-1_Y-3
 |   |- Actor Count: 1
 |   |- Actor Path: /Game/Level/Basic.Basic:PersistentLevel.LandscapeStreamingProxy_D7T4VF4LBP34PHV9XOEVM5TIG_1_3_1_0
 |   |- Actor Package: /Game/__ExternalActors__/Level/Basic/2/SR/R5XD72641MYA8YKTQMOOXI
 |- [+] Content of Cell MainGrid_L0_X1_Y2
 |   |- Actor Count: 1
 |   |- Actor Path: /Game/Level/Basic.Basic:PersistentLevel.LandscapeStreamingProxy_D7T4VF4LBP34PHV9XOEVM5TIG_1_5_6_0
 |   |- Actor Package: /Game/__ExternalActors__/Level/Basic/3/1W/GRC6YC44MVUEARQ4ANM55A
 |- [+] Content of Cell MainGrid_L0_X-2_Y1
 |   |- Actor Count: 1
 |   |- Actor Path: /Game/Level/Basic.Basic:PersistentLevel.LandscapeStreamingProxy_D7T4VF4LBP34PHV9XOEVM5TIG_1_2_5_0
 |   |- Actor Package: /Game/__ExternalActors__/Level/Basic/4/NA/ZT8U7FMW5E6M1VUU9IEQAR
 |- [+] Content of Cell MainGrid_L0_X-1_Y-2
 |   |- Actor Count: 1
 |   |- Actor Path: /Game/Level/Basic.Basic:PersistentLevel.LandscapeStreamingProxy_D7T4VF4LBP34PHV9XOEVM5TIG_1_3_2_0
 |   |- Actor Package: /Game/__ExternalActors__/Level/Basic/4/TW/MZ8GUW9SXSPROARESGGBR6
 |- [+] Content of Cell MainGrid_L0_X2_Y-1
 |   |- Actor Count: 1
 |   |- Actor Path: /Game/Level/Basic.Basic:PersistentLevel.LandscapeStreamingProxy_D7T4VF4LBP34PHV9XOEVM5TIG_1_6_3_0
 |   |- Actor Package: /Game/__ExternalActors__/Level/Basic/6/M4/SIWR7E2Z87N9M6S8S4Z2IV
 |- [+] Content of Cell MainGrid_L0_X1_Y-2
 |   |- Actor Count: 1
 |   |- Actor Path: /Game/Level/Basic.Basic:PersistentLevel.LandscapeStreamingProxy_D7T4VF4LBP34PHV9XOEVM5TIG_1_5_2_0
 |   |- Actor Package: /Game/__ExternalActors__/Level/Basic/7/9H/Y6E8W9Q50OT7BOXBLKO57N
 |- [+] Content of Cell MainGrid_L0_X-1_Y-1
 |   |- Actor Count: 1
 |   |- Actor Path: /Game/Level/Basic.Basic:PersistentLevel.LandscapeStreamingProxy_D7T4VF4LBP34PHV9XOEVM5TIG_1_3_3_0
 |   |- Actor Package: /Game/__ExternalActors__/Level/Basic/8/6X/1DJU97ASAVRRX14CZKGE6I
 |- [+] Content of Cell MainGrid_L0_X0_Y2
 |   |- Actor Count: 1
 |   |- Actor Path: /Game/Level/Basic.Basic:PersistentLevel.LandscapeStreamingProxy_D7T4VF4LBP34PHV9XOEVM5TIG_1_4_6_0
 |   |- Actor Package: /Game/__ExternalActors__/Level/Basic/8/DY/JRKDZL33WIM6ZC9RIMF1UQ
 |- [+] Content of Cell MainGrid_L0_X1_Y-3
 |   |- Actor Count: 1
 |   |- Actor Path: /Game/Level/Basic.Basic:PersistentLevel.LandscapeStreamingProxy_D7T4VF4LBP34PHV9XOEVM5TIG_1_5_1_0
 |   |- Actor Package: /Game/__ExternalActors__/Level/Basic/8/JK/19IJ6Q7VVBCW3SAQYNL106
 |- [+] Content of Cell MainGrid_L0_X1_Y-1
 |   |- Actor Count: 1
 |   |- Actor Path: /Game/Level/Basic.Basic:PersistentLevel.LandscapeStreamingProxy_D7T4VF4LBP34PHV9XOEVM5TIG_1_5_3_0
 |   |- Actor Package: /Game/__ExternalActors__/Level/Basic/9/WC/CKDRQGDFS12649EKVRGF95
 |- [+] Content of Cell MainGrid_L0_X-2_Y2
 |   |- Actor Count: 1
 |   |- Actor Path: /Game/Level/Basic.Basic:PersistentLevel.LandscapeStreamingProxy_D7T4VF4LBP34PHV9XOEVM5TIG_1_2_6_0
 |   |- Actor Package: /Game/__ExternalActors__/Level/Basic/A/8P/2AMBOIKLNOW826IQ7R6890
 |- [+] Content of Cell MainGrid_L0_X3_Y1
 |   |- Actor Count: 1
 |   |- Actor Path: /Game/Level/Basic.Basic:PersistentLevel.LandscapeStreamingProxy_D7T4VF4LBP34PHV9XOEVM5TIG_1_7_5_0
 |   |- Actor Package: /Game/__ExternalActors__/Level/Basic/A/A3/8H86PR540W5FKKFQGMSX48
 |- [+] Content of Cell MainGrid_L0_X1_Y1
 |   |- Actor Count: 1
 |   |- Actor Path: /Game/Level/Basic.Basic:PersistentLevel.LandscapeStreamingProxy_D7T4VF4LBP34PHV9XOEVM5TIG_1_5_5_0
 |   |- Actor Package: /Game/__ExternalActors__/Level/Basic/A/AN/BE1G8NBVU0GT3EUNMQ3XSL
 |- [+] Content of Cell MainGrid_L0_X2_Y-2
 |   |- Actor Count: 1
 |   |- Actor Path: /Game/Level/Basic.Basic:PersistentLevel.LandscapeStreamingProxy_D7T4VF4LBP34PHV9XOEVM5TIG_1_6_2_0
 |   |- Actor Package: /Game/__ExternalActors__/Level/Basic/A/BD/N9RQGOMVU2BH8C6693XPI3
 |- [+] Content of Cell MainGrid_L0_X-1_Y2
 |   |- Actor Count: 1
 |   |- Actor Path: /Game/Level/Basic.Basic:PersistentLevel.LandscapeStreamingProxy_D7T4VF4LBP34PHV9XOEVM5TIG_1_3_6_0
 |   |- Actor Package: /Game/__ExternalActors__/Level/Basic/A/HP/R31SKEL1DVKP16BQPBH2FR
 |- [+] Content of Cell MainGrid_L0_X0_Y-3
 |   |- Actor Count: 1
 |   |- Actor Path: /Game/Level/Basic.Basic:PersistentLevel.LandscapeStreamingProxy_D7T4VF4LBP34PHV9XOEVM5TIG_1_4_1_0
 |   |- Actor Package: /Game/__ExternalActors__/Level/Basic/B/O6/NSEIAMHL4YRRYVTLWURIOC
 |- [+] Content of Cell MainGrid_L0_X2_Y0
 |   |- Actor Count: 1
 |   |- Actor Path: /Game/Level/Basic.Basic:PersistentLevel.LandscapeStreamingProxy_D7T4VF4LBP34PHV9XOEVM5TIG_1_6_4_0
 |   |- Actor Package: /Game/__ExternalActors__/Level/Basic/C/0D/PSRKYS618DWNORZI4YOID3
 |- [+] Content of Cell MainGrid_L0_X3_Y2
 |   |- Actor Count: 1
 |   |- Actor Path: /Game/Level/Basic.Basic:PersistentLevel.LandscapeStreamingProxy_D7T4VF4LBP34PHV9XOEVM5TIG_1_7_6_0
 |   |- Actor Package: /Game/__ExternalActors__/Level/Basic/C/IM/9YY49ALF5XZ2ZCP0Q9AIBJ
 |- [+] Content of Cell MainGrid_L0_X0_Y1
 |   |- Actor Count: 1
 |   |- Actor Path: /Game/Level/Basic.Basic:PersistentLevel.LandscapeStreamingProxy_D7T4VF4LBP34PHV9XOEVM5TIG_1_4_5_0
 |   |- Actor Package: /Game/__ExternalActors__/Level/Basic/D/F3/WCQ5ZA6HU7XWJS0H67CTVJ
 |- [+] Content of Cell MainGrid_L0_X2_Y1
 |   |- Actor Count: 1
 |   |- Actor Path: /Game/Level/Basic.Basic:PersistentLevel.LandscapeStreamingProxy_D7T4VF4LBP34PHV9XOEVM5TIG_1_6_5_0
 |   |- Actor Package: /Game/__ExternalActors__/Level/Basic/D/KC/M28ET5LFNZ2P7OKXONALQ7
 |- [+] Content of Cell MainGrid_L0_X0_Y-1
 |   |- Actor Count: 1
 |   |- Actor Path: /Game/Level/Basic.Basic:PersistentLevel.LandscapeStreamingProxy_D7T4VF4LBP34PHV9XOEVM5TIG_1_4_3_0
 |   |- Actor Package: /Game/__ExternalActors__/Level/Basic/E/ON/ATC27O7PPACDU9GRYLC1IS
 |- [+] Content of Cell MainGrid_L0_X0_Y-2
 |   |- Actor Count: 1
 |   |- Actor Path: /Game/Level/Basic.Basic:PersistentLevel.LandscapeStreamingProxy_D7T4VF4LBP34PHV9XOEVM5TIG_1_4_2_0
 |   |- Actor Package: /Game/__ExternalActors__/Level/Basic/E/ZU/NU4718ZSBFE30XVQWMW96O
[+] Content of Grid Level 1
[+] Content of Grid Level 2
[+] Content of Grid Level 3

